2023-10-18 13:03:59,770 [INFO] Activator:176 - 


2023-10-18 13:03:59,775 [INFO] Activator:177 - !SESSION log4j initialized
2023-10-18 13:04:06,377 [INFO] LogOutputStream:77 - [STDOUT_REDIRECT] 
2023-10-18 13:04:15,932 [INFO] ApplicationProperties:184 - Using Application install path: /opt/st/stm32cubeide_1.13.0/../../../home/hendri/.eclipse/com.st.stm32cube.ide.mcu.rcp.product_1.13.0_139062291_linux_gtk_x86_64/plugins/com.st.stm32cube.common.mx_6.9.1.202307191849
2023-10-18 13:04:15,953 [INFO] DbMcusXml:78 - Set database path to: /opt/st/stm32cubeide_1.13.0/../../../home/hendri/.eclipse/com.st.stm32cube.ide.mcu.rcp.product_1.13.0_139062291_linux_gtk_x86_64/plugins/com.st.stm32cube.common.mx_6.9.1.202307191849//db//mcu/
2023-10-18 13:04:15,953 [INFO] ApiDb:274 - Set plugin database path to: /opt/st/stm32cubeide_1.13.0/../../../home/hendri/.eclipse/com.st.stm32cube.ide.mcu.rcp.product_1.13.0_139062291_linux_gtk_x86_64/plugins/com.st.stm32cube.common.mx_6.9.1.202307191849//db//plugins/boardmanager/
2023-10-18 13:04:15,954 [WARN] ApiDb:259 - Overriding images path with different value:  => /opt/st/stm32cubeide_1.13.0/../../../home/hendri/.eclipse/com.st.stm32cube.ide.mcu.rcp.product_1.13.0_139062291_linux_gtk_x86_64/plugins/com.st.stm32cube.common.mx_6.9.1.202307191849//db//plugins/mcufinder/images/
2023-10-18 13:04:15,964 [INFO] ApiDb:250 - Set database path to: /home/hendri/.stmcufinder/plugins/mcufinder//mcu/
2023-10-18 13:04:15,965 [INFO] DbMcusAds:125 - Set database path to: /home/hendri/.stmcufinder/plugins/mcufinder//mcu/
2023-10-18 13:04:15,968 [INFO] CrossReferenceDbSqlite:203 - Set database path to: /home/hendri/.stmcufinder/plugins/mcufinder//mcu/cs/
2023-10-18 13:04:16,094 [INFO] RulesReader:64 - Compatibility file has been processed (293 Rules)
2023-10-18 13:04:16,174 [INFO] DbMcusXml:78 - Set database path to: /opt/st/stm32cubeide_1.13.0/../../../home/hendri/.eclipse/com.st.stm32cube.ide.mcu.rcp.product_1.13.0_139062291_linux_gtk_x86_64/plugins/com.st.stm32cube.common.mx_6.9.1.202307191849//db//mcu/
2023-10-18 13:04:16,174 [INFO] ApiDb:274 - Set plugin database path to: /opt/st/stm32cubeide_1.13.0/../../../home/hendri/.eclipse/com.st.stm32cube.ide.mcu.rcp.product_1.13.0_139062291_linux_gtk_x86_64/plugins/com.st.stm32cube.common.mx_6.9.1.202307191849//db//plugins/boardmanager/
2023-10-18 13:04:16,175 [INFO] ApiDb:261 - Set plugin images path to: /opt/st/stm32cubeide_1.13.0/../../../home/hendri/.eclipse/com.st.stm32cube.ide.mcu.rcp.product_1.13.0_139062291_linux_gtk_x86_64/plugins/com.st.stm32cube.common.mx_6.9.1.202307191849//db//plugins/mcufinder/images/
2023-10-18 13:04:16,175 [WARN] DbFile:41 - Overriding database path with different value: /home/hendri/.stmcufinder/plugins/mcufinder/ => /home/hendri/.stmcufinder/plugins/mcufinder
2023-10-18 13:04:16,175 [INFO] ApiDb:250 - Set database path to: /home/hendri/.stmcufinder/plugins/mcufinder//mcu/
2023-10-18 13:04:16,175 [WARN] DbFile:41 - Overriding database path with different value: /home/hendri/.stmcufinder/plugins/mcufinder/ => /home/hendri/.stmcufinder/plugins/mcufinder
2023-10-18 13:04:16,175 [INFO] DbMcusAds:125 - Set database path to: /home/hendri/.stmcufinder/plugins/mcufinder//mcu/
2023-10-18 13:04:16,175 [WARN] DbFile:41 - Overriding database path with different value: /home/hendri/.stmcufinder/plugins/mcufinder/ => /home/hendri/.stmcufinder/plugins/mcufinder
2023-10-18 13:04:16,175 [WARN] DbFile:41 - Overriding database path with different value: /home/hendri/.stmcufinder/plugins/mcufinder/ => /home/hendri/.stmcufinder/plugins/mcufinder
2023-10-18 13:04:16,176 [INFO] CrossReferenceDbSqlite:203 - Set database path to: /home/hendri/.stmcufinder/plugins/mcufinder//mcu/cs/
2023-10-18 13:04:16,257 [INFO] MainPanel:262 - HeapMemory: 475004928
2023-10-18 13:04:16,363 [INFO] DbMcusXml:78 - Set database path to: /opt/st/stm32cubeide_1.13.0/../../../home/hendri/.eclipse/com.st.stm32cube.ide.mcu.rcp.product_1.13.0_139062291_linux_gtk_x86_64/plugins/com.st.stm32cube.common.mx_6.9.1.202307191849//db//mcu/
2023-10-18 13:04:16,363 [INFO] ApiDb:274 - Set plugin database path to: /opt/st/stm32cubeide_1.13.0/../../../home/hendri/.eclipse/com.st.stm32cube.ide.mcu.rcp.product_1.13.0_139062291_linux_gtk_x86_64/plugins/com.st.stm32cube.common.mx_6.9.1.202307191849//db//plugins/boardmanager/
2023-10-18 13:04:16,363 [INFO] ApiDb:261 - Set plugin images path to: /opt/st/stm32cubeide_1.13.0/../../../home/hendri/.eclipse/com.st.stm32cube.ide.mcu.rcp.product_1.13.0_139062291_linux_gtk_x86_64/plugins/com.st.stm32cube.common.mx_6.9.1.202307191849//db//plugins/mcufinder/images/
2023-10-18 13:04:16,364 [WARN] DbFile:41 - Overriding database path with different value: /home/hendri/.stmcufinder/plugins/mcufinder/ => /home/hendri/.stmcufinder/plugins/mcufinder
2023-10-18 13:04:16,364 [INFO] ApiDb:250 - Set database path to: /home/hendri/.stmcufinder/plugins/mcufinder//mcu/
2023-10-18 13:04:16,364 [WARN] DbFile:41 - Overriding database path with different value: /home/hendri/.stmcufinder/plugins/mcufinder/ => /home/hendri/.stmcufinder/plugins/mcufinder
2023-10-18 13:04:16,364 [INFO] DbMcusAds:125 - Set database path to: /home/hendri/.stmcufinder/plugins/mcufinder//mcu/
2023-10-18 13:04:16,364 [WARN] DbFile:41 - Overriding database path with different value: /home/hendri/.stmcufinder/plugins/mcufinder/ => /home/hendri/.stmcufinder/plugins/mcufinder
2023-10-18 13:04:16,364 [WARN] DbFile:41 - Overriding database path with different value: /home/hendri/.stmcufinder/plugins/mcufinder/ => /home/hendri/.stmcufinder/plugins/mcufinder
2023-10-18 13:04:16,364 [INFO] CrossReferenceDbSqlite:203 - Set database path to: /home/hendri/.stmcufinder/plugins/mcufinder//mcu/cs/
2023-10-18 13:04:16,382 [INFO] ApplicationProperties:184 - Using Application install path: /opt/st/stm32cubeide_1.13.0/../../../home/hendri/.eclipse/com.st.stm32cube.ide.mcu.rcp.product_1.13.0_139062291_linux_gtk_x86_64/plugins/com.st.stm32cube.common.mx_6.9.1.202307191849
2023-10-18 13:04:16,384 [INFO] PluginManage:196 - Search for loadable plugins [exclusion list=, ]
2023-10-18 13:04:16,385 [INFO] PluginManage:310 - Check plugin analytics
2023-10-18 13:04:16,544 [INFO] AnalyticsPlugin:253 - Accepted Software Licenses: 
2023-10-18 13:04:16,545 [INFO] AnalyticsPlugin:255 - Accepted CMSIS Pack Licenses: 
2023-10-18 13:04:16,545 [INFO] AnalyticsPlugin:257 - Accepted Firmware Licenses: FW.F4.1.27.0,FW.H7.1.10.0,FW.F7.1.17.0,FW.H7.1.11.0
2023-10-18 13:04:16,547 [INFO] PluginManage:359 - Loaded plugin analytics (category:tool,tabindex:-1)
2023-10-18 13:04:16,548 [INFO] PluginManage:310 - Check plugin cadmodel
2023-10-18 13:04:16,583 [INFO] CADModel:105 - Init CAD model plugin
2023-10-18 13:04:16,583 [INFO] PluginManage:359 - Loaded plugin cadmodel (category:power,tabindex:5)
2023-10-18 13:04:16,583 [INFO] PluginManage:310 - Check plugin clock
2023-10-18 13:04:16,593 [INFO] PluginManage:359 - Loaded plugin clock (category:base,tabindex:2)
2023-10-18 13:04:16,593 [INFO] PluginManage:310 - Check plugin ddr
2023-10-18 13:04:16,595 [INFO] PluginManage:359 - Loaded plugin ddr (category:tool,tabindex:6)
2023-10-18 13:04:16,595 [INFO] PluginManage:310 - Check plugin filemanager
2023-10-18 13:04:16,731 [INFO] PluginManage:359 - Loaded plugin filemanager (category:base,tabindex:10)
2023-10-18 13:04:16,731 [INFO] PluginManage:310 - Check plugin ipmanager
2023-10-18 13:04:16,737 [INFO] PluginManage:359 - Loaded plugin ipmanager (category:base,tabindex:5)
2023-10-18 13:04:16,737 [INFO] PluginManage:310 - Check plugin lpbam
2023-10-18 13:04:16,747 [INFO] PluginManage:359 - Loaded plugin lpbam (category:base,tabindex:0)
2023-10-18 13:04:16,747 [INFO] PluginManage:310 - Check plugin memorymap
2023-10-18 13:04:16,759 [INFO] PluginManage:359 - Loaded plugin memorymap (category:base,tabindex:4)
2023-10-18 13:04:16,759 [INFO] PluginManage:310 - Check plugin pinoutandconfiguration
2023-10-18 13:04:16,766 [INFO] PluginManage:359 - Loaded plugin pinoutandconfiguration (category:base,tabindex:1)
2023-10-18 13:04:16,767 [INFO] PluginManage:310 - Check plugin pinoutconfig
2023-10-18 13:04:16,859 [WARN] SupportedApi:132 - Cannot load RTOS API schema: s4s-elt-must-match.1: The content of 'definitions' must match (annotation?, (simpleType | complexType)?, (unique | key | keyref)*)). A problem was found starting at: attribute.
2023-10-18 13:04:17,016 [INFO] PluginManage:359 - Loaded plugin pinoutconfig (category:base,tabindex:0)
2023-10-18 13:04:17,017 [INFO] PluginManage:310 - Check plugin power
2023-10-18 13:04:17,027 [INFO] PluginManage:359 - Loaded plugin power (category:power,tabindex:4)
2023-10-18 13:04:17,028 [INFO] PluginManage:310 - Check plugin projectmanager
2023-10-18 13:04:17,043 [INFO] PluginManage:359 - Loaded plugin projectmanager (category:projectmanager,tabindex:3)
2023-10-18 13:04:17,043 [INFO] PluginManage:310 - Check plugin thirdparty
2023-10-18 13:04:17,174 [INFO] PluginManage:359 - Loaded plugin thirdparty (category:base,tabindex:-1)
2023-10-18 13:04:17,174 [WARN] IntegrityCheckThread:84 - waiting for thirdparty lock release [integrity check]
2023-10-18 13:04:17,174 [INFO] IntegrityCheckThread:86 - entering critical section [integrity check]
2023-10-18 13:04:17,174 [INFO] PluginManage:310 - Check plugin tools
2023-10-18 13:04:17,175 [INFO] ThirdPartyUpdaterWithRetryManager:70 - Updater plugin not ready yet. [1/15]
2023-10-18 13:04:17,176 [INFO] PluginManage:359 - Loaded plugin tools (category:base,tabindex:7)
2023-10-18 13:04:17,177 [INFO] PluginManage:310 - Check plugin tutovideos
2023-10-18 13:04:17,358 [INFO] PluginManage:359 - Loaded plugin tutovideos (category:base,tabindex:-1)
2023-10-18 13:04:17,358 [INFO] PluginManage:310 - Check plugin updater
2023-10-18 13:04:17,369 [INFO] PluginManage:359 - Loaded plugin updater (category:base,tabindex:12)
2023-10-18 13:04:17,369 [INFO] PluginManage:310 - Check plugin userauth
2023-10-18 13:04:17,375 [INFO] UserAuth:113 - Init User Auth plugin
2023-10-18 13:04:17,375 [INFO] PluginManage:359 - Loaded plugin userauth (category:base,tabindex:14)
2023-10-18 13:04:17,375 [INFO] PluginManage:283 - PluginManage : Loaded plugins [17]
2023-10-18 13:04:17,776 [INFO] PinOutPanel:1499 - setPackage(No Configuration,No Configuration)
2023-10-18 13:04:17,872 [INFO] CADModel:165 - CPN selected for project level
2023-10-18 13:04:17,873 [INFO] CADModel:114 - Register for checkConnection events
2023-10-18 13:04:17,883 [INFO] IPUIPlugin:80 - create IPUIPlugin
2023-10-18 13:04:17,884 [INFO] PluginManager:220 - loadIPPluginJar : add genericplugin
2023-10-18 13:04:17,885 [INFO] IPUIPlugin:80 - create IPUIPlugin
2023-10-18 13:04:17,885 [INFO] PluginManager:220 - loadIPPluginJar : add ltdc
2023-10-18 13:04:17,889 [INFO] IPUIPlugin:80 - create IPUIPlugin
2023-10-18 13:04:17,890 [INFO] PluginManager:220 - loadIPPluginJar : add gpio
2023-10-18 13:04:17,891 [INFO] IPUIPlugin:80 - create IPUIPlugin
2023-10-18 13:04:17,891 [INFO] PluginManager:220 - loadIPPluginJar : add comp
2023-10-18 13:04:17,896 [INFO] IPUIPlugin:80 - create IPUIPlugin
2023-10-18 13:04:17,896 [INFO] PluginManager:220 - loadIPPluginJar : add spi
2023-10-18 13:04:17,898 [INFO] IPUIPlugin:80 - create IPUIPlugin
2023-10-18 13:04:17,898 [INFO] PluginManager:220 - loadIPPluginJar : add usart
2023-10-18 13:04:17,904 [INFO] IPUIPlugin:80 - create IPUIPlugin
2023-10-18 13:04:17,906 [INFO] PluginManager:220 - loadIPPluginJar : add plateformsettings
2023-10-18 13:04:17,908 [INFO] IPUIPlugin:80 - create IPUIPlugin
2023-10-18 13:04:17,908 [INFO] PluginManager:220 - loadIPPluginJar : add fatfs
2023-10-18 13:04:17,910 [INFO] IPUIPlugin:80 - create IPUIPlugin
2023-10-18 13:04:17,910 [INFO] PluginManager:220 - loadIPPluginJar : add can
2023-10-18 13:04:17,914 [INFO] IPUIPlugin:80 - create IPUIPlugin
2023-10-18 13:04:17,915 [INFO] PluginManager:220 - loadIPPluginJar : add resmgrutility
2023-10-18 13:04:17,921 [INFO] IPUIPlugin:80 - create IPUIPlugin
2023-10-18 13:04:17,921 [INFO] PluginManager:220 - loadIPPluginJar : add linkedlist
2023-10-18 13:04:17,923 [INFO] IPUIPlugin:80 - create IPUIPlugin
2023-10-18 13:04:17,924 [INFO] PluginManager:220 - loadIPPluginJar : add usbx
2023-10-18 13:04:17,925 [INFO] IPUIPlugin:80 - create IPUIPlugin
2023-10-18 13:04:17,926 [INFO] PluginManager:220 - loadIPPluginJar : add dfsdm
2023-10-18 13:04:17,927 [INFO] IPUIPlugin:80 - create IPUIPlugin
2023-10-18 13:04:17,927 [INFO] PluginManager:220 - loadIPPluginJar : add tsc
2023-10-18 13:04:17,929 [INFO] IPUIPlugin:80 - create IPUIPlugin
2023-10-18 13:04:17,929 [INFO] PluginManager:220 - loadIPPluginJar : add quadspi
2023-10-18 13:04:17,933 [INFO] IPUIPlugin:80 - create IPUIPlugin
2023-10-18 13:04:17,934 [INFO] PluginManager:220 - loadIPPluginJar : add stm32_wpan
2023-10-18 13:04:17,936 [INFO] IPUIPlugin:80 - create IPUIPlugin
2023-10-18 13:04:17,937 [INFO] PluginManager:220 - loadIPPluginJar : add touchsensing
2023-10-18 13:04:17,939 [INFO] IPUIPlugin:80 - create IPUIPlugin
2023-10-18 13:04:17,939 [INFO] PluginManager:220 - loadIPPluginJar : add opamp
2023-10-18 13:04:17,940 [INFO] IPUIPlugin:80 - create IPUIPlugin
2023-10-18 13:04:17,940 [INFO] PluginManager:220 - loadIPPluginJar : add tim
2023-10-18 13:04:17,945 [INFO] IPUIPlugin:80 - create IPUIPlugin
2023-10-18 13:04:17,946 [INFO] PluginManager:220 - loadIPPluginJar : add freertos
2023-10-18 13:04:17,949 [INFO] IPUIPlugin:80 - create IPUIPlugin
2023-10-18 13:04:17,949 [INFO] PluginManager:220 - loadIPPluginJar : add nvic
2023-10-18 13:04:17,950 [INFO] IPUIPlugin:80 - create IPUIPlugin
2023-10-18 13:04:17,950 [INFO] PluginManager:220 - loadIPPluginJar : add ts
2023-10-18 13:04:17,954 [INFO] IPUIPlugin:80 - create IPUIPlugin
2023-10-18 13:04:17,954 [INFO] PluginManager:220 - loadIPPluginJar : add fmc
2023-10-18 13:04:17,956 [INFO] IPUIPlugin:80 - create IPUIPlugin
2023-10-18 13:04:17,956 [INFO] PluginManager:220 - loadIPPluginJar : add ipddr
2023-10-18 13:04:17,962 [INFO] IPUIPlugin:80 - create IPUIPlugin
2023-10-18 13:04:17,962 [INFO] PluginManager:220 - loadIPPluginJar : add mdma
2023-10-18 13:04:17,964 [INFO] IPUIPlugin:80 - create IPUIPlugin
2023-10-18 13:04:17,964 [INFO] PluginManager:220 - loadIPPluginJar : add ucpd
2023-10-18 13:04:17,966 [INFO] IPUIPlugin:80 - create IPUIPlugin
2023-10-18 13:04:17,966 [INFO] PluginManager:220 - loadIPPluginJar : add lorawan
2023-10-18 13:04:17,968 [INFO] IPUIPlugin:80 - create IPUIPlugin
2023-10-18 13:04:17,968 [INFO] PluginManager:220 - loadIPPluginJar : add i2c
2023-10-18 13:04:17,970 [INFO] IPUIPlugin:80 - create IPUIPlugin
2023-10-18 13:04:17,970 [INFO] PluginManager:220 - loadIPPluginJar : add aes
2023-10-18 13:04:17,971 [INFO] IPUIPlugin:80 - create IPUIPlugin
2023-10-18 13:04:17,972 [INFO] PluginManager:220 - loadIPPluginJar : add tracer_emb
2023-10-18 13:04:17,974 [INFO] IPUIPlugin:80 - create IPUIPlugin
2023-10-18 13:04:17,974 [INFO] PluginManager:220 - loadIPPluginJar : add sai
2023-10-18 13:04:17,976 [INFO] IPUIPlugin:80 - create IPUIPlugin
2023-10-18 13:04:17,976 [INFO] PluginManager:220 - loadIPPluginJar : add hash
2023-10-18 13:04:17,977 [INFO] IPUIPlugin:80 - create IPUIPlugin
2023-10-18 13:04:17,978 [INFO] PluginManager:220 - loadIPPluginJar : add i2s
2023-10-18 13:04:17,979 [INFO] IPUIPlugin:80 - create IPUIPlugin
2023-10-18 13:04:17,979 [INFO] PluginManager:220 - loadIPPluginJar : add cryp
2023-10-18 13:04:17,982 [INFO] IPUIPlugin:80 - create IPUIPlugin
2023-10-18 13:04:17,982 [INFO] PluginManager:220 - loadIPPluginJar : add gtzc
2023-10-18 13:04:17,984 [INFO] IPUIPlugin:80 - create IPUIPlugin
2023-10-18 13:04:17,984 [INFO] PluginManager:220 - loadIPPluginJar : add dma3
2023-10-18 13:04:17,986 [INFO] IPUIPlugin:80 - create IPUIPlugin
2023-10-18 13:04:17,986 [INFO] PluginManager:220 - loadIPPluginJar : add pdm2pcm
2023-10-18 13:04:17,991 [INFO] IPUIPlugin:80 - create IPUIPlugin
2023-10-18 13:04:17,991 [INFO] PluginManager:220 - loadIPPluginJar : add adc
2023-10-18 13:04:17,993 [INFO] IPUIPlugin:80 - create IPUIPlugin
2023-10-18 13:04:17,993 [INFO] PluginManager:220 - loadIPPluginJar : add gfxmmu
2023-10-18 13:04:17,998 [INFO] IPUIPlugin:80 - create IPUIPlugin
2023-10-18 13:04:17,998 [INFO] PluginManager:220 - loadIPPluginJar : add dma
2023-10-18 13:04:18,002 [INFO] IPUIPlugin:80 - create IPUIPlugin
2023-10-18 13:04:18,003 [INFO] PluginManager:220 - loadIPPluginJar : add gic
2023-10-18 13:04:18,005 [INFO] IPUIPlugin:80 - create IPUIPlugin
2023-10-18 13:04:18,005 [INFO] PluginManager:220 - loadIPPluginJar : add i3c
2023-10-18 13:04:18,007 [INFO] IPUIPlugin:80 - create IPUIPlugin
2023-10-18 13:04:18,007 [INFO] PluginManager:220 - loadIPPluginJar : add openamp
2023-10-18 13:04:18,116 [INFO] CADModel:165 - CPN selected for project level
2023-10-18 13:04:18,117 [INFO] CADModel:114 - Register for checkConnection events
2023-10-18 13:04:18,117 [FATAL] Updater:308 - Updater called before beeing initialized
2023-10-18 13:04:18,117 [ERROR] CADModel:125 - Updater not yet initialized, retry later 
2023-10-18 13:04:18,295 [INFO] CADModel:165 - CPN selected for project level
2023-10-18 13:04:18,295 [INFO] CADModel:114 - Register for checkConnection events
2023-10-18 13:04:18,295 [FATAL] Updater:308 - Updater called before beeing initialized
2023-10-18 13:04:18,295 [ERROR] CADModel:125 - Updater not yet initialized, retry later 
2023-10-18 13:04:18,305 [FATAL] Updater:308 - Updater called before beeing initialized
2023-10-18 13:04:18,411 [FATAL] Updater:308 - Updater called before beeing initialized
2023-10-18 13:04:18,417 [INFO] DbMcusAds:53 - JSON generation date=Tue Mar 07 15:50:55 WIB 2023 (1678179055114)
2023-10-18 13:04:18,418 [FATAL] Updater:308 - Updater called before beeing initialized
2023-10-18 13:04:18,466 [WARN] DetailPanel:346 - Failed to get advertising image, set to default
2023-10-18 13:04:18,600 [FATAL] Updater:308 - Updater called before beeing initialized
2023-10-18 13:04:18,602 [FATAL] Updater:308 - Updater called before beeing initialized
2023-10-18 13:04:18,602 [FATAL] Updater:308 - Updater called before beeing initialized
2023-10-18 13:04:18,602 [WARN] DetailPanel:346 - Failed to get advertising image, set to default
2023-10-18 13:04:18,603 [FATAL] Updater:308 - Updater called before beeing initialized
2023-10-18 13:04:18,638 [ERROR] Updater:1120 - MainUpdater not yet initialized. External WinMGr cannot be set.
2023-10-18 13:04:18,640 [INFO] Updater:1056 - Updater Version found : 6.9.1
2023-10-18 13:04:18,663 [INFO] ApplicationProperties:184 - Using Application install path: /opt/st/stm32cubeide_1.13.0/../../../home/hendri/.eclipse/com.st.stm32cube.ide.mcu.rcp.product_1.13.0_139062291_linux_gtk_x86_64/plugins/com.st.stm32cube.common.mx_6.9.1.202307191849
2023-10-18 13:04:18,886 [INFO] MainUpdater:2868 - connection check result : 10
2023-10-18 13:04:18,888 [INFO] MainUpdater:285 - Updater Check For Update Now.
2023-10-18 13:04:18,888 [INFO] MicroXplorer:498 - Change Database Version : DB.6.0.91
2023-10-18 13:04:18,895 [INFO] McuFinderGlobals:63 - Set McuFinder mode to 2 (CubeIDE integrated)
2023-10-18 13:04:18,895 [INFO] UserAuth:179 - activating auth plugin
2023-10-18 13:04:18,899 [INFO] UserAuth:393 - Internet connection configuration mode: 1
2023-10-18 13:04:18,917 [INFO] JxBrowserEngine:151 - Initiate JxBrowser Engine with user profile folder
2023-10-18 13:04:19,096 [INFO] CheckServerUpdateThread:120 - End of CheckServer Thread
2023-10-18 13:04:19,880 [INFO] WebApp:157 - Instantiating new browser for Auth
2023-10-18 13:04:20,365 [WARN] PackLoader:240 - Cannot read IP mode file for STMicroelectronics.X-CUBE-SMBUS.2.1.0
2023-10-18 13:04:20,420 [WARN] PackLoader:240 - Cannot read IP mode file for STMicroelectronics.X-CUBE-AZRTOS-F7.1.1.0
2023-10-18 13:04:20,437 [WARN] PackLoader:240 - Cannot read IP mode file for STMicroelectronics.FP-SNS-MOTENV1.4.3.2
2023-10-18 13:04:20,448 [WARN] PackLoader:240 - Cannot read IP mode file for STMicroelectronics.FP-SNS-FLIGHT1.5.0.1
2023-10-18 13:04:20,458 [WARN] PackLoader:240 - Cannot read IP mode file for STMicroelectronics.X-CUBE-BLE1.6.2.3
2023-10-18 13:04:20,465 [WARN] PackLoader:240 - Cannot read IP mode file for STMicroelectronics.X-CUBE-BLE1.6.2.4
2023-10-18 13:04:20,470 [WARN] PackLoader:240 - Cannot read IP mode file for STMicroelectronics.FP-SNS-FLIGHT1.5.0.2
2023-10-18 13:04:20,481 [WARN] PackLoader:240 - Cannot read IP mode file for STMicroelectronics.X-CUBE-DISPLAY.3.0.0
2023-10-18 13:04:20,494 [WARN] PackLoader:240 - Cannot read IP mode file for STMicroelectronics.X-CUBE-BLE1.7.0.0
2023-10-18 13:04:20,501 [WARN] PackLoader:240 - Cannot read IP mode file for emotas.I-CUBE-CANOPEN.1.3.0
2023-10-18 13:04:20,506 [WARN] PackLoader:240 - Cannot read IP mode file for STMicroelectronics.X-CUBE-TOUCHGFX.4.22.0
2023-10-18 13:04:20,509 [WARN] PackLoader:240 - Cannot read IP mode file for STMicroelectronics.X-CUBE-TOUCHGFX.4.22.1
2023-10-18 13:04:20,584 [WARN] PackLoader:240 - Cannot read IP mode file for STMicroelectronics.X-CUBE-MEMS1.9.3.0
2023-10-18 13:04:20,741 [INFO] WebApp:753 - Register for checkConnection events
2023-10-18 13:04:20,741 [INFO] WebApp:390 - Apply proxy settings
2023-10-18 13:04:20,742 [INFO] WebApp:475 - Chromium requires no authentication
2023-10-18 13:04:20,752 [INFO] WebApp:418 - Direct internet connection detected
2023-10-18 13:04:20,781 [WARN] PackLoader:240 - Cannot read IP mode file for STMicroelectronics.FP-SNS-SMARTAG2.1.2.0
2023-10-18 13:04:20,796 [INFO] LogOutputStream:77 - [STDOUT_REDIRECT] 1 : Invalid condition id : UX_CORESTACK_Condition cause : null
2023-10-18 13:04:20,797 [INFO] LogOutputStream:77 - [STDOUT_REDIRECT] 1 : Invalid condition id : UX_CORESTACK_Condition cause : null
2023-10-18 13:04:20,797 [INFO] LogOutputStream:77 - [STDOUT_REDIRECT] 1 : Invalid condition id : UX_CORESTACK_Condition cause : null
2023-10-18 13:04:20,798 [INFO] LogOutputStream:77 - [STDOUT_REDIRECT] 1 : Invalid condition id : UX_CORESTACK_Condition cause : null
2023-10-18 13:04:20,799 [INFO] LogOutputStream:77 - [STDOUT_REDIRECT] 1 : Invalid condition id : UX_CORESTACK_Condition cause : null
2023-10-18 13:04:20,804 [WARN] PackLoader:240 - Cannot read IP mode file for STMicroelectronics.X-CUBE-AZRTOS-WL.2.0.0
2023-10-18 13:04:20,815 [WARN] PackLoader:240 - Cannot read IP mode file for WES.I-CUBE-Cesium.1.3.0
2023-10-18 13:04:20,821 [WARN] PackLoader:240 - Cannot read IP mode file for STMicroelectronics.X-CUBE-BLE2.3.3.0
2023-10-18 13:04:20,829 [WARN] PackLoader:240 - Cannot read IP mode file for STMicroelectronics.X-CUBE-DISPLAY.2.2.0
2023-10-18 13:04:20,849 [WARN] PackLoader:240 - Cannot read IP mode file for STMicroelectronics.X-CUBE-TOF1.3.2.0
2023-10-18 13:04:20,891 [WARN] PackLoader:240 - Cannot read IP mode file for STMicroelectronics.X-CUBE-AZRTOS-H7.2.1.0
2023-10-18 13:04:20,901 [WARN] PackLoader:240 - Cannot read IP mode file for STMicroelectronics.X-CUBE-AI.7.3.0
2023-10-18 13:04:20,908 [WARN] PackLoader:240 - Cannot read IP mode file for STMicroelectronics.X-CUBE-ALGOBUILD.1.3.0
2023-10-18 13:04:20,936 [WARN] PackLoader:240 - Cannot read IP mode file for STMicroelectronics.X-CUBE-AZRTOS-G0.1.1.0
2023-10-18 13:04:20,946 [WARN] PackLoader:240 - Cannot read IP mode file for STMicroelectronics.X-CUBE-NFC4.3.0.0
2023-10-18 13:04:21,004 [INFO] WebApp:188 - Starting web application
2023-10-18 13:04:21,004 [INFO] WebApp:520 - Web application path used /opt/st/stm32cubeide_1.13.0/../../../home/hendri/.eclipse/com.st.stm32cube.ide.mcu.rcp.product_1.13.0_139062291_linux_gtk_x86_64/plugins/com.st.stm32cube.common.mx_6.9.1.202307191849/db/plugins/mcufinder/reactClient1/index.html
2023-10-18 13:04:21,020 [WARN] PackLoader:240 - Cannot read IP mode file for SEGGER.I-CUBE-embOS.1.2.1
2023-10-18 13:04:21,083 [WARN] PackLoader:240 - Cannot read IP mode file for STMicroelectronics.FP-ATR-SIGFOX1.3.2.0
2023-10-18 13:04:21,086 [WARN] PackLoader:240 - Cannot read IP mode file for STMicroelectronics.X-CUBE-TOUCHGFX.4.20.0
2023-10-18 13:04:21,131 [WARN] PackLoader:240 - Cannot read IP mode file for SEGGER.I-CUBE-embOS.1.3.1
2023-10-18 13:04:21,205 [WARN] PackLoader:240 - Cannot read IP mode file for STMicroelectronics.X-CUBE-GNSS1.6.0.0
2023-10-18 13:04:21,232 [WARN] PackLoader:240 - Cannot read IP mode file for STMicroelectronics.X-CUBE-AZRTOS-F4.1.1.0
2023-10-18 13:04:21,240 [WARN] PackLoader:240 - Cannot read IP mode file for wolfSSL.I-CUBE-wolfSSL.5.6.3
2023-10-18 13:04:21,252 [WARN] PackLoader:240 - Cannot read IP mode file for STMicroelectronics.X-CUBE-BLEMGR.1.2.0
2023-10-18 13:04:21,274 [WARN] PackLoader:240 - Cannot read IP mode file for STMicroelectronics.X-CUBE-AZRTOS-L5.2.0.0
2023-10-18 13:04:21,342 [WARN] PackLoader:240 - Cannot read IP mode file for STMicroelectronics.X-CUBE-MEMS1.9.6.0
2023-10-18 13:04:21,588 [WARN] PackLoader:240 - Cannot read IP mode file for ITTIA_DB.I-CUBE-ITTIADB.8.8.0
2023-10-18 13:04:21,592 [WARN] PackLoader:240 - Cannot read IP mode file for emotas.I-CUBE-CANOPEN.1.1.3
2023-10-18 13:04:21,599 [WARN] PackLoader:240 - Cannot read IP mode file for STMicroelectronics.X-CUBE-BLEMGR.2.0.0
2023-10-18 13:04:21,605 [WARN] PackLoader:240 - Cannot read IP mode file for STMicroelectronics.X-CUBE-NFC4.2.0.5
2023-10-18 13:04:21,610 [WARN] PackLoader:240 - Cannot read IP mode file for STMicroelectronics.X-CUBE-NFC4.2.0.4
2023-10-18 13:04:21,626 [WARN] ConditionMgr:438 - getConditionDescription Invalid condition id : UX DEVICE CLASS RTOS Condition cause : null
2023-10-18 13:04:21,627 [WARN] ConditionMgr:438 - getConditionDescription Invalid condition id : UX DEVICE CLASS RTOS Condition cause : null
2023-10-18 13:04:21,631 [WARN] PackLoader:240 - Cannot read IP mode file for STMicroelectronics.X-CUBE-AZRTOS-H7.3.1.0
2023-10-18 13:04:21,632 [WARN] ConditionMgr:1039 - genDependencies : Invalid condition id : UX DEVICE CLASS RTOS Condition cause : null
2023-10-18 13:04:21,633 [WARN] ConditionMgr:1039 - genDependencies : Invalid condition id : UX DEVICE CLASS RTOS Condition cause : null
2023-10-18 13:04:21,633 [WARN] ConditionMgr:1039 - genDependencies : Invalid condition id : UX DEVICE CLASS RTOS Condition cause : null
2023-10-18 13:04:21,634 [WARN] ConditionMgr:1039 - genDependencies : Invalid condition id : UX DEVICE CLASS RTOS Condition cause : null
2023-10-18 13:04:21,634 [WARN] ConditionMgr:1039 - genDependencies : Invalid condition id : UX DEVICE CLASS RTOS Condition cause : null
2023-10-18 13:04:21,639 [WARN] PackLoader:240 - Cannot read IP mode file for wolfSSL.I-CUBE-wolfSSL.5.5.3
2023-10-18 13:04:21,645 [WARN] PackLoader:240 - Cannot read IP mode file for STMicroelectronics.X-CUBE-NFC7.1.0.1
2023-10-18 13:04:21,652 [WARN] PackLoader:240 - Cannot read IP mode file for STMicroelectronics.X-CUBE-NFC7.1.0.0
2023-10-18 13:04:21,663 [WARN] PackLoader:240 - Cannot read IP mode file for STMicroelectronics.X-CUBE-NFC6.3.0.0
2023-10-18 13:04:21,672 [WARN] PackLoader:240 - Cannot read IP mode file for STMicroelectronics.X-CUBE-EEPRMA1.4.1.0
2023-10-18 13:04:21,678 [WARN] PackLoader:240 - Cannot read IP mode file for STMicroelectronics.X-CUBE-AI.8.1.0
2023-10-18 13:04:21,696 [WARN] ConditionMgr:438 - getConditionDescription Invalid condition id : LAN8742 Phy interface Condition cause : null
2023-10-18 13:04:21,697 [WARN] PackLoader:240 - Cannot read IP mode file for STMicroelectronics.X-CUBE-AZRTOS-L4.2.0.0
2023-10-18 13:04:21,699 [WARN] ConditionMgr:1039 - genDependencies : Invalid condition id : LAN8742 Phy interface Condition cause : null
2023-10-18 13:04:21,699 [WARN] ConditionMgr:1039 - genDependencies : Invalid condition id : LAN8742 Phy interface Condition cause : null
2023-10-18 13:04:21,701 [WARN] ConditionMgr:1039 - genDependencies : Invalid condition id : LAN8742 Phy interface Condition cause : null
2023-10-18 13:04:21,707 [WARN] PackLoader:240 - Cannot read IP mode file for STMicroelectronics.X-CUBE-SFXS2LP1.4.0.0
2023-10-18 13:04:21,712 [WARN] PackLoader:240 - Cannot read IP mode file for STMicroelectronics.X-CUBE-ISPU.1.1.0
2023-10-18 13:04:21,719 [WARN] PackLoader:240 - Cannot read IP mode file for RoweBots.I-CUBE-UNISONRTOS.5.5.0-4
2023-10-18 13:04:21,732 [WARN] ConditionMgr:438 - getConditionDescription Invalid condition id : UX DEVICE CLASS RTOS Condition cause : null
2023-10-18 13:04:21,732 [WARN] ConditionMgr:438 - getConditionDescription Invalid condition id : UX DEVICE CLASS RTOS Condition cause : null
2023-10-18 13:04:21,734 [WARN] PackLoader:240 - Cannot read IP mode file for STMicroelectronics.X-CUBE-AZRTOS-WB.2.0.0
2023-10-18 13:04:21,735 [WARN] ConditionMgr:1039 - genDependencies : Invalid condition id : UX DEVICE CLASS RTOS Condition cause : null
2023-10-18 13:04:21,735 [WARN] ConditionMgr:1039 - genDependencies : Invalid condition id : UX DEVICE CLASS RTOS Condition cause : null
2023-10-18 13:04:21,736 [WARN] ConditionMgr:1039 - genDependencies : Invalid condition id : UX DEVICE CLASS RTOS Condition cause : null
2023-10-18 13:04:21,736 [WARN] ConditionMgr:1039 - genDependencies : Invalid condition id : UX DEVICE CLASS RTOS Condition cause : null
2023-10-18 13:04:21,736 [WARN] ConditionMgr:1039 - genDependencies : Invalid condition id : UX DEVICE CLASS RTOS Condition cause : null
2023-10-18 13:04:21,741 [WARN] PackLoader:240 - Cannot read IP mode file for STMicroelectronics.X-CUBE-FREERTOS.1.0.1
2023-10-18 13:04:21,754 [WARN] PackLoader:240 - Cannot read IP mode file for STMicroelectronics.X-CUBE-AZRTOS-L5.1.1.0
2023-10-18 13:04:21,759 [WARN] PackLoader:240 - Cannot read IP mode file for STMicroelectronics.X-CUBE-AI.8.0.1
2023-10-18 13:04:21,768 [WARN] PackLoader:240 - Cannot read IP mode file for STMicroelectronics.X-CUBE-SUBG2.5.0.0
2023-10-18 13:04:21,781 [WARN] PackLoader:240 - Cannot read IP mode file for STMicroelectronics.X-CUBE-TOF1.3.3.1
2023-10-18 13:04:21,802 [WARN] PackLoader:240 - Cannot read IP mode file for STMicroelectronics.X-CUBE-AZRTOS-G4.2.0.0
2023-10-18 13:04:21,813 [WARN] PackLoader:240 - Cannot read IP mode file for STMicroelectronics.X-CUBE-TOF1.3.3.0
2023-10-18 13:04:21,823 [WARN] PackLoader:240 - Cannot read IP mode file for STMicroelectronics.FP-ATR-ASTRA1.1.1.1
2023-10-18 13:04:21,836 [WARN] PackLoader:240 - Cannot read IP mode file for Infineon.AIROC-Wi-Fi-Bluetooth-STM32.1.5.1
2023-10-18 13:04:21,851 [WARN] PackLoader:240 - Cannot read IP mode file for STMicroelectronics.X-CUBE-AZRTOS-G4.1.0.0
2023-10-18 13:04:21,875 [WARN] PackLoader:240 - Cannot read IP mode file for STMicroelectronics.X-CUBE-AZRTOS-L4.1.0.0
2023-10-18 13:04:21,884 [WARN] PackLoader:240 - Cannot read IP mode file for STMicroelectronics.X-CUBE-FREERTOS.1.1.0
2023-10-18 13:04:21,900 [WARN] PackLoader:240 - Cannot read IP mode file for STMicroelectronics.X-CUBE-AZRTOS-WL.1.0.0
2023-10-18 13:04:21,907 [WARN] PackLoader:240 - Cannot read IP mode file for portGmbH.I-Cube-SoM-uGOAL.1.1.0
2023-10-18 13:04:21,911 [WARN] PackLoader:240 - Cannot read IP mode file for STMicroelectronics.X-CUBE-ALS.1.0.1
2023-10-18 13:04:21,936 [WARN] PackLoader:240 - Cannot read IP mode file for STMicroelectronics.X-CUBE-AZRTOS-WB.1.1.0
2023-10-18 13:04:21,958 [WARN] PackLoader:240 - Cannot read IP mode file for STMicroelectronics.X-CUBE-AZRTOS-L5.1.0.0
2023-10-18 13:04:21,966 [WARN] PackLoader:240 - Cannot read IP mode file for STMicroelectronics.X-CUBE-EEPRMA1.3.1.1
2023-10-18 13:04:21,971 [WARN] PackLoader:240 - Cannot read IP mode file for STMicroelectronics.FP-ATR-ASTRA1.2.0.0
2023-10-18 13:04:21,972 [INFO] ThirdParty:978 - Integrity check success = true
2023-10-18 13:04:21,972 [INFO] IntegrityCheckThread:100 - exiting critical section [integrity check]
2023-10-18 13:04:21,972 [INFO] IntegrityCheckThread:103 - End integrity checks thread
2023-10-18 17:06:05,625 [ERROR] LogOutputStream:75 - [STDERR_REDIRECT] 
