2023-10-13 10:20:08,444 [INFO] Activator:176 - 


2023-10-13 10:20:08,445 [INFO] Activator:177 - !SESSION log4j initialized
2023-10-13 10:20:10,049 [INFO] LogOutputStream:77 - [STDOUT_REDIRECT] 
2023-10-13 10:20:11,302 [INFO] ApplicationProperties:184 - Using Application install path: /opt/st/stm32cubeide_1.13.0/../../../home/hendri/.eclipse/com.st.stm32cube.ide.mcu.rcp.product_1.13.0_139062291_linux_gtk_x86_64/plugins/com.st.stm32cube.common.mx_6.9.1.202307191849
2023-10-13 10:20:11,313 [INFO] DbMcusXml:78 - Set database path to: /opt/st/stm32cubeide_1.13.0/../../../home/hendri/.eclipse/com.st.stm32cube.ide.mcu.rcp.product_1.13.0_139062291_linux_gtk_x86_64/plugins/com.st.stm32cube.common.mx_6.9.1.202307191849//db//mcu/
2023-10-13 10:20:11,313 [INFO] ApiDb:274 - Set plugin database path to: /opt/st/stm32cubeide_1.13.0/../../../home/hendri/.eclipse/com.st.stm32cube.ide.mcu.rcp.product_1.13.0_139062291_linux_gtk_x86_64/plugins/com.st.stm32cube.common.mx_6.9.1.202307191849//db//plugins/boardmanager/
2023-10-13 10:20:11,313 [WARN] ApiDb:259 - Overriding images path with different value:  => /opt/st/stm32cubeide_1.13.0/../../../home/hendri/.eclipse/com.st.stm32cube.ide.mcu.rcp.product_1.13.0_139062291_linux_gtk_x86_64/plugins/com.st.stm32cube.common.mx_6.9.1.202307191849//db//plugins/mcufinder/images/
2023-10-13 10:20:11,317 [INFO] ApiDb:250 - Set database path to: /home/hendri/.stmcufinder/plugins/mcufinder//mcu/
2023-10-13 10:20:11,318 [INFO] DbMcusAds:125 - Set database path to: /home/hendri/.stmcufinder/plugins/mcufinder//mcu/
2023-10-13 10:20:11,319 [INFO] CrossReferenceDbSqlite:203 - Set database path to: /home/hendri/.stmcufinder/plugins/mcufinder//mcu/cs/
2023-10-13 10:20:11,387 [INFO] RulesReader:64 - Compatibility file has been processed (293 Rules)
2023-10-13 10:20:11,430 [INFO] DbMcusXml:78 - Set database path to: /opt/st/stm32cubeide_1.13.0/../../../home/hendri/.eclipse/com.st.stm32cube.ide.mcu.rcp.product_1.13.0_139062291_linux_gtk_x86_64/plugins/com.st.stm32cube.common.mx_6.9.1.202307191849//db//mcu/
2023-10-13 10:20:11,430 [INFO] ApiDb:274 - Set plugin database path to: /opt/st/stm32cubeide_1.13.0/../../../home/hendri/.eclipse/com.st.stm32cube.ide.mcu.rcp.product_1.13.0_139062291_linux_gtk_x86_64/plugins/com.st.stm32cube.common.mx_6.9.1.202307191849//db//plugins/boardmanager/
2023-10-13 10:20:11,430 [INFO] ApiDb:261 - Set plugin images path to: /opt/st/stm32cubeide_1.13.0/../../../home/hendri/.eclipse/com.st.stm32cube.ide.mcu.rcp.product_1.13.0_139062291_linux_gtk_x86_64/plugins/com.st.stm32cube.common.mx_6.9.1.202307191849//db//plugins/mcufinder/images/
2023-10-13 10:20:11,430 [WARN] DbFile:41 - Overriding database path with different value: /home/hendri/.stmcufinder/plugins/mcufinder/ => /home/hendri/.stmcufinder/plugins/mcufinder
2023-10-13 10:20:11,431 [INFO] ApiDb:250 - Set database path to: /home/hendri/.stmcufinder/plugins/mcufinder//mcu/
2023-10-13 10:20:11,431 [WARN] DbFile:41 - Overriding database path with different value: /home/hendri/.stmcufinder/plugins/mcufinder/ => /home/hendri/.stmcufinder/plugins/mcufinder
2023-10-13 10:20:11,431 [INFO] DbMcusAds:125 - Set database path to: /home/hendri/.stmcufinder/plugins/mcufinder//mcu/
2023-10-13 10:20:11,431 [WARN] DbFile:41 - Overriding database path with different value: /home/hendri/.stmcufinder/plugins/mcufinder/ => /home/hendri/.stmcufinder/plugins/mcufinder
2023-10-13 10:20:11,431 [WARN] DbFile:41 - Overriding database path with different value: /home/hendri/.stmcufinder/plugins/mcufinder/ => /home/hendri/.stmcufinder/plugins/mcufinder
2023-10-13 10:20:11,431 [INFO] CrossReferenceDbSqlite:203 - Set database path to: /home/hendri/.stmcufinder/plugins/mcufinder//mcu/cs/
2023-10-13 10:20:11,481 [INFO] MainPanel:262 - HeapMemory: 268435456
2023-10-13 10:20:11,528 [INFO] DbMcusXml:78 - Set database path to: /opt/st/stm32cubeide_1.13.0/../../../home/hendri/.eclipse/com.st.stm32cube.ide.mcu.rcp.product_1.13.0_139062291_linux_gtk_x86_64/plugins/com.st.stm32cube.common.mx_6.9.1.202307191849//db//mcu/
2023-10-13 10:20:11,528 [INFO] ApiDb:274 - Set plugin database path to: /opt/st/stm32cubeide_1.13.0/../../../home/hendri/.eclipse/com.st.stm32cube.ide.mcu.rcp.product_1.13.0_139062291_linux_gtk_x86_64/plugins/com.st.stm32cube.common.mx_6.9.1.202307191849//db//plugins/boardmanager/
2023-10-13 10:20:11,529 [INFO] ApiDb:261 - Set plugin images path to: /opt/st/stm32cubeide_1.13.0/../../../home/hendri/.eclipse/com.st.stm32cube.ide.mcu.rcp.product_1.13.0_139062291_linux_gtk_x86_64/plugins/com.st.stm32cube.common.mx_6.9.1.202307191849//db//plugins/mcufinder/images/
2023-10-13 10:20:11,529 [WARN] DbFile:41 - Overriding database path with different value: /home/hendri/.stmcufinder/plugins/mcufinder/ => /home/hendri/.stmcufinder/plugins/mcufinder
2023-10-13 10:20:11,529 [INFO] ApiDb:250 - Set database path to: /home/hendri/.stmcufinder/plugins/mcufinder//mcu/
2023-10-13 10:20:11,529 [WARN] DbFile:41 - Overriding database path with different value: /home/hendri/.stmcufinder/plugins/mcufinder/ => /home/hendri/.stmcufinder/plugins/mcufinder
2023-10-13 10:20:11,529 [INFO] DbMcusAds:125 - Set database path to: /home/hendri/.stmcufinder/plugins/mcufinder//mcu/
2023-10-13 10:20:11,529 [WARN] DbFile:41 - Overriding database path with different value: /home/hendri/.stmcufinder/plugins/mcufinder/ => /home/hendri/.stmcufinder/plugins/mcufinder
2023-10-13 10:20:11,529 [WARN] DbFile:41 - Overriding database path with different value: /home/hendri/.stmcufinder/plugins/mcufinder/ => /home/hendri/.stmcufinder/plugins/mcufinder
2023-10-13 10:20:11,529 [INFO] CrossReferenceDbSqlite:203 - Set database path to: /home/hendri/.stmcufinder/plugins/mcufinder//mcu/cs/
2023-10-13 10:20:11,538 [INFO] ApplicationProperties:184 - Using Application install path: /opt/st/stm32cubeide_1.13.0/../../../home/hendri/.eclipse/com.st.stm32cube.ide.mcu.rcp.product_1.13.0_139062291_linux_gtk_x86_64/plugins/com.st.stm32cube.common.mx_6.9.1.202307191849
2023-10-13 10:20:11,539 [INFO] PluginManage:196 - Search for loadable plugins [exclusion list=, ]
2023-10-13 10:20:11,539 [INFO] PluginManage:310 - Check plugin analytics
2023-10-13 10:20:11,623 [INFO] AnalyticsPlugin:253 - Accepted Software Licenses: 
2023-10-13 10:20:11,623 [INFO] AnalyticsPlugin:255 - Accepted CMSIS Pack Licenses: 
2023-10-13 10:20:11,624 [INFO] AnalyticsPlugin:257 - Accepted Firmware Licenses: FW.F4.1.27.0,FW.H7.1.10.0,FW.F7.1.17.0,FW.H7.1.11.0
2023-10-13 10:20:11,625 [INFO] PluginManage:359 - Loaded plugin analytics (category:tool,tabindex:-1)
2023-10-13 10:20:11,625 [INFO] PluginManage:310 - Check plugin cadmodel
2023-10-13 10:20:11,805 [INFO] CADModel:105 - Init CAD model plugin
2023-10-13 10:20:11,805 [INFO] PluginManage:359 - Loaded plugin cadmodel (category:power,tabindex:5)
2023-10-13 10:20:11,805 [INFO] PluginManage:310 - Check plugin clock
2023-10-13 10:20:11,810 [INFO] PluginManage:359 - Loaded plugin clock (category:base,tabindex:2)
2023-10-13 10:20:11,810 [INFO] PluginManage:310 - Check plugin ddr
2023-10-13 10:20:11,811 [INFO] PluginManage:359 - Loaded plugin ddr (category:tool,tabindex:6)
2023-10-13 10:20:11,811 [INFO] PluginManage:310 - Check plugin filemanager
2023-10-13 10:20:11,885 [INFO] PluginManage:359 - Loaded plugin filemanager (category:base,tabindex:10)
2023-10-13 10:20:11,885 [INFO] PluginManage:310 - Check plugin ipmanager
2023-10-13 10:20:11,888 [INFO] PluginManage:359 - Loaded plugin ipmanager (category:base,tabindex:5)
2023-10-13 10:20:11,888 [INFO] PluginManage:310 - Check plugin lpbam
2023-10-13 10:20:11,893 [INFO] PluginManage:359 - Loaded plugin lpbam (category:base,tabindex:0)
2023-10-13 10:20:11,893 [INFO] PluginManage:310 - Check plugin memorymap
2023-10-13 10:20:11,899 [INFO] PluginManage:359 - Loaded plugin memorymap (category:base,tabindex:4)
2023-10-13 10:20:11,899 [INFO] PluginManage:310 - Check plugin pinoutandconfiguration
2023-10-13 10:20:11,902 [INFO] PluginManage:359 - Loaded plugin pinoutandconfiguration (category:base,tabindex:1)
2023-10-13 10:20:11,903 [INFO] PluginManage:310 - Check plugin pinoutconfig
2023-10-13 10:20:11,963 [WARN] SupportedApi:132 - Cannot load RTOS API schema: s4s-elt-must-match.1: The content of 'definitions' must match (annotation?, (simpleType | complexType)?, (unique | key | keyref)*)). A problem was found starting at: attribute.
2023-10-13 10:20:12,029 [INFO] PluginManage:359 - Loaded plugin pinoutconfig (category:base,tabindex:0)
2023-10-13 10:20:12,029 [INFO] PluginManage:310 - Check plugin power
2023-10-13 10:20:12,033 [INFO] PluginManage:359 - Loaded plugin power (category:power,tabindex:4)
2023-10-13 10:20:12,033 [INFO] PluginManage:310 - Check plugin projectmanager
2023-10-13 10:20:12,041 [INFO] PluginManage:359 - Loaded plugin projectmanager (category:projectmanager,tabindex:3)
2023-10-13 10:20:12,041 [INFO] PluginManage:310 - Check plugin thirdparty
2023-10-13 10:20:12,100 [INFO] PluginManage:359 - Loaded plugin thirdparty (category:base,tabindex:-1)
2023-10-13 10:20:12,100 [WARN] IntegrityCheckThread:84 - waiting for thirdparty lock release [integrity check]
2023-10-13 10:20:12,101 [INFO] PluginManage:310 - Check plugin tools
2023-10-13 10:20:12,101 [INFO] IntegrityCheckThread:86 - entering critical section [integrity check]
2023-10-13 10:20:12,101 [INFO] ThirdPartyUpdaterWithRetryManager:70 - Updater plugin not ready yet. [1/15]
2023-10-13 10:20:12,102 [INFO] PluginManage:359 - Loaded plugin tools (category:base,tabindex:7)
2023-10-13 10:20:12,102 [INFO] PluginManage:310 - Check plugin tutovideos
2023-10-13 10:20:12,191 [INFO] PluginManage:359 - Loaded plugin tutovideos (category:base,tabindex:-1)
2023-10-13 10:20:12,191 [INFO] PluginManage:310 - Check plugin updater
2023-10-13 10:20:12,197 [INFO] PluginManage:359 - Loaded plugin updater (category:base,tabindex:12)
2023-10-13 10:20:12,197 [INFO] PluginManage:310 - Check plugin userauth
2023-10-13 10:20:12,199 [INFO] UserAuth:113 - Init User Auth plugin
2023-10-13 10:20:12,199 [INFO] PluginManage:359 - Loaded plugin userauth (category:base,tabindex:14)
2023-10-13 10:20:12,200 [INFO] PluginManage:283 - PluginManage : Loaded plugins [17]
2023-10-13 10:20:12,289 [INFO] PinOutPanel:1499 - setPackage(No Configuration,No Configuration)
2023-10-13 10:20:12,331 [INFO] CADModel:165 - CPN selected for project level
2023-10-13 10:20:12,331 [INFO] CADModel:114 - Register for checkConnection events
2023-10-13 10:20:12,335 [INFO] IPUIPlugin:80 - create IPUIPlugin
2023-10-13 10:20:12,335 [INFO] PluginManager:220 - loadIPPluginJar : add genericplugin
2023-10-13 10:20:12,336 [INFO] IPUIPlugin:80 - create IPUIPlugin
2023-10-13 10:20:12,336 [INFO] PluginManager:220 - loadIPPluginJar : add ltdc
2023-10-13 10:20:12,337 [INFO] IPUIPlugin:80 - create IPUIPlugin
2023-10-13 10:20:12,338 [INFO] PluginManager:220 - loadIPPluginJar : add gpio
2023-10-13 10:20:12,338 [INFO] IPUIPlugin:80 - create IPUIPlugin
2023-10-13 10:20:12,338 [INFO] PluginManager:220 - loadIPPluginJar : add comp
2023-10-13 10:20:12,340 [INFO] IPUIPlugin:80 - create IPUIPlugin
2023-10-13 10:20:12,340 [INFO] PluginManager:220 - loadIPPluginJar : add spi
2023-10-13 10:20:12,341 [INFO] IPUIPlugin:80 - create IPUIPlugin
2023-10-13 10:20:12,341 [INFO] PluginManager:220 - loadIPPluginJar : add usart
2023-10-13 10:20:12,344 [INFO] IPUIPlugin:80 - create IPUIPlugin
2023-10-13 10:20:12,345 [INFO] PluginManager:220 - loadIPPluginJar : add plateformsettings
2023-10-13 10:20:12,346 [INFO] IPUIPlugin:80 - create IPUIPlugin
2023-10-13 10:20:12,346 [INFO] PluginManager:220 - loadIPPluginJar : add fatfs
2023-10-13 10:20:12,346 [INFO] IPUIPlugin:80 - create IPUIPlugin
2023-10-13 10:20:12,347 [INFO] PluginManager:220 - loadIPPluginJar : add can
2023-10-13 10:20:12,348 [INFO] IPUIPlugin:80 - create IPUIPlugin
2023-10-13 10:20:12,348 [INFO] PluginManager:220 - loadIPPluginJar : add resmgrutility
2023-10-13 10:20:12,352 [INFO] IPUIPlugin:80 - create IPUIPlugin
2023-10-13 10:20:12,352 [INFO] PluginManager:220 - loadIPPluginJar : add linkedlist
2023-10-13 10:20:12,353 [INFO] IPUIPlugin:80 - create IPUIPlugin
2023-10-13 10:20:12,353 [INFO] PluginManager:220 - loadIPPluginJar : add usbx
2023-10-13 10:20:12,354 [INFO] IPUIPlugin:80 - create IPUIPlugin
2023-10-13 10:20:12,354 [INFO] PluginManager:220 - loadIPPluginJar : add dfsdm
2023-10-13 10:20:12,354 [INFO] IPUIPlugin:80 - create IPUIPlugin
2023-10-13 10:20:12,354 [INFO] PluginManager:220 - loadIPPluginJar : add tsc
2023-10-13 10:20:12,355 [INFO] IPUIPlugin:80 - create IPUIPlugin
2023-10-13 10:20:12,355 [INFO] PluginManager:220 - loadIPPluginJar : add quadspi
2023-10-13 10:20:12,357 [INFO] IPUIPlugin:80 - create IPUIPlugin
2023-10-13 10:20:12,357 [INFO] PluginManager:220 - loadIPPluginJar : add stm32_wpan
2023-10-13 10:20:12,358 [INFO] IPUIPlugin:80 - create IPUIPlugin
2023-10-13 10:20:12,358 [INFO] PluginManager:220 - loadIPPluginJar : add touchsensing
2023-10-13 10:20:12,359 [INFO] IPUIPlugin:80 - create IPUIPlugin
2023-10-13 10:20:12,359 [INFO] PluginManager:220 - loadIPPluginJar : add opamp
2023-10-13 10:20:12,360 [INFO] IPUIPlugin:80 - create IPUIPlugin
2023-10-13 10:20:12,360 [INFO] PluginManager:220 - loadIPPluginJar : add tim
2023-10-13 10:20:12,362 [INFO] IPUIPlugin:80 - create IPUIPlugin
2023-10-13 10:20:12,362 [INFO] PluginManager:220 - loadIPPluginJar : add freertos
2023-10-13 10:20:12,364 [INFO] IPUIPlugin:80 - create IPUIPlugin
2023-10-13 10:20:12,364 [INFO] PluginManager:220 - loadIPPluginJar : add nvic
2023-10-13 10:20:12,364 [INFO] IPUIPlugin:80 - create IPUIPlugin
2023-10-13 10:20:12,365 [INFO] PluginManager:220 - loadIPPluginJar : add ts
2023-10-13 10:20:12,366 [INFO] IPUIPlugin:80 - create IPUIPlugin
2023-10-13 10:20:12,366 [INFO] PluginManager:220 - loadIPPluginJar : add fmc
2023-10-13 10:20:12,368 [INFO] IPUIPlugin:80 - create IPUIPlugin
2023-10-13 10:20:12,368 [INFO] PluginManager:220 - loadIPPluginJar : add ipddr
2023-10-13 10:20:12,370 [INFO] IPUIPlugin:80 - create IPUIPlugin
2023-10-13 10:20:12,371 [INFO] PluginManager:220 - loadIPPluginJar : add mdma
2023-10-13 10:20:12,372 [INFO] IPUIPlugin:80 - create IPUIPlugin
2023-10-13 10:20:12,372 [INFO] PluginManager:220 - loadIPPluginJar : add ucpd
2023-10-13 10:20:12,373 [INFO] IPUIPlugin:80 - create IPUIPlugin
2023-10-13 10:20:12,373 [INFO] PluginManager:220 - loadIPPluginJar : add lorawan
2023-10-13 10:20:12,374 [INFO] IPUIPlugin:80 - create IPUIPlugin
2023-10-13 10:20:12,374 [INFO] PluginManager:220 - loadIPPluginJar : add i2c
2023-10-13 10:20:12,374 [INFO] IPUIPlugin:80 - create IPUIPlugin
2023-10-13 10:20:12,374 [INFO] PluginManager:220 - loadIPPluginJar : add aes
2023-10-13 10:20:12,375 [INFO] IPUIPlugin:80 - create IPUIPlugin
2023-10-13 10:20:12,375 [INFO] PluginManager:220 - loadIPPluginJar : add tracer_emb
2023-10-13 10:20:12,376 [INFO] IPUIPlugin:80 - create IPUIPlugin
2023-10-13 10:20:12,376 [INFO] PluginManager:220 - loadIPPluginJar : add sai
2023-10-13 10:20:12,377 [INFO] IPUIPlugin:80 - create IPUIPlugin
2023-10-13 10:20:12,377 [INFO] PluginManager:220 - loadIPPluginJar : add hash
2023-10-13 10:20:12,378 [INFO] IPUIPlugin:80 - create IPUIPlugin
2023-10-13 10:20:12,378 [INFO] PluginManager:220 - loadIPPluginJar : add i2s
2023-10-13 10:20:12,379 [INFO] IPUIPlugin:80 - create IPUIPlugin
2023-10-13 10:20:12,379 [INFO] PluginManager:220 - loadIPPluginJar : add cryp
2023-10-13 10:20:12,380 [INFO] IPUIPlugin:80 - create IPUIPlugin
2023-10-13 10:20:12,380 [INFO] PluginManager:220 - loadIPPluginJar : add gtzc
2023-10-13 10:20:12,381 [INFO] IPUIPlugin:80 - create IPUIPlugin
2023-10-13 10:20:12,381 [INFO] PluginManager:220 - loadIPPluginJar : add dma3
2023-10-13 10:20:12,382 [INFO] IPUIPlugin:80 - create IPUIPlugin
2023-10-13 10:20:12,382 [INFO] PluginManager:220 - loadIPPluginJar : add pdm2pcm
2023-10-13 10:20:12,384 [INFO] IPUIPlugin:80 - create IPUIPlugin
2023-10-13 10:20:12,384 [INFO] PluginManager:220 - loadIPPluginJar : add adc
2023-10-13 10:20:12,385 [INFO] IPUIPlugin:80 - create IPUIPlugin
2023-10-13 10:20:12,385 [INFO] PluginManager:220 - loadIPPluginJar : add gfxmmu
2023-10-13 10:20:12,387 [INFO] IPUIPlugin:80 - create IPUIPlugin
2023-10-13 10:20:12,388 [INFO] PluginManager:220 - loadIPPluginJar : add dma
2023-10-13 10:20:12,390 [INFO] IPUIPlugin:80 - create IPUIPlugin
2023-10-13 10:20:12,390 [INFO] PluginManager:220 - loadIPPluginJar : add gic
2023-10-13 10:20:12,391 [INFO] IPUIPlugin:80 - create IPUIPlugin
2023-10-13 10:20:12,391 [INFO] PluginManager:220 - loadIPPluginJar : add i3c
2023-10-13 10:20:12,392 [INFO] IPUIPlugin:80 - create IPUIPlugin
2023-10-13 10:20:12,392 [INFO] PluginManager:220 - loadIPPluginJar : add openamp
2023-10-13 10:20:12,481 [INFO] CADModel:165 - CPN selected for project level
2023-10-13 10:20:12,481 [INFO] CADModel:114 - Register for checkConnection events
2023-10-13 10:20:12,482 [FATAL] Updater:308 - Updater called before beeing initialized
2023-10-13 10:20:12,482 [ERROR] CADModel:125 - Updater not yet initialized, retry later 
2023-10-13 10:20:12,613 [INFO] CADModel:165 - CPN selected for project level
2023-10-13 10:20:12,613 [INFO] CADModel:114 - Register for checkConnection events
2023-10-13 10:20:12,613 [FATAL] Updater:308 - Updater called before beeing initialized
2023-10-13 10:20:12,613 [ERROR] CADModel:125 - Updater not yet initialized, retry later 
2023-10-13 10:20:12,615 [FATAL] Updater:308 - Updater called before beeing initialized
2023-10-13 10:20:12,655 [FATAL] Updater:308 - Updater called before beeing initialized
2023-10-13 10:20:12,659 [INFO] DbMcusAds:53 - JSON generation date=Tue Mar 07 15:50:55 WIB 2023 (1678179055114)
2023-10-13 10:20:12,659 [FATAL] Updater:308 - Updater called before beeing initialized
2023-10-13 10:20:12,680 [WARN] DetailPanel:346 - Failed to get advertising image, set to default
2023-10-13 10:20:12,743 [FATAL] Updater:308 - Updater called before beeing initialized
2023-10-13 10:20:12,743 [FATAL] Updater:308 - Updater called before beeing initialized
2023-10-13 10:20:12,743 [FATAL] Updater:308 - Updater called before beeing initialized
2023-10-13 10:20:12,744 [WARN] DetailPanel:346 - Failed to get advertising image, set to default
2023-10-13 10:20:12,744 [FATAL] Updater:308 - Updater called before beeing initialized
2023-10-13 10:20:12,761 [ERROR] Updater:1120 - MainUpdater not yet initialized. External WinMGr cannot be set.
2023-10-13 10:20:12,762 [INFO] Updater:1056 - Updater Version found : 6.9.1
2023-10-13 10:20:12,772 [INFO] ApplicationProperties:184 - Using Application install path: /opt/st/stm32cubeide_1.13.0/../../../home/hendri/.eclipse/com.st.stm32cube.ide.mcu.rcp.product_1.13.0_139062291_linux_gtk_x86_64/plugins/com.st.stm32cube.common.mx_6.9.1.202307191849
2023-10-13 10:20:13,191 [INFO] MainUpdater:2868 - connection check result : 10
2023-10-13 10:20:13,192 [INFO] MainUpdater:285 - Updater Check For Update Now.
2023-10-13 10:20:13,193 [INFO] MicroXplorer:498 - Change Database Version : DB.6.0.91
2023-10-13 10:20:13,203 [INFO] McuFinderGlobals:63 - Set McuFinder mode to 2 (CubeIDE integrated)
2023-10-13 10:20:13,203 [INFO] UserAuth:179 - activating auth plugin
2023-10-13 10:20:13,208 [INFO] UserAuth:393 - Internet connection configuration mode: 1
2023-10-13 10:20:13,223 [INFO] JxBrowserEngine:151 - Initiate JxBrowser Engine with user profile folder
2023-10-13 10:20:13,363 [INFO] CheckServerUpdateThread:120 - End of CheckServer Thread
2023-10-13 10:20:13,579 [INFO] WebApp:157 - Instantiating new browser for Auth
2023-10-13 10:20:13,884 [INFO] WebApp:753 - Register for checkConnection events
2023-10-13 10:20:13,884 [INFO] WebApp:390 - Apply proxy settings
2023-10-13 10:20:13,884 [INFO] WebApp:475 - Chromium requires no authentication
2023-10-13 10:20:13,888 [INFO] WebApp:418 - Direct internet connection detected
2023-10-13 10:20:13,960 [INFO] WebApp:188 - Starting web application
2023-10-13 10:20:13,960 [INFO] WebApp:520 - Web application path used /opt/st/stm32cubeide_1.13.0/../../../home/hendri/.eclipse/com.st.stm32cube.ide.mcu.rcp.product_1.13.0_139062291_linux_gtk_x86_64/plugins/com.st.stm32cube.common.mx_6.9.1.202307191849/db/plugins/mcufinder/reactClient1/index.html
2023-10-13 10:20:15,172 [WARN] PackLoader:240 - Cannot read IP mode file for STMicroelectronics.X-CUBE-SMBUS.2.1.0
2023-10-13 10:20:15,193 [WARN] PackLoader:240 - Cannot read IP mode file for STMicroelectronics.X-CUBE-AZRTOS-F7.1.1.0
2023-10-13 10:20:15,201 [WARN] PackLoader:240 - Cannot read IP mode file for STMicroelectronics.FP-SNS-MOTENV1.4.3.2
2023-10-13 10:20:15,207 [WARN] PackLoader:240 - Cannot read IP mode file for STMicroelectronics.FP-SNS-FLIGHT1.5.0.1
2023-10-13 10:20:15,212 [WARN] PackLoader:240 - Cannot read IP mode file for STMicroelectronics.X-CUBE-BLE1.6.2.3
2023-10-13 10:20:15,218 [WARN] PackLoader:240 - Cannot read IP mode file for STMicroelectronics.X-CUBE-BLE1.6.2.4
2023-10-13 10:20:15,221 [WARN] PackLoader:240 - Cannot read IP mode file for STMicroelectronics.FP-SNS-FLIGHT1.5.0.2
2023-10-13 10:20:15,228 [WARN] PackLoader:240 - Cannot read IP mode file for STMicroelectronics.X-CUBE-DISPLAY.3.0.0
2023-10-13 10:20:15,237 [WARN] PackLoader:240 - Cannot read IP mode file for STMicroelectronics.X-CUBE-BLE1.7.0.0
2023-10-13 10:20:15,243 [WARN] PackLoader:240 - Cannot read IP mode file for emotas.I-CUBE-CANOPEN.1.3.0
2023-10-13 10:20:15,246 [WARN] PackLoader:240 - Cannot read IP mode file for STMicroelectronics.X-CUBE-TOUCHGFX.4.22.0
2023-10-13 10:20:15,247 [WARN] PackLoader:240 - Cannot read IP mode file for STMicroelectronics.X-CUBE-TOUCHGFX.4.22.1
2023-10-13 10:20:15,302 [WARN] PackLoader:240 - Cannot read IP mode file for STMicroelectronics.X-CUBE-MEMS1.9.3.0
2023-10-13 10:20:15,409 [WARN] PackLoader:240 - Cannot read IP mode file for STMicroelectronics.FP-SNS-SMARTAG2.1.2.0
2023-10-13 10:20:15,417 [INFO] LogOutputStream:77 - [STDOUT_REDIRECT] 1 : Invalid condition id : UX_CORESTACK_Condition cause : null
2023-10-13 10:20:15,418 [INFO] LogOutputStream:77 - [STDOUT_REDIRECT] 1 : Invalid condition id : UX_CORESTACK_Condition cause : null
2023-10-13 10:20:15,418 [INFO] LogOutputStream:77 - [STDOUT_REDIRECT] 1 : Invalid condition id : UX_CORESTACK_Condition cause : null
2023-10-13 10:20:15,418 [INFO] LogOutputStream:77 - [STDOUT_REDIRECT] 1 : Invalid condition id : UX_CORESTACK_Condition cause : null
2023-10-13 10:20:15,418 [INFO] LogOutputStream:77 - [STDOUT_REDIRECT] 1 : Invalid condition id : UX_CORESTACK_Condition cause : null
2023-10-13 10:20:15,420 [WARN] PackLoader:240 - Cannot read IP mode file for STMicroelectronics.X-CUBE-AZRTOS-WL.2.0.0
2023-10-13 10:20:15,424 [WARN] PackLoader:240 - Cannot read IP mode file for WES.I-CUBE-Cesium.1.3.0
2023-10-13 10:20:15,428 [WARN] PackLoader:240 - Cannot read IP mode file for STMicroelectronics.X-CUBE-BLE2.3.3.0
2023-10-13 10:20:15,432 [WARN] PackLoader:240 - Cannot read IP mode file for STMicroelectronics.X-CUBE-DISPLAY.2.2.0
2023-10-13 10:20:15,439 [WARN] PackLoader:240 - Cannot read IP mode file for STMicroelectronics.X-CUBE-TOF1.3.2.0
2023-10-13 10:20:15,454 [WARN] PackLoader:240 - Cannot read IP mode file for STMicroelectronics.X-CUBE-AZRTOS-H7.2.1.0
2023-10-13 10:20:15,461 [WARN] PackLoader:240 - Cannot read IP mode file for STMicroelectronics.X-CUBE-AI.7.3.0
2023-10-13 10:20:15,465 [WARN] PackLoader:240 - Cannot read IP mode file for STMicroelectronics.X-CUBE-ALGOBUILD.1.3.0
2023-10-13 10:20:15,474 [WARN] PackLoader:240 - Cannot read IP mode file for STMicroelectronics.X-CUBE-AZRTOS-G0.1.1.0
2023-10-13 10:20:15,478 [WARN] PackLoader:240 - Cannot read IP mode file for STMicroelectronics.X-CUBE-NFC4.3.0.0
2023-10-13 10:20:15,507 [WARN] PackLoader:240 - Cannot read IP mode file for SEGGER.I-CUBE-embOS.1.2.1
2023-10-13 10:20:15,530 [WARN] PackLoader:240 - Cannot read IP mode file for STMicroelectronics.FP-ATR-SIGFOX1.3.2.0
2023-10-13 10:20:15,531 [WARN] PackLoader:240 - Cannot read IP mode file for STMicroelectronics.X-CUBE-TOUCHGFX.4.20.0
2023-10-13 10:20:15,548 [WARN] PackLoader:240 - Cannot read IP mode file for SEGGER.I-CUBE-embOS.1.3.1
2023-10-13 10:20:15,570 [WARN] PackLoader:240 - Cannot read IP mode file for STMicroelectronics.X-CUBE-GNSS1.6.0.0
2023-10-13 10:20:15,580 [WARN] PackLoader:240 - Cannot read IP mode file for STMicroelectronics.X-CUBE-AZRTOS-F4.1.1.0
2023-10-13 10:20:15,584 [WARN] PackLoader:240 - Cannot read IP mode file for wolfSSL.I-CUBE-wolfSSL.5.6.3
2023-10-13 10:20:15,588 [WARN] PackLoader:240 - Cannot read IP mode file for STMicroelectronics.X-CUBE-BLEMGR.1.2.0
2023-10-13 10:20:15,599 [WARN] PackLoader:240 - Cannot read IP mode file for STMicroelectronics.X-CUBE-AZRTOS-L5.2.0.0
2023-10-13 10:20:15,633 [WARN] PackLoader:240 - Cannot read IP mode file for STMicroelectronics.X-CUBE-MEMS1.9.6.0
2023-10-13 10:20:15,795 [WARN] PackLoader:240 - Cannot read IP mode file for ITTIA_DB.I-CUBE-ITTIADB.8.8.0
2023-10-13 10:20:15,800 [WARN] PackLoader:240 - Cannot read IP mode file for emotas.I-CUBE-CANOPEN.1.1.3
2023-10-13 10:20:15,806 [WARN] PackLoader:240 - Cannot read IP mode file for STMicroelectronics.X-CUBE-BLEMGR.2.0.0
2023-10-13 10:20:15,811 [WARN] PackLoader:240 - Cannot read IP mode file for STMicroelectronics.X-CUBE-NFC4.2.0.5
2023-10-13 10:20:15,816 [WARN] PackLoader:240 - Cannot read IP mode file for STMicroelectronics.X-CUBE-NFC4.2.0.4
2023-10-13 10:20:15,833 [WARN] ConditionMgr:438 - getConditionDescription Invalid condition id : UX DEVICE CLASS RTOS Condition cause : null
2023-10-13 10:20:15,834 [WARN] ConditionMgr:438 - getConditionDescription Invalid condition id : UX DEVICE CLASS RTOS Condition cause : null
2023-10-13 10:20:15,837 [WARN] PackLoader:240 - Cannot read IP mode file for STMicroelectronics.X-CUBE-AZRTOS-H7.3.1.0
2023-10-13 10:20:15,839 [WARN] ConditionMgr:1039 - genDependencies : Invalid condition id : UX DEVICE CLASS RTOS Condition cause : null
2023-10-13 10:20:15,839 [WARN] ConditionMgr:1039 - genDependencies : Invalid condition id : UX DEVICE CLASS RTOS Condition cause : null
2023-10-13 10:20:15,840 [WARN] ConditionMgr:1039 - genDependencies : Invalid condition id : UX DEVICE CLASS RTOS Condition cause : null
2023-10-13 10:20:15,840 [WARN] ConditionMgr:1039 - genDependencies : Invalid condition id : UX DEVICE CLASS RTOS Condition cause : null
2023-10-13 10:20:15,840 [WARN] ConditionMgr:1039 - genDependencies : Invalid condition id : UX DEVICE CLASS RTOS Condition cause : null
2023-10-13 10:20:15,844 [WARN] PackLoader:240 - Cannot read IP mode file for wolfSSL.I-CUBE-wolfSSL.5.5.3
2023-10-13 10:20:15,848 [WARN] PackLoader:240 - Cannot read IP mode file for STMicroelectronics.X-CUBE-NFC7.1.0.1
2023-10-13 10:20:15,853 [WARN] PackLoader:240 - Cannot read IP mode file for STMicroelectronics.X-CUBE-NFC7.1.0.0
2023-10-13 10:20:15,860 [WARN] PackLoader:240 - Cannot read IP mode file for STMicroelectronics.X-CUBE-NFC6.3.0.0
2023-10-13 10:20:15,869 [WARN] PackLoader:240 - Cannot read IP mode file for STMicroelectronics.X-CUBE-EEPRMA1.4.1.0
2023-10-13 10:20:15,873 [WARN] PackLoader:240 - Cannot read IP mode file for STMicroelectronics.X-CUBE-AI.8.1.0
2023-10-13 10:20:15,891 [WARN] ConditionMgr:438 - getConditionDescription Invalid condition id : LAN8742 Phy interface Condition cause : null
2023-10-13 10:20:15,892 [WARN] PackLoader:240 - Cannot read IP mode file for STMicroelectronics.X-CUBE-AZRTOS-L4.2.0.0
2023-10-13 10:20:15,894 [WARN] ConditionMgr:1039 - genDependencies : Invalid condition id : LAN8742 Phy interface Condition cause : null
2023-10-13 10:20:15,894 [WARN] ConditionMgr:1039 - genDependencies : Invalid condition id : LAN8742 Phy interface Condition cause : null
2023-10-13 10:20:15,895 [WARN] ConditionMgr:1039 - genDependencies : Invalid condition id : LAN8742 Phy interface Condition cause : null
2023-10-13 10:20:15,902 [WARN] PackLoader:240 - Cannot read IP mode file for STMicroelectronics.X-CUBE-SFXS2LP1.4.0.0
2023-10-13 10:20:15,908 [WARN] PackLoader:240 - Cannot read IP mode file for STMicroelectronics.X-CUBE-ISPU.1.1.0
2023-10-13 10:20:15,913 [WARN] PackLoader:240 - Cannot read IP mode file for RoweBots.I-CUBE-UNISONRTOS.5.5.0-4
2023-10-13 10:20:15,923 [WARN] ConditionMgr:438 - getConditionDescription Invalid condition id : UX DEVICE CLASS RTOS Condition cause : null
2023-10-13 10:20:15,923 [WARN] ConditionMgr:438 - getConditionDescription Invalid condition id : UX DEVICE CLASS RTOS Condition cause : null
2023-10-13 10:20:15,926 [WARN] PackLoader:240 - Cannot read IP mode file for STMicroelectronics.X-CUBE-AZRTOS-WB.2.0.0
2023-10-13 10:20:15,927 [WARN] ConditionMgr:1039 - genDependencies : Invalid condition id : UX DEVICE CLASS RTOS Condition cause : null
2023-10-13 10:20:15,928 [WARN] ConditionMgr:1039 - genDependencies : Invalid condition id : UX DEVICE CLASS RTOS Condition cause : null
2023-10-13 10:20:15,928 [WARN] ConditionMgr:1039 - genDependencies : Invalid condition id : UX DEVICE CLASS RTOS Condition cause : null
2023-10-13 10:20:15,928 [WARN] ConditionMgr:1039 - genDependencies : Invalid condition id : UX DEVICE CLASS RTOS Condition cause : null
2023-10-13 10:20:15,929 [WARN] ConditionMgr:1039 - genDependencies : Invalid condition id : UX DEVICE CLASS RTOS Condition cause : null
2023-10-13 10:20:15,932 [WARN] PackLoader:240 - Cannot read IP mode file for STMicroelectronics.X-CUBE-FREERTOS.1.0.1
2023-10-13 10:20:15,946 [WARN] PackLoader:240 - Cannot read IP mode file for STMicroelectronics.X-CUBE-AZRTOS-L5.1.1.0
2023-10-13 10:20:15,951 [WARN] PackLoader:240 - Cannot read IP mode file for STMicroelectronics.X-CUBE-AI.8.0.1
2023-10-13 10:20:15,959 [WARN] PackLoader:240 - Cannot read IP mode file for STMicroelectronics.X-CUBE-SUBG2.5.0.0
2023-10-13 10:20:15,971 [WARN] PackLoader:240 - Cannot read IP mode file for STMicroelectronics.X-CUBE-TOF1.3.3.1
2023-10-13 10:20:15,988 [WARN] PackLoader:240 - Cannot read IP mode file for STMicroelectronics.X-CUBE-AZRTOS-G4.2.0.0
2023-10-13 10:20:15,994 [WARN] PackLoader:240 - Cannot read IP mode file for STMicroelectronics.X-CUBE-TOF1.3.3.0
2023-10-13 10:20:16,000 [WARN] PackLoader:240 - Cannot read IP mode file for STMicroelectronics.FP-ATR-ASTRA1.1.1.1
2023-10-13 10:20:16,006 [WARN] PackLoader:240 - Cannot read IP mode file for Infineon.AIROC-Wi-Fi-Bluetooth-STM32.1.5.1
2023-10-13 10:20:16,014 [WARN] PackLoader:240 - Cannot read IP mode file for STMicroelectronics.X-CUBE-AZRTOS-G4.1.0.0
2023-10-13 10:20:16,024 [WARN] PackLoader:240 - Cannot read IP mode file for STMicroelectronics.X-CUBE-AZRTOS-L4.1.0.0
2023-10-13 10:20:16,027 [WARN] PackLoader:240 - Cannot read IP mode file for STMicroelectronics.X-CUBE-FREERTOS.1.1.0
2023-10-13 10:20:16,033 [WARN] PackLoader:240 - Cannot read IP mode file for STMicroelectronics.X-CUBE-AZRTOS-WL.1.0.0
2023-10-13 10:20:16,036 [WARN] PackLoader:240 - Cannot read IP mode file for portGmbH.I-Cube-SoM-uGOAL.1.1.0
2023-10-13 10:20:16,038 [WARN] PackLoader:240 - Cannot read IP mode file for STMicroelectronics.X-CUBE-ALS.1.0.1
2023-10-13 10:20:16,046 [WARN] PackLoader:240 - Cannot read IP mode file for STMicroelectronics.X-CUBE-AZRTOS-WB.1.1.0
2023-10-13 10:20:16,055 [WARN] PackLoader:240 - Cannot read IP mode file for STMicroelectronics.X-CUBE-AZRTOS-L5.1.0.0
2023-10-13 10:20:16,058 [WARN] PackLoader:240 - Cannot read IP mode file for STMicroelectronics.X-CUBE-EEPRMA1.3.1.1
2023-10-13 10:20:16,064 [WARN] PackLoader:240 - Cannot read IP mode file for STMicroelectronics.FP-ATR-ASTRA1.2.0.0
2023-10-13 10:20:16,064 [INFO] ThirdParty:978 - Integrity check success = true
2023-10-13 10:20:16,065 [INFO] IntegrityCheckThread:100 - exiting critical section [integrity check]
2023-10-13 10:20:16,065 [INFO] IntegrityCheckThread:103 - End integrity checks thread
2023-10-13 10:58:56,467 [ERROR] LogOutputStream:75 - [STDERR_REDIRECT] 
2023-10-13 10:59:36,010 [INFO] Activator:176 - 


2023-10-13 10:59:36,011 [INFO] Activator:177 - !SESSION log4j initialized
2023-10-13 10:59:37,629 [INFO] LogOutputStream:77 - [STDOUT_REDIRECT] 
2023-10-13 10:59:40,360 [INFO] ApplicationProperties:184 - Using Application install path: /opt/st/stm32cubeide_1.13.0/../../../home/hendri/.eclipse/com.st.stm32cube.ide.mcu.rcp.product_1.13.0_139062291_linux_gtk_x86_64/plugins/com.st.stm32cube.common.mx_6.9.1.202307191849
2023-10-13 10:59:40,373 [INFO] DbMcusXml:78 - Set database path to: /opt/st/stm32cubeide_1.13.0/../../../home/hendri/.eclipse/com.st.stm32cube.ide.mcu.rcp.product_1.13.0_139062291_linux_gtk_x86_64/plugins/com.st.stm32cube.common.mx_6.9.1.202307191849//db//mcu/
2023-10-13 10:59:40,373 [INFO] ApiDb:274 - Set plugin database path to: /opt/st/stm32cubeide_1.13.0/../../../home/hendri/.eclipse/com.st.stm32cube.ide.mcu.rcp.product_1.13.0_139062291_linux_gtk_x86_64/plugins/com.st.stm32cube.common.mx_6.9.1.202307191849//db//plugins/boardmanager/
2023-10-13 10:59:40,373 [WARN] ApiDb:259 - Overriding images path with different value:  => /opt/st/stm32cubeide_1.13.0/../../../home/hendri/.eclipse/com.st.stm32cube.ide.mcu.rcp.product_1.13.0_139062291_linux_gtk_x86_64/plugins/com.st.stm32cube.common.mx_6.9.1.202307191849//db//plugins/mcufinder/images/
2023-10-13 10:59:40,379 [INFO] ApiDb:250 - Set database path to: /home/hendri/.stmcufinder/plugins/mcufinder//mcu/
2023-10-13 10:59:40,380 [INFO] DbMcusAds:125 - Set database path to: /home/hendri/.stmcufinder/plugins/mcufinder//mcu/
2023-10-13 10:59:40,382 [INFO] CrossReferenceDbSqlite:203 - Set database path to: /home/hendri/.stmcufinder/plugins/mcufinder//mcu/cs/
2023-10-13 10:59:40,460 [INFO] RulesReader:64 - Compatibility file has been processed (293 Rules)
2023-10-13 10:59:40,509 [INFO] DbMcusXml:78 - Set database path to: /opt/st/stm32cubeide_1.13.0/../../../home/hendri/.eclipse/com.st.stm32cube.ide.mcu.rcp.product_1.13.0_139062291_linux_gtk_x86_64/plugins/com.st.stm32cube.common.mx_6.9.1.202307191849//db//mcu/
2023-10-13 10:59:40,509 [INFO] ApiDb:274 - Set plugin database path to: /opt/st/stm32cubeide_1.13.0/../../../home/hendri/.eclipse/com.st.stm32cube.ide.mcu.rcp.product_1.13.0_139062291_linux_gtk_x86_64/plugins/com.st.stm32cube.common.mx_6.9.1.202307191849//db//plugins/boardmanager/
2023-10-13 10:59:40,509 [INFO] ApiDb:261 - Set plugin images path to: /opt/st/stm32cubeide_1.13.0/../../../home/hendri/.eclipse/com.st.stm32cube.ide.mcu.rcp.product_1.13.0_139062291_linux_gtk_x86_64/plugins/com.st.stm32cube.common.mx_6.9.1.202307191849//db//plugins/mcufinder/images/
2023-10-13 10:59:40,510 [WARN] DbFile:41 - Overriding database path with different value: /home/hendri/.stmcufinder/plugins/mcufinder/ => /home/hendri/.stmcufinder/plugins/mcufinder
2023-10-13 10:59:40,510 [INFO] ApiDb:250 - Set database path to: /home/hendri/.stmcufinder/plugins/mcufinder//mcu/
2023-10-13 10:59:40,510 [WARN] DbFile:41 - Overriding database path with different value: /home/hendri/.stmcufinder/plugins/mcufinder/ => /home/hendri/.stmcufinder/plugins/mcufinder
2023-10-13 10:59:40,510 [INFO] DbMcusAds:125 - Set database path to: /home/hendri/.stmcufinder/plugins/mcufinder//mcu/
2023-10-13 10:59:40,510 [WARN] DbFile:41 - Overriding database path with different value: /home/hendri/.stmcufinder/plugins/mcufinder/ => /home/hendri/.stmcufinder/plugins/mcufinder
2023-10-13 10:59:40,510 [WARN] DbFile:41 - Overriding database path with different value: /home/hendri/.stmcufinder/plugins/mcufinder/ => /home/hendri/.stmcufinder/plugins/mcufinder
2023-10-13 10:59:40,510 [INFO] CrossReferenceDbSqlite:203 - Set database path to: /home/hendri/.stmcufinder/plugins/mcufinder//mcu/cs/
2023-10-13 10:59:40,562 [INFO] MainPanel:262 - HeapMemory: 300941312
2023-10-13 10:59:40,628 [INFO] DbMcusXml:78 - Set database path to: /opt/st/stm32cubeide_1.13.0/../../../home/hendri/.eclipse/com.st.stm32cube.ide.mcu.rcp.product_1.13.0_139062291_linux_gtk_x86_64/plugins/com.st.stm32cube.common.mx_6.9.1.202307191849//db//mcu/
2023-10-13 10:59:40,628 [INFO] ApiDb:274 - Set plugin database path to: /opt/st/stm32cubeide_1.13.0/../../../home/hendri/.eclipse/com.st.stm32cube.ide.mcu.rcp.product_1.13.0_139062291_linux_gtk_x86_64/plugins/com.st.stm32cube.common.mx_6.9.1.202307191849//db//plugins/boardmanager/
2023-10-13 10:59:40,628 [INFO] ApiDb:261 - Set plugin images path to: /opt/st/stm32cubeide_1.13.0/../../../home/hendri/.eclipse/com.st.stm32cube.ide.mcu.rcp.product_1.13.0_139062291_linux_gtk_x86_64/plugins/com.st.stm32cube.common.mx_6.9.1.202307191849//db//plugins/mcufinder/images/
2023-10-13 10:59:40,629 [WARN] DbFile:41 - Overriding database path with different value: /home/hendri/.stmcufinder/plugins/mcufinder/ => /home/hendri/.stmcufinder/plugins/mcufinder
2023-10-13 10:59:40,629 [INFO] ApiDb:250 - Set database path to: /home/hendri/.stmcufinder/plugins/mcufinder//mcu/
2023-10-13 10:59:40,629 [WARN] DbFile:41 - Overriding database path with different value: /home/hendri/.stmcufinder/plugins/mcufinder/ => /home/hendri/.stmcufinder/plugins/mcufinder
2023-10-13 10:59:40,629 [INFO] DbMcusAds:125 - Set database path to: /home/hendri/.stmcufinder/plugins/mcufinder//mcu/
2023-10-13 10:59:40,629 [WARN] DbFile:41 - Overriding database path with different value: /home/hendri/.stmcufinder/plugins/mcufinder/ => /home/hendri/.stmcufinder/plugins/mcufinder
2023-10-13 10:59:40,629 [WARN] DbFile:41 - Overriding database path with different value: /home/hendri/.stmcufinder/plugins/mcufinder/ => /home/hendri/.stmcufinder/plugins/mcufinder
2023-10-13 10:59:40,629 [INFO] CrossReferenceDbSqlite:203 - Set database path to: /home/hendri/.stmcufinder/plugins/mcufinder//mcu/cs/
2023-10-13 10:59:40,640 [INFO] ApplicationProperties:184 - Using Application install path: /opt/st/stm32cubeide_1.13.0/../../../home/hendri/.eclipse/com.st.stm32cube.ide.mcu.rcp.product_1.13.0_139062291_linux_gtk_x86_64/plugins/com.st.stm32cube.common.mx_6.9.1.202307191849
2023-10-13 10:59:40,641 [INFO] PluginManage:196 - Search for loadable plugins [exclusion list=, ]
2023-10-13 10:59:40,642 [INFO] PluginManage:310 - Check plugin analytics
2023-10-13 10:59:40,745 [INFO] AnalyticsPlugin:253 - Accepted Software Licenses: 
2023-10-13 10:59:40,745 [INFO] AnalyticsPlugin:255 - Accepted CMSIS Pack Licenses: 
2023-10-13 10:59:40,745 [INFO] AnalyticsPlugin:257 - Accepted Firmware Licenses: FW.F4.1.27.0,FW.H7.1.10.0,FW.F7.1.17.0,FW.H7.1.11.0
2023-10-13 10:59:40,747 [INFO] PluginManage:359 - Loaded plugin analytics (category:tool,tabindex:-1)
2023-10-13 10:59:40,747 [INFO] PluginManage:310 - Check plugin cadmodel
2023-10-13 10:59:40,972 [INFO] CADModel:105 - Init CAD model plugin
2023-10-13 10:59:40,973 [INFO] PluginManage:359 - Loaded plugin cadmodel (category:power,tabindex:5)
2023-10-13 10:59:40,973 [INFO] PluginManage:310 - Check plugin clock
2023-10-13 10:59:40,984 [INFO] PluginManage:359 - Loaded plugin clock (category:base,tabindex:2)
2023-10-13 10:59:40,984 [INFO] PluginManage:310 - Check plugin ddr
2023-10-13 10:59:40,986 [INFO] PluginManage:359 - Loaded plugin ddr (category:tool,tabindex:6)
2023-10-13 10:59:40,986 [INFO] PluginManage:310 - Check plugin filemanager
2023-10-13 10:59:41,077 [INFO] PluginManage:359 - Loaded plugin filemanager (category:base,tabindex:10)
2023-10-13 10:59:41,078 [INFO] PluginManage:310 - Check plugin ipmanager
2023-10-13 10:59:41,081 [INFO] PluginManage:359 - Loaded plugin ipmanager (category:base,tabindex:5)
2023-10-13 10:59:41,081 [INFO] PluginManage:310 - Check plugin lpbam
2023-10-13 10:59:41,090 [INFO] PluginManage:359 - Loaded plugin lpbam (category:base,tabindex:0)
2023-10-13 10:59:41,090 [INFO] PluginManage:310 - Check plugin memorymap
2023-10-13 10:59:41,097 [INFO] PluginManage:359 - Loaded plugin memorymap (category:base,tabindex:4)
2023-10-13 10:59:41,097 [INFO] PluginManage:310 - Check plugin pinoutandconfiguration
2023-10-13 10:59:41,103 [INFO] PluginManage:359 - Loaded plugin pinoutandconfiguration (category:base,tabindex:1)
2023-10-13 10:59:41,104 [INFO] PluginManage:310 - Check plugin pinoutconfig
2023-10-13 10:59:41,171 [WARN] SupportedApi:132 - Cannot load RTOS API schema: s4s-elt-must-match.1: The content of 'definitions' must match (annotation?, (simpleType | complexType)?, (unique | key | keyref)*)). A problem was found starting at: attribute.
2023-10-13 10:59:41,274 [INFO] PluginManage:359 - Loaded plugin pinoutconfig (category:base,tabindex:0)
2023-10-13 10:59:41,274 [INFO] PluginManage:310 - Check plugin power
2023-10-13 10:59:41,280 [INFO] PluginManage:359 - Loaded plugin power (category:power,tabindex:4)
2023-10-13 10:59:41,281 [INFO] PluginManage:310 - Check plugin projectmanager
2023-10-13 10:59:41,290 [INFO] PluginManage:359 - Loaded plugin projectmanager (category:projectmanager,tabindex:3)
2023-10-13 10:59:41,290 [INFO] PluginManage:310 - Check plugin thirdparty
2023-10-13 10:59:41,375 [INFO] PluginManage:359 - Loaded plugin thirdparty (category:base,tabindex:-1)
2023-10-13 10:59:41,375 [WARN] IntegrityCheckThread:84 - waiting for thirdparty lock release [integrity check]
2023-10-13 10:59:41,375 [INFO] PluginManage:310 - Check plugin tools
2023-10-13 10:59:41,375 [INFO] IntegrityCheckThread:86 - entering critical section [integrity check]
2023-10-13 10:59:41,376 [INFO] ThirdPartyUpdaterWithRetryManager:70 - Updater plugin not ready yet. [1/15]
2023-10-13 10:59:41,377 [INFO] PluginManage:359 - Loaded plugin tools (category:base,tabindex:7)
2023-10-13 10:59:41,377 [INFO] PluginManage:310 - Check plugin tutovideos
2023-10-13 10:59:41,488 [INFO] PluginManage:359 - Loaded plugin tutovideos (category:base,tabindex:-1)
2023-10-13 10:59:41,488 [INFO] PluginManage:310 - Check plugin updater
2023-10-13 10:59:41,496 [INFO] PluginManage:359 - Loaded plugin updater (category:base,tabindex:12)
2023-10-13 10:59:41,496 [INFO] PluginManage:310 - Check plugin userauth
2023-10-13 10:59:41,499 [INFO] UserAuth:113 - Init User Auth plugin
2023-10-13 10:59:41,499 [INFO] PluginManage:359 - Loaded plugin userauth (category:base,tabindex:14)
2023-10-13 10:59:41,500 [INFO] PluginManage:283 - PluginManage : Loaded plugins [17]
2023-10-13 10:59:41,657 [INFO] PinOutPanel:1499 - setPackage(No Configuration,No Configuration)
2023-10-13 10:59:41,714 [INFO] CADModel:165 - CPN selected for project level
2023-10-13 10:59:41,714 [INFO] CADModel:114 - Register for checkConnection events
2023-10-13 10:59:41,720 [INFO] IPUIPlugin:80 - create IPUIPlugin
2023-10-13 10:59:41,721 [INFO] PluginManager:220 - loadIPPluginJar : add genericplugin
2023-10-13 10:59:41,721 [INFO] IPUIPlugin:80 - create IPUIPlugin
2023-10-13 10:59:41,721 [INFO] PluginManager:220 - loadIPPluginJar : add ltdc
2023-10-13 10:59:41,724 [INFO] IPUIPlugin:80 - create IPUIPlugin
2023-10-13 10:59:41,724 [INFO] PluginManager:220 - loadIPPluginJar : add gpio
2023-10-13 10:59:41,725 [INFO] IPUIPlugin:80 - create IPUIPlugin
2023-10-13 10:59:41,725 [INFO] PluginManager:220 - loadIPPluginJar : add comp
2023-10-13 10:59:41,728 [INFO] IPUIPlugin:80 - create IPUIPlugin
2023-10-13 10:59:41,728 [INFO] PluginManager:220 - loadIPPluginJar : add spi
2023-10-13 10:59:41,730 [INFO] IPUIPlugin:80 - create IPUIPlugin
2023-10-13 10:59:41,730 [INFO] PluginManager:220 - loadIPPluginJar : add usart
2023-10-13 10:59:41,733 [INFO] IPUIPlugin:80 - create IPUIPlugin
2023-10-13 10:59:41,735 [INFO] PluginManager:220 - loadIPPluginJar : add plateformsettings
2023-10-13 10:59:41,735 [INFO] IPUIPlugin:80 - create IPUIPlugin
2023-10-13 10:59:41,735 [INFO] PluginManager:220 - loadIPPluginJar : add fatfs
2023-10-13 10:59:41,737 [INFO] IPUIPlugin:80 - create IPUIPlugin
2023-10-13 10:59:41,737 [INFO] PluginManager:220 - loadIPPluginJar : add can
2023-10-13 10:59:41,739 [INFO] IPUIPlugin:80 - create IPUIPlugin
2023-10-13 10:59:41,739 [INFO] PluginManager:220 - loadIPPluginJar : add resmgrutility
2023-10-13 10:59:41,743 [INFO] IPUIPlugin:80 - create IPUIPlugin
2023-10-13 10:59:41,744 [INFO] PluginManager:220 - loadIPPluginJar : add linkedlist
2023-10-13 10:59:41,745 [INFO] IPUIPlugin:80 - create IPUIPlugin
2023-10-13 10:59:41,745 [INFO] PluginManager:220 - loadIPPluginJar : add usbx
2023-10-13 10:59:41,746 [INFO] IPUIPlugin:80 - create IPUIPlugin
2023-10-13 10:59:41,746 [INFO] PluginManager:220 - loadIPPluginJar : add dfsdm
2023-10-13 10:59:41,747 [INFO] IPUIPlugin:80 - create IPUIPlugin
2023-10-13 10:59:41,747 [INFO] PluginManager:220 - loadIPPluginJar : add tsc
2023-10-13 10:59:41,748 [INFO] IPUIPlugin:80 - create IPUIPlugin
2023-10-13 10:59:41,748 [INFO] PluginManager:220 - loadIPPluginJar : add quadspi
2023-10-13 10:59:41,751 [INFO] IPUIPlugin:80 - create IPUIPlugin
2023-10-13 10:59:41,751 [INFO] PluginManager:220 - loadIPPluginJar : add stm32_wpan
2023-10-13 10:59:41,753 [INFO] IPUIPlugin:80 - create IPUIPlugin
2023-10-13 10:59:41,753 [INFO] PluginManager:220 - loadIPPluginJar : add touchsensing
2023-10-13 10:59:41,754 [INFO] IPUIPlugin:80 - create IPUIPlugin
2023-10-13 10:59:41,754 [INFO] PluginManager:220 - loadIPPluginJar : add opamp
2023-10-13 10:59:41,755 [INFO] IPUIPlugin:80 - create IPUIPlugin
2023-10-13 10:59:41,755 [INFO] PluginManager:220 - loadIPPluginJar : add tim
2023-10-13 10:59:41,759 [INFO] IPUIPlugin:80 - create IPUIPlugin
2023-10-13 10:59:41,759 [INFO] PluginManager:220 - loadIPPluginJar : add freertos
2023-10-13 10:59:41,761 [INFO] IPUIPlugin:80 - create IPUIPlugin
2023-10-13 10:59:41,761 [INFO] PluginManager:220 - loadIPPluginJar : add nvic
2023-10-13 10:59:41,762 [INFO] IPUIPlugin:80 - create IPUIPlugin
2023-10-13 10:59:41,762 [INFO] PluginManager:220 - loadIPPluginJar : add ts
2023-10-13 10:59:41,764 [INFO] IPUIPlugin:80 - create IPUIPlugin
2023-10-13 10:59:41,764 [INFO] PluginManager:220 - loadIPPluginJar : add fmc
2023-10-13 10:59:41,766 [INFO] IPUIPlugin:80 - create IPUIPlugin
2023-10-13 10:59:41,766 [INFO] PluginManager:220 - loadIPPluginJar : add ipddr
2023-10-13 10:59:41,769 [INFO] IPUIPlugin:80 - create IPUIPlugin
2023-10-13 10:59:41,769 [INFO] PluginManager:220 - loadIPPluginJar : add mdma
2023-10-13 10:59:41,770 [INFO] IPUIPlugin:80 - create IPUIPlugin
2023-10-13 10:59:41,771 [INFO] PluginManager:220 - loadIPPluginJar : add ucpd
2023-10-13 10:59:41,772 [INFO] IPUIPlugin:80 - create IPUIPlugin
2023-10-13 10:59:41,772 [INFO] PluginManager:220 - loadIPPluginJar : add lorawan
2023-10-13 10:59:41,773 [INFO] IPUIPlugin:80 - create IPUIPlugin
2023-10-13 10:59:41,773 [INFO] PluginManager:220 - loadIPPluginJar : add i2c
2023-10-13 10:59:41,774 [INFO] IPUIPlugin:80 - create IPUIPlugin
2023-10-13 10:59:41,774 [INFO] PluginManager:220 - loadIPPluginJar : add aes
2023-10-13 10:59:41,775 [INFO] IPUIPlugin:80 - create IPUIPlugin
2023-10-13 10:59:41,775 [INFO] PluginManager:220 - loadIPPluginJar : add tracer_emb
2023-10-13 10:59:41,777 [INFO] IPUIPlugin:80 - create IPUIPlugin
2023-10-13 10:59:41,777 [INFO] PluginManager:220 - loadIPPluginJar : add sai
2023-10-13 10:59:41,779 [INFO] IPUIPlugin:80 - create IPUIPlugin
2023-10-13 10:59:41,780 [INFO] PluginManager:220 - loadIPPluginJar : add hash
2023-10-13 10:59:41,781 [INFO] IPUIPlugin:80 - create IPUIPlugin
2023-10-13 10:59:41,782 [INFO] PluginManager:220 - loadIPPluginJar : add i2s
2023-10-13 10:59:41,783 [INFO] IPUIPlugin:80 - create IPUIPlugin
2023-10-13 10:59:41,783 [INFO] PluginManager:220 - loadIPPluginJar : add cryp
2023-10-13 10:59:41,784 [INFO] IPUIPlugin:80 - create IPUIPlugin
2023-10-13 10:59:41,784 [INFO] PluginManager:220 - loadIPPluginJar : add gtzc
2023-10-13 10:59:41,786 [INFO] IPUIPlugin:80 - create IPUIPlugin
2023-10-13 10:59:41,786 [INFO] PluginManager:220 - loadIPPluginJar : add dma3
2023-10-13 10:59:41,788 [INFO] IPUIPlugin:80 - create IPUIPlugin
2023-10-13 10:59:41,788 [INFO] PluginManager:220 - loadIPPluginJar : add pdm2pcm
2023-10-13 10:59:41,792 [INFO] IPUIPlugin:80 - create IPUIPlugin
2023-10-13 10:59:41,792 [INFO] PluginManager:220 - loadIPPluginJar : add adc
2023-10-13 10:59:41,793 [INFO] IPUIPlugin:80 - create IPUIPlugin
2023-10-13 10:59:41,793 [INFO] PluginManager:220 - loadIPPluginJar : add gfxmmu
2023-10-13 10:59:41,796 [INFO] IPUIPlugin:80 - create IPUIPlugin
2023-10-13 10:59:41,796 [INFO] PluginManager:220 - loadIPPluginJar : add dma
2023-10-13 10:59:41,798 [INFO] IPUIPlugin:80 - create IPUIPlugin
2023-10-13 10:59:41,798 [INFO] PluginManager:220 - loadIPPluginJar : add gic
2023-10-13 10:59:41,799 [INFO] IPUIPlugin:80 - create IPUIPlugin
2023-10-13 10:59:41,800 [INFO] PluginManager:220 - loadIPPluginJar : add i3c
2023-10-13 10:59:41,801 [INFO] IPUIPlugin:80 - create IPUIPlugin
2023-10-13 10:59:41,801 [INFO] PluginManager:220 - loadIPPluginJar : add openamp
2023-10-13 10:59:41,891 [INFO] CADModel:165 - CPN selected for project level
2023-10-13 10:59:41,891 [INFO] CADModel:114 - Register for checkConnection events
2023-10-13 10:59:41,891 [FATAL] Updater:308 - Updater called before beeing initialized
2023-10-13 10:59:41,891 [ERROR] CADModel:125 - Updater not yet initialized, retry later 
2023-10-13 10:59:41,992 [INFO] CADModel:165 - CPN selected for project level
2023-10-13 10:59:41,992 [INFO] CADModel:114 - Register for checkConnection events
2023-10-13 10:59:41,992 [FATAL] Updater:308 - Updater called before beeing initialized
2023-10-13 10:59:41,992 [ERROR] CADModel:125 - Updater not yet initialized, retry later 
2023-10-13 10:59:41,994 [FATAL] Updater:308 - Updater called before beeing initialized
2023-10-13 10:59:42,037 [FATAL] Updater:308 - Updater called before beeing initialized
2023-10-13 10:59:42,040 [INFO] DbMcusAds:53 - JSON generation date=Tue Mar 07 15:50:55 WIB 2023 (1678179055114)
2023-10-13 10:59:42,041 [FATAL] Updater:308 - Updater called before beeing initialized
2023-10-13 10:59:42,062 [WARN] DetailPanel:346 - Failed to get advertising image, set to default
2023-10-13 10:59:42,127 [FATAL] Updater:308 - Updater called before beeing initialized
2023-10-13 10:59:42,128 [FATAL] Updater:308 - Updater called before beeing initialized
2023-10-13 10:59:42,128 [FATAL] Updater:308 - Updater called before beeing initialized
2023-10-13 10:59:42,128 [WARN] DetailPanel:346 - Failed to get advertising image, set to default
2023-10-13 10:59:42,129 [FATAL] Updater:308 - Updater called before beeing initialized
2023-10-13 10:59:42,153 [ERROR] Updater:1120 - MainUpdater not yet initialized. External WinMGr cannot be set.
2023-10-13 10:59:42,154 [INFO] Updater:1056 - Updater Version found : 6.9.1
2023-10-13 10:59:42,166 [INFO] ApplicationProperties:184 - Using Application install path: /opt/st/stm32cubeide_1.13.0/../../../home/hendri/.eclipse/com.st.stm32cube.ide.mcu.rcp.product_1.13.0_139062291_linux_gtk_x86_64/plugins/com.st.stm32cube.common.mx_6.9.1.202307191849
2023-10-13 10:59:43,513 [INFO] MainUpdater:2868 - connection check result : 10
2023-10-13 10:59:43,514 [INFO] MainUpdater:285 - Updater Check For Update Now.
2023-10-13 10:59:43,514 [INFO] MicroXplorer:498 - Change Database Version : DB.6.0.91
2023-10-13 10:59:43,516 [INFO] McuFinderGlobals:63 - Set McuFinder mode to 2 (CubeIDE integrated)
2023-10-13 10:59:43,516 [INFO] UserAuth:179 - activating auth plugin
2023-10-13 10:59:43,519 [INFO] UserAuth:393 - Internet connection configuration mode: 1
2023-10-13 10:59:43,536 [INFO] JxBrowserEngine:151 - Initiate JxBrowser Engine with user profile folder
2023-10-13 10:59:43,672 [INFO] CheckServerUpdateThread:120 - End of CheckServer Thread
2023-10-13 10:59:43,930 [INFO] WebApp:157 - Instantiating new browser for Auth
2023-10-13 10:59:44,233 [INFO] WebApp:753 - Register for checkConnection events
2023-10-13 10:59:44,233 [INFO] WebApp:390 - Apply proxy settings
2023-10-13 10:59:44,233 [INFO] WebApp:475 - Chromium requires no authentication
2023-10-13 10:59:44,237 [INFO] WebApp:418 - Direct internet connection detected
2023-10-13 10:59:44,309 [INFO] WebApp:188 - Starting web application
2023-10-13 10:59:44,309 [INFO] WebApp:520 - Web application path used /opt/st/stm32cubeide_1.13.0/../../../home/hendri/.eclipse/com.st.stm32cube.ide.mcu.rcp.product_1.13.0_139062291_linux_gtk_x86_64/plugins/com.st.stm32cube.common.mx_6.9.1.202307191849/db/plugins/mcufinder/reactClient1/index.html
2023-10-13 10:59:44,448 [WARN] PackLoader:240 - Cannot read IP mode file for STMicroelectronics.X-CUBE-SMBUS.2.1.0
2023-10-13 10:59:44,467 [WARN] PackLoader:240 - Cannot read IP mode file for STMicroelectronics.X-CUBE-AZRTOS-F7.1.1.0
2023-10-13 10:59:44,473 [WARN] PackLoader:240 - Cannot read IP mode file for STMicroelectronics.FP-SNS-MOTENV1.4.3.2
2023-10-13 10:59:44,477 [WARN] PackLoader:240 - Cannot read IP mode file for STMicroelectronics.FP-SNS-FLIGHT1.5.0.1
2023-10-13 10:59:44,481 [WARN] PackLoader:240 - Cannot read IP mode file for STMicroelectronics.X-CUBE-BLE1.6.2.3
2023-10-13 10:59:44,484 [WARN] PackLoader:240 - Cannot read IP mode file for STMicroelectronics.X-CUBE-BLE1.6.2.4
2023-10-13 10:59:44,486 [WARN] PackLoader:240 - Cannot read IP mode file for STMicroelectronics.FP-SNS-FLIGHT1.5.0.2
2023-10-13 10:59:44,490 [WARN] PackLoader:240 - Cannot read IP mode file for STMicroelectronics.X-CUBE-DISPLAY.3.0.0
2023-10-13 10:59:44,496 [WARN] PackLoader:240 - Cannot read IP mode file for STMicroelectronics.X-CUBE-BLE1.7.0.0
2023-10-13 10:59:44,499 [WARN] PackLoader:240 - Cannot read IP mode file for emotas.I-CUBE-CANOPEN.1.3.0
2023-10-13 10:59:44,501 [WARN] PackLoader:240 - Cannot read IP mode file for STMicroelectronics.X-CUBE-TOUCHGFX.4.22.0
2023-10-13 10:59:44,502 [WARN] PackLoader:240 - Cannot read IP mode file for STMicroelectronics.X-CUBE-TOUCHGFX.4.22.1
2023-10-13 10:59:44,529 [WARN] PackLoader:240 - Cannot read IP mode file for STMicroelectronics.X-CUBE-MEMS1.9.3.0
2023-10-13 10:59:44,636 [WARN] PackLoader:240 - Cannot read IP mode file for STMicroelectronics.FP-SNS-SMARTAG2.1.2.0
2023-10-13 10:59:44,644 [INFO] LogOutputStream:77 - [STDOUT_REDIRECT] 1 : Invalid condition id : UX_CORESTACK_Condition cause : null
2023-10-13 10:59:44,645 [INFO] LogOutputStream:77 - [STDOUT_REDIRECT] 1 : Invalid condition id : UX_CORESTACK_Condition cause : null
2023-10-13 10:59:44,645 [INFO] LogOutputStream:77 - [STDOUT_REDIRECT] 1 : Invalid condition id : UX_CORESTACK_Condition cause : null
2023-10-13 10:59:44,645 [INFO] LogOutputStream:77 - [STDOUT_REDIRECT] 1 : Invalid condition id : UX_CORESTACK_Condition cause : null
2023-10-13 10:59:44,645 [INFO] LogOutputStream:77 - [STDOUT_REDIRECT] 1 : Invalid condition id : UX_CORESTACK_Condition cause : null
2023-10-13 10:59:44,648 [WARN] PackLoader:240 - Cannot read IP mode file for STMicroelectronics.X-CUBE-AZRTOS-WL.2.0.0
2023-10-13 10:59:44,654 [WARN] PackLoader:240 - Cannot read IP mode file for WES.I-CUBE-Cesium.1.3.0
2023-10-13 10:59:44,657 [WARN] PackLoader:240 - Cannot read IP mode file for STMicroelectronics.X-CUBE-BLE2.3.3.0
2023-10-13 10:59:44,661 [WARN] PackLoader:240 - Cannot read IP mode file for STMicroelectronics.X-CUBE-DISPLAY.2.2.0
2023-10-13 10:59:44,671 [WARN] PackLoader:240 - Cannot read IP mode file for STMicroelectronics.X-CUBE-TOF1.3.2.0
2023-10-13 10:59:44,692 [WARN] PackLoader:240 - Cannot read IP mode file for STMicroelectronics.X-CUBE-AZRTOS-H7.2.1.0
2023-10-13 10:59:44,697 [WARN] PackLoader:240 - Cannot read IP mode file for STMicroelectronics.X-CUBE-AI.7.3.0
2023-10-13 10:59:44,701 [WARN] PackLoader:240 - Cannot read IP mode file for STMicroelectronics.X-CUBE-ALGOBUILD.1.3.0
2023-10-13 10:59:44,712 [WARN] PackLoader:240 - Cannot read IP mode file for STMicroelectronics.X-CUBE-AZRTOS-G0.1.1.0
2023-10-13 10:59:44,716 [WARN] PackLoader:240 - Cannot read IP mode file for STMicroelectronics.X-CUBE-NFC4.3.0.0
2023-10-13 10:59:44,738 [WARN] PackLoader:240 - Cannot read IP mode file for SEGGER.I-CUBE-embOS.1.2.1
2023-10-13 10:59:44,760 [WARN] PackLoader:240 - Cannot read IP mode file for STMicroelectronics.FP-ATR-SIGFOX1.3.2.0
2023-10-13 10:59:44,762 [WARN] PackLoader:240 - Cannot read IP mode file for STMicroelectronics.X-CUBE-TOUCHGFX.4.20.0
2023-10-13 10:59:44,776 [WARN] PackLoader:240 - Cannot read IP mode file for SEGGER.I-CUBE-embOS.1.3.1
2023-10-13 10:59:44,795 [WARN] PackLoader:240 - Cannot read IP mode file for STMicroelectronics.X-CUBE-GNSS1.6.0.0
2023-10-13 10:59:44,804 [WARN] PackLoader:240 - Cannot read IP mode file for STMicroelectronics.X-CUBE-AZRTOS-F4.1.1.0
2023-10-13 10:59:44,807 [WARN] PackLoader:240 - Cannot read IP mode file for wolfSSL.I-CUBE-wolfSSL.5.6.3
2023-10-13 10:59:44,810 [WARN] PackLoader:240 - Cannot read IP mode file for STMicroelectronics.X-CUBE-BLEMGR.1.2.0
2023-10-13 10:59:44,819 [WARN] PackLoader:240 - Cannot read IP mode file for STMicroelectronics.X-CUBE-AZRTOS-L5.2.0.0
2023-10-13 10:59:44,843 [WARN] PackLoader:240 - Cannot read IP mode file for STMicroelectronics.X-CUBE-MEMS1.9.6.0
2023-10-13 10:59:44,922 [WARN] PackLoader:240 - Cannot read IP mode file for ITTIA_DB.I-CUBE-ITTIADB.8.8.0
2023-10-13 10:59:44,924 [WARN] PackLoader:240 - Cannot read IP mode file for emotas.I-CUBE-CANOPEN.1.1.3
2023-10-13 10:59:44,927 [WARN] PackLoader:240 - Cannot read IP mode file for STMicroelectronics.X-CUBE-BLEMGR.2.0.0
2023-10-13 10:59:44,932 [WARN] PackLoader:240 - Cannot read IP mode file for STMicroelectronics.X-CUBE-NFC4.2.0.5
2023-10-13 10:59:44,934 [WARN] PackLoader:240 - Cannot read IP mode file for STMicroelectronics.X-CUBE-NFC4.2.0.4
2023-10-13 10:59:44,942 [WARN] ConditionMgr:438 - getConditionDescription Invalid condition id : UX DEVICE CLASS RTOS Condition cause : null
2023-10-13 10:59:44,943 [WARN] ConditionMgr:438 - getConditionDescription Invalid condition id : UX DEVICE CLASS RTOS Condition cause : null
2023-10-13 10:59:44,944 [WARN] PackLoader:240 - Cannot read IP mode file for STMicroelectronics.X-CUBE-AZRTOS-H7.3.1.0
2023-10-13 10:59:44,945 [WARN] ConditionMgr:1039 - genDependencies : Invalid condition id : UX DEVICE CLASS RTOS Condition cause : null
2023-10-13 10:59:44,945 [WARN] ConditionMgr:1039 - genDependencies : Invalid condition id : UX DEVICE CLASS RTOS Condition cause : null
2023-10-13 10:59:44,945 [WARN] ConditionMgr:1039 - genDependencies : Invalid condition id : UX DEVICE CLASS RTOS Condition cause : null
2023-10-13 10:59:44,945 [WARN] ConditionMgr:1039 - genDependencies : Invalid condition id : UX DEVICE CLASS RTOS Condition cause : null
2023-10-13 10:59:44,945 [WARN] ConditionMgr:1039 - genDependencies : Invalid condition id : UX DEVICE CLASS RTOS Condition cause : null
2023-10-13 10:59:44,948 [WARN] PackLoader:240 - Cannot read IP mode file for wolfSSL.I-CUBE-wolfSSL.5.5.3
2023-10-13 10:59:44,950 [WARN] PackLoader:240 - Cannot read IP mode file for STMicroelectronics.X-CUBE-NFC7.1.0.1
2023-10-13 10:59:44,952 [WARN] PackLoader:240 - Cannot read IP mode file for STMicroelectronics.X-CUBE-NFC7.1.0.0
2023-10-13 10:59:44,955 [WARN] PackLoader:240 - Cannot read IP mode file for STMicroelectronics.X-CUBE-NFC6.3.0.0
2023-10-13 10:59:44,958 [WARN] PackLoader:240 - Cannot read IP mode file for STMicroelectronics.X-CUBE-EEPRMA1.4.1.0
2023-10-13 10:59:44,961 [WARN] PackLoader:240 - Cannot read IP mode file for STMicroelectronics.X-CUBE-AI.8.1.0
2023-10-13 10:59:44,969 [WARN] ConditionMgr:438 - getConditionDescription Invalid condition id : LAN8742 Phy interface Condition cause : null
2023-10-13 10:59:44,969 [WARN] PackLoader:240 - Cannot read IP mode file for STMicroelectronics.X-CUBE-AZRTOS-L4.2.0.0
2023-10-13 10:59:44,970 [WARN] ConditionMgr:1039 - genDependencies : Invalid condition id : LAN8742 Phy interface Condition cause : null
2023-10-13 10:59:44,970 [WARN] ConditionMgr:1039 - genDependencies : Invalid condition id : LAN8742 Phy interface Condition cause : null
2023-10-13 10:59:44,971 [WARN] ConditionMgr:1039 - genDependencies : Invalid condition id : LAN8742 Phy interface Condition cause : null
2023-10-13 10:59:44,974 [WARN] PackLoader:240 - Cannot read IP mode file for STMicroelectronics.X-CUBE-SFXS2LP1.4.0.0
2023-10-13 10:59:44,977 [WARN] PackLoader:240 - Cannot read IP mode file for STMicroelectronics.X-CUBE-ISPU.1.1.0
2023-10-13 10:59:44,980 [WARN] PackLoader:240 - Cannot read IP mode file for RoweBots.I-CUBE-UNISONRTOS.5.5.0-4
2023-10-13 10:59:44,986 [WARN] ConditionMgr:438 - getConditionDescription Invalid condition id : UX DEVICE CLASS RTOS Condition cause : null
2023-10-13 10:59:44,986 [WARN] ConditionMgr:438 - getConditionDescription Invalid condition id : UX DEVICE CLASS RTOS Condition cause : null
2023-10-13 10:59:44,987 [WARN] PackLoader:240 - Cannot read IP mode file for STMicroelectronics.X-CUBE-AZRTOS-WB.2.0.0
2023-10-13 10:59:44,987 [WARN] ConditionMgr:1039 - genDependencies : Invalid condition id : UX DEVICE CLASS RTOS Condition cause : null
2023-10-13 10:59:44,987 [WARN] ConditionMgr:1039 - genDependencies : Invalid condition id : UX DEVICE CLASS RTOS Condition cause : null
2023-10-13 10:59:44,987 [WARN] ConditionMgr:1039 - genDependencies : Invalid condition id : UX DEVICE CLASS RTOS Condition cause : null
2023-10-13 10:59:44,988 [WARN] ConditionMgr:1039 - genDependencies : Invalid condition id : UX DEVICE CLASS RTOS Condition cause : null
2023-10-13 10:59:44,988 [WARN] ConditionMgr:1039 - genDependencies : Invalid condition id : UX DEVICE CLASS RTOS Condition cause : null
2023-10-13 10:59:44,990 [WARN] PackLoader:240 - Cannot read IP mode file for STMicroelectronics.X-CUBE-FREERTOS.1.0.1
2023-10-13 10:59:44,997 [WARN] PackLoader:240 - Cannot read IP mode file for STMicroelectronics.X-CUBE-AZRTOS-L5.1.1.0
2023-10-13 10:59:44,999 [WARN] PackLoader:240 - Cannot read IP mode file for STMicroelectronics.X-CUBE-AI.8.0.1
2023-10-13 10:59:45,003 [WARN] PackLoader:240 - Cannot read IP mode file for STMicroelectronics.X-CUBE-SUBG2.5.0.0
2023-10-13 10:59:45,010 [WARN] PackLoader:240 - Cannot read IP mode file for STMicroelectronics.X-CUBE-TOF1.3.3.1
2023-10-13 10:59:45,019 [WARN] PackLoader:240 - Cannot read IP mode file for STMicroelectronics.X-CUBE-AZRTOS-G4.2.0.0
2023-10-13 10:59:45,024 [WARN] PackLoader:240 - Cannot read IP mode file for STMicroelectronics.X-CUBE-TOF1.3.3.0
2023-10-13 10:59:45,030 [WARN] PackLoader:240 - Cannot read IP mode file for STMicroelectronics.FP-ATR-ASTRA1.1.1.1
2023-10-13 10:59:45,038 [WARN] PackLoader:240 - Cannot read IP mode file for Infineon.AIROC-Wi-Fi-Bluetooth-STM32.1.5.1
2023-10-13 10:59:45,045 [WARN] PackLoader:240 - Cannot read IP mode file for STMicroelectronics.X-CUBE-AZRTOS-G4.1.0.0
2023-10-13 10:59:45,053 [WARN] PackLoader:240 - Cannot read IP mode file for STMicroelectronics.X-CUBE-AZRTOS-L4.1.0.0
2023-10-13 10:59:45,056 [WARN] PackLoader:240 - Cannot read IP mode file for STMicroelectronics.X-CUBE-FREERTOS.1.1.0
2023-10-13 10:59:45,061 [WARN] PackLoader:240 - Cannot read IP mode file for STMicroelectronics.X-CUBE-AZRTOS-WL.1.0.0
2023-10-13 10:59:45,063 [WARN] PackLoader:240 - Cannot read IP mode file for portGmbH.I-Cube-SoM-uGOAL.1.1.0
2023-10-13 10:59:45,064 [WARN] PackLoader:240 - Cannot read IP mode file for STMicroelectronics.X-CUBE-ALS.1.0.1
2023-10-13 10:59:45,070 [WARN] PackLoader:240 - Cannot read IP mode file for STMicroelectronics.X-CUBE-AZRTOS-WB.1.1.0
2023-10-13 10:59:45,077 [WARN] PackLoader:240 - Cannot read IP mode file for STMicroelectronics.X-CUBE-AZRTOS-L5.1.0.0
2023-10-13 10:59:45,080 [WARN] PackLoader:240 - Cannot read IP mode file for STMicroelectronics.X-CUBE-EEPRMA1.3.1.1
2023-10-13 10:59:45,082 [WARN] PackLoader:240 - Cannot read IP mode file for STMicroelectronics.FP-ATR-ASTRA1.2.0.0
2023-10-13 10:59:45,082 [INFO] ThirdParty:978 - Integrity check success = true
2023-10-13 10:59:45,082 [INFO] IntegrityCheckThread:100 - exiting critical section [integrity check]
2023-10-13 10:59:45,082 [INFO] IntegrityCheckThread:103 - End integrity checks thread
2023-10-13 11:03:20,835 [ERROR] LogOutputStream:75 - [STDERR_REDIRECT] 
