2023-10-24 16:08:14,183 [INFO] Activator:176 - 


2023-10-24 16:08:14,190 [INFO] Activator:177 - !SESSION log4j initialized
2023-10-24 16:08:19,072 [INFO] LogOutputStream:77 - [STDOUT_REDIRECT] 
2023-10-24 16:08:19,884 [INFO] ApplicationProperties:184 - Using Application install path: /opt/st/stm32cubeide_1.13.0/../../../home/hendri/.eclipse/com.st.stm32cube.ide.mcu.rcp.product_1.13.0_139062291_linux_gtk_x86_64/plugins/com.st.stm32cube.common.mx_6.9.1.202307191849
2023-10-24 16:08:19,904 [INFO] DbMcusXml:78 - Set database path to: /opt/st/stm32cubeide_1.13.0/../../../home/hendri/.eclipse/com.st.stm32cube.ide.mcu.rcp.product_1.13.0_139062291_linux_gtk_x86_64/plugins/com.st.stm32cube.common.mx_6.9.1.202307191849//db//mcu/
2023-10-24 16:08:19,904 [INFO] ApiDb:274 - Set plugin database path to: /opt/st/stm32cubeide_1.13.0/../../../home/hendri/.eclipse/com.st.stm32cube.ide.mcu.rcp.product_1.13.0_139062291_linux_gtk_x86_64/plugins/com.st.stm32cube.common.mx_6.9.1.202307191849//db//plugins/boardmanager/
2023-10-24 16:08:19,904 [WARN] ApiDb:259 - Overriding images path with different value:  => /opt/st/stm32cubeide_1.13.0/../../../home/hendri/.eclipse/com.st.stm32cube.ide.mcu.rcp.product_1.13.0_139062291_linux_gtk_x86_64/plugins/com.st.stm32cube.common.mx_6.9.1.202307191849//db//plugins/mcufinder/images/
2023-10-24 16:08:19,913 [INFO] ApiDb:250 - Set database path to: /home/hendri/.stmcufinder/plugins/mcufinder//mcu/
2023-10-24 16:08:19,914 [INFO] DbMcusAds:125 - Set database path to: /home/hendri/.stmcufinder/plugins/mcufinder//mcu/
2023-10-24 16:08:19,916 [INFO] CrossReferenceDbSqlite:203 - Set database path to: /home/hendri/.stmcufinder/plugins/mcufinder//mcu/cs/
2023-10-24 16:08:20,045 [INFO] RulesReader:64 - Compatibility file has been processed (293 Rules)
2023-10-24 16:08:20,139 [INFO] DbMcusXml:78 - Set database path to: /opt/st/stm32cubeide_1.13.0/../../../home/hendri/.eclipse/com.st.stm32cube.ide.mcu.rcp.product_1.13.0_139062291_linux_gtk_x86_64/plugins/com.st.stm32cube.common.mx_6.9.1.202307191849//db//mcu/
2023-10-24 16:08:20,139 [INFO] ApiDb:274 - Set plugin database path to: /opt/st/stm32cubeide_1.13.0/../../../home/hendri/.eclipse/com.st.stm32cube.ide.mcu.rcp.product_1.13.0_139062291_linux_gtk_x86_64/plugins/com.st.stm32cube.common.mx_6.9.1.202307191849//db//plugins/boardmanager/
2023-10-24 16:08:20,139 [INFO] ApiDb:261 - Set plugin images path to: /opt/st/stm32cubeide_1.13.0/../../../home/hendri/.eclipse/com.st.stm32cube.ide.mcu.rcp.product_1.13.0_139062291_linux_gtk_x86_64/plugins/com.st.stm32cube.common.mx_6.9.1.202307191849//db//plugins/mcufinder/images/
2023-10-24 16:08:20,140 [WARN] DbFile:41 - Overriding database path with different value: /home/hendri/.stmcufinder/plugins/mcufinder/ => /home/hendri/.stmcufinder/plugins/mcufinder
2023-10-24 16:08:20,140 [INFO] ApiDb:250 - Set database path to: /home/hendri/.stmcufinder/plugins/mcufinder//mcu/
2023-10-24 16:08:20,140 [WARN] DbFile:41 - Overriding database path with different value: /home/hendri/.stmcufinder/plugins/mcufinder/ => /home/hendri/.stmcufinder/plugins/mcufinder
2023-10-24 16:08:20,140 [INFO] DbMcusAds:125 - Set database path to: /home/hendri/.stmcufinder/plugins/mcufinder//mcu/
2023-10-24 16:08:20,140 [WARN] DbFile:41 - Overriding database path with different value: /home/hendri/.stmcufinder/plugins/mcufinder/ => /home/hendri/.stmcufinder/plugins/mcufinder
2023-10-24 16:08:20,141 [WARN] DbFile:41 - Overriding database path with different value: /home/hendri/.stmcufinder/plugins/mcufinder/ => /home/hendri/.stmcufinder/plugins/mcufinder
2023-10-24 16:08:20,141 [INFO] CrossReferenceDbSqlite:203 - Set database path to: /home/hendri/.stmcufinder/plugins/mcufinder//mcu/cs/
2023-10-24 16:08:20,206 [INFO] MainPanel:262 - HeapMemory: 268435456
2023-10-24 16:08:20,278 [INFO] DbMcusXml:78 - Set database path to: /opt/st/stm32cubeide_1.13.0/../../../home/hendri/.eclipse/com.st.stm32cube.ide.mcu.rcp.product_1.13.0_139062291_linux_gtk_x86_64/plugins/com.st.stm32cube.common.mx_6.9.1.202307191849//db//mcu/
2023-10-24 16:08:20,278 [INFO] ApiDb:274 - Set plugin database path to: /opt/st/stm32cubeide_1.13.0/../../../home/hendri/.eclipse/com.st.stm32cube.ide.mcu.rcp.product_1.13.0_139062291_linux_gtk_x86_64/plugins/com.st.stm32cube.common.mx_6.9.1.202307191849//db//plugins/boardmanager/
2023-10-24 16:08:20,278 [INFO] ApiDb:261 - Set plugin images path to: /opt/st/stm32cubeide_1.13.0/../../../home/hendri/.eclipse/com.st.stm32cube.ide.mcu.rcp.product_1.13.0_139062291_linux_gtk_x86_64/plugins/com.st.stm32cube.common.mx_6.9.1.202307191849//db//plugins/mcufinder/images/
2023-10-24 16:08:20,279 [WARN] DbFile:41 - Overriding database path with different value: /home/hendri/.stmcufinder/plugins/mcufinder/ => /home/hendri/.stmcufinder/plugins/mcufinder
2023-10-24 16:08:20,279 [INFO] ApiDb:250 - Set database path to: /home/hendri/.stmcufinder/plugins/mcufinder//mcu/
2023-10-24 16:08:20,279 [WARN] DbFile:41 - Overriding database path with different value: /home/hendri/.stmcufinder/plugins/mcufinder/ => /home/hendri/.stmcufinder/plugins/mcufinder
2023-10-24 16:08:20,279 [INFO] DbMcusAds:125 - Set database path to: /home/hendri/.stmcufinder/plugins/mcufinder//mcu/
2023-10-24 16:08:20,279 [WARN] DbFile:41 - Overriding database path with different value: /home/hendri/.stmcufinder/plugins/mcufinder/ => /home/hendri/.stmcufinder/plugins/mcufinder
2023-10-24 16:08:20,279 [WARN] DbFile:41 - Overriding database path with different value: /home/hendri/.stmcufinder/plugins/mcufinder/ => /home/hendri/.stmcufinder/plugins/mcufinder
2023-10-24 16:08:20,280 [INFO] CrossReferenceDbSqlite:203 - Set database path to: /home/hendri/.stmcufinder/plugins/mcufinder//mcu/cs/
2023-10-24 16:08:20,295 [INFO] ApplicationProperties:184 - Using Application install path: /opt/st/stm32cubeide_1.13.0/../../../home/hendri/.eclipse/com.st.stm32cube.ide.mcu.rcp.product_1.13.0_139062291_linux_gtk_x86_64/plugins/com.st.stm32cube.common.mx_6.9.1.202307191849
2023-10-24 16:08:20,297 [INFO] PluginManage:196 - Search for loadable plugins [exclusion list=, ]
2023-10-24 16:08:20,298 [INFO] PluginManage:310 - Check plugin analytics
2023-10-24 16:08:20,456 [INFO] AnalyticsPlugin:253 - Accepted Software Licenses: 
2023-10-24 16:08:20,456 [INFO] AnalyticsPlugin:255 - Accepted CMSIS Pack Licenses: 
2023-10-24 16:08:20,456 [INFO] AnalyticsPlugin:257 - Accepted Firmware Licenses: FW.F4.1.27.0,FW.H7.1.10.0,FW.F7.1.17.0,FW.H7.1.11.0
2023-10-24 16:08:20,459 [INFO] PluginManage:359 - Loaded plugin analytics (category:tool,tabindex:-1)
2023-10-24 16:08:20,460 [INFO] PluginManage:310 - Check plugin cadmodel
2023-10-24 16:08:20,900 [INFO] CADModel:105 - Init CAD model plugin
2023-10-24 16:08:20,900 [INFO] PluginManage:359 - Loaded plugin cadmodel (category:power,tabindex:5)
2023-10-24 16:08:20,900 [INFO] PluginManage:310 - Check plugin clock
2023-10-24 16:08:20,909 [INFO] PluginManage:359 - Loaded plugin clock (category:base,tabindex:2)
2023-10-24 16:08:20,909 [INFO] PluginManage:310 - Check plugin ddr
2023-10-24 16:08:20,911 [INFO] PluginManage:359 - Loaded plugin ddr (category:tool,tabindex:6)
2023-10-24 16:08:20,911 [INFO] PluginManage:310 - Check plugin filemanager
2023-10-24 16:08:21,031 [INFO] PluginManage:359 - Loaded plugin filemanager (category:base,tabindex:10)
2023-10-24 16:08:21,031 [INFO] PluginManage:310 - Check plugin ipmanager
2023-10-24 16:08:21,036 [INFO] PluginManage:359 - Loaded plugin ipmanager (category:base,tabindex:5)
2023-10-24 16:08:21,037 [INFO] PluginManage:310 - Check plugin lpbam
2023-10-24 16:08:21,044 [INFO] PluginManage:359 - Loaded plugin lpbam (category:base,tabindex:0)
2023-10-24 16:08:21,045 [INFO] PluginManage:310 - Check plugin memorymap
2023-10-24 16:08:21,054 [INFO] PluginManage:359 - Loaded plugin memorymap (category:base,tabindex:4)
2023-10-24 16:08:21,055 [INFO] PluginManage:310 - Check plugin pinoutandconfiguration
2023-10-24 16:08:21,061 [INFO] PluginManage:359 - Loaded plugin pinoutandconfiguration (category:base,tabindex:1)
2023-10-24 16:08:21,061 [INFO] PluginManage:310 - Check plugin pinoutconfig
2023-10-24 16:08:21,140 [WARN] SupportedApi:132 - Cannot load RTOS API schema: s4s-elt-must-match.1: The content of 'definitions' must match (annotation?, (simpleType | complexType)?, (unique | key | keyref)*)). A problem was found starting at: attribute.
2023-10-24 16:08:21,272 [INFO] PluginManage:359 - Loaded plugin pinoutconfig (category:base,tabindex:0)
2023-10-24 16:08:21,272 [INFO] PluginManage:310 - Check plugin power
2023-10-24 16:08:21,280 [INFO] PluginManage:359 - Loaded plugin power (category:power,tabindex:4)
2023-10-24 16:08:21,281 [INFO] PluginManage:310 - Check plugin projectmanager
2023-10-24 16:08:21,296 [INFO] PluginManage:359 - Loaded plugin projectmanager (category:projectmanager,tabindex:3)
2023-10-24 16:08:21,296 [INFO] PluginManage:310 - Check plugin thirdparty
2023-10-24 16:08:21,436 [INFO] PluginManage:359 - Loaded plugin thirdparty (category:base,tabindex:-1)
2023-10-24 16:08:21,436 [WARN] IntegrityCheckThread:84 - waiting for thirdparty lock release [integrity check]
2023-10-24 16:08:21,436 [INFO] PluginManage:310 - Check plugin tools
2023-10-24 16:08:21,437 [INFO] IntegrityCheckThread:86 - entering critical section [integrity check]
2023-10-24 16:08:21,437 [INFO] ThirdPartyUpdaterWithRetryManager:70 - Updater plugin not ready yet. [1/15]
2023-10-24 16:08:21,438 [INFO] PluginManage:359 - Loaded plugin tools (category:base,tabindex:7)
2023-10-24 16:08:21,439 [INFO] PluginManage:310 - Check plugin tutovideos
2023-10-24 16:08:21,613 [INFO] PluginManage:359 - Loaded plugin tutovideos (category:base,tabindex:-1)
2023-10-24 16:08:21,614 [INFO] PluginManage:310 - Check plugin updater
2023-10-24 16:08:21,622 [INFO] PluginManage:359 - Loaded plugin updater (category:base,tabindex:12)
2023-10-24 16:08:21,622 [INFO] PluginManage:310 - Check plugin userauth
2023-10-24 16:08:21,626 [INFO] UserAuth:113 - Init User Auth plugin
2023-10-24 16:08:21,626 [INFO] PluginManage:359 - Loaded plugin userauth (category:base,tabindex:14)
2023-10-24 16:08:21,627 [INFO] PluginManage:283 - PluginManage : Loaded plugins [17]
2023-10-24 16:08:21,794 [INFO] PinOutPanel:1499 - setPackage(No Configuration,No Configuration)
2023-10-24 16:08:21,878 [INFO] CADModel:165 - CPN selected for project level
2023-10-24 16:08:21,879 [INFO] CADModel:114 - Register for checkConnection events
2023-10-24 16:08:21,886 [INFO] IPUIPlugin:80 - create IPUIPlugin
2023-10-24 16:08:21,886 [INFO] PluginManager:220 - loadIPPluginJar : add genericplugin
2023-10-24 16:08:21,887 [INFO] IPUIPlugin:80 - create IPUIPlugin
2023-10-24 16:08:21,887 [INFO] PluginManager:220 - loadIPPluginJar : add ltdc
2023-10-24 16:08:21,890 [INFO] IPUIPlugin:80 - create IPUIPlugin
2023-10-24 16:08:21,890 [INFO] PluginManager:220 - loadIPPluginJar : add gpio
2023-10-24 16:08:21,891 [INFO] IPUIPlugin:80 - create IPUIPlugin
2023-10-24 16:08:21,892 [INFO] PluginManager:220 - loadIPPluginJar : add comp
2023-10-24 16:08:21,895 [INFO] IPUIPlugin:80 - create IPUIPlugin
2023-10-24 16:08:21,895 [INFO] PluginManager:220 - loadIPPluginJar : add spi
2023-10-24 16:08:21,897 [INFO] IPUIPlugin:80 - create IPUIPlugin
2023-10-24 16:08:21,897 [INFO] PluginManager:220 - loadIPPluginJar : add usart
2023-10-24 16:08:21,902 [INFO] IPUIPlugin:80 - create IPUIPlugin
2023-10-24 16:08:21,904 [INFO] PluginManager:220 - loadIPPluginJar : add plateformsettings
2023-10-24 16:08:21,905 [INFO] IPUIPlugin:80 - create IPUIPlugin
2023-10-24 16:08:21,905 [INFO] PluginManager:220 - loadIPPluginJar : add fatfs
2023-10-24 16:08:21,907 [INFO] IPUIPlugin:80 - create IPUIPlugin
2023-10-24 16:08:21,907 [INFO] PluginManager:220 - loadIPPluginJar : add can
2023-10-24 16:08:21,911 [INFO] IPUIPlugin:80 - create IPUIPlugin
2023-10-24 16:08:21,911 [INFO] PluginManager:220 - loadIPPluginJar : add resmgrutility
2023-10-24 16:08:21,917 [INFO] IPUIPlugin:80 - create IPUIPlugin
2023-10-24 16:08:21,917 [INFO] PluginManager:220 - loadIPPluginJar : add linkedlist
2023-10-24 16:08:21,919 [INFO] IPUIPlugin:80 - create IPUIPlugin
2023-10-24 16:08:21,919 [INFO] PluginManager:220 - loadIPPluginJar : add usbx
2023-10-24 16:08:21,921 [INFO] IPUIPlugin:80 - create IPUIPlugin
2023-10-24 16:08:21,921 [INFO] PluginManager:220 - loadIPPluginJar : add dfsdm
2023-10-24 16:08:21,922 [INFO] IPUIPlugin:80 - create IPUIPlugin
2023-10-24 16:08:21,922 [INFO] PluginManager:220 - loadIPPluginJar : add tsc
2023-10-24 16:08:21,923 [INFO] IPUIPlugin:80 - create IPUIPlugin
2023-10-24 16:08:21,923 [INFO] PluginManager:220 - loadIPPluginJar : add quadspi
2023-10-24 16:08:21,928 [INFO] IPUIPlugin:80 - create IPUIPlugin
2023-10-24 16:08:21,928 [INFO] PluginManager:220 - loadIPPluginJar : add stm32_wpan
2023-10-24 16:08:21,931 [INFO] IPUIPlugin:80 - create IPUIPlugin
2023-10-24 16:08:21,931 [INFO] PluginManager:220 - loadIPPluginJar : add touchsensing
2023-10-24 16:08:21,933 [INFO] IPUIPlugin:80 - create IPUIPlugin
2023-10-24 16:08:21,933 [INFO] PluginManager:220 - loadIPPluginJar : add opamp
2023-10-24 16:08:21,935 [INFO] IPUIPlugin:80 - create IPUIPlugin
2023-10-24 16:08:21,935 [INFO] PluginManager:220 - loadIPPluginJar : add tim
2023-10-24 16:08:21,939 [INFO] IPUIPlugin:80 - create IPUIPlugin
2023-10-24 16:08:21,940 [INFO] PluginManager:220 - loadIPPluginJar : add freertos
2023-10-24 16:08:21,943 [INFO] IPUIPlugin:80 - create IPUIPlugin
2023-10-24 16:08:21,943 [INFO] PluginManager:220 - loadIPPluginJar : add nvic
2023-10-24 16:08:21,944 [INFO] IPUIPlugin:80 - create IPUIPlugin
2023-10-24 16:08:21,944 [INFO] PluginManager:220 - loadIPPluginJar : add ts
2023-10-24 16:08:21,948 [INFO] IPUIPlugin:80 - create IPUIPlugin
2023-10-24 16:08:21,948 [INFO] PluginManager:220 - loadIPPluginJar : add fmc
2023-10-24 16:08:21,950 [INFO] IPUIPlugin:80 - create IPUIPlugin
2023-10-24 16:08:21,950 [INFO] PluginManager:220 - loadIPPluginJar : add ipddr
2023-10-24 16:08:21,956 [INFO] IPUIPlugin:80 - create IPUIPlugin
2023-10-24 16:08:21,956 [INFO] PluginManager:220 - loadIPPluginJar : add mdma
2023-10-24 16:08:21,958 [INFO] IPUIPlugin:80 - create IPUIPlugin
2023-10-24 16:08:21,958 [INFO] PluginManager:220 - loadIPPluginJar : add ucpd
2023-10-24 16:08:21,960 [INFO] IPUIPlugin:80 - create IPUIPlugin
2023-10-24 16:08:21,961 [INFO] PluginManager:220 - loadIPPluginJar : add lorawan
2023-10-24 16:08:21,963 [INFO] IPUIPlugin:80 - create IPUIPlugin
2023-10-24 16:08:21,963 [INFO] PluginManager:220 - loadIPPluginJar : add i2c
2023-10-24 16:08:21,965 [INFO] IPUIPlugin:80 - create IPUIPlugin
2023-10-24 16:08:21,965 [INFO] PluginManager:220 - loadIPPluginJar : add aes
2023-10-24 16:08:21,967 [INFO] IPUIPlugin:80 - create IPUIPlugin
2023-10-24 16:08:21,967 [INFO] PluginManager:220 - loadIPPluginJar : add tracer_emb
2023-10-24 16:08:21,969 [INFO] IPUIPlugin:80 - create IPUIPlugin
2023-10-24 16:08:21,969 [INFO] PluginManager:220 - loadIPPluginJar : add sai
2023-10-24 16:08:21,971 [INFO] IPUIPlugin:80 - create IPUIPlugin
2023-10-24 16:08:21,972 [INFO] PluginManager:220 - loadIPPluginJar : add hash
2023-10-24 16:08:21,973 [INFO] IPUIPlugin:80 - create IPUIPlugin
2023-10-24 16:08:21,974 [INFO] PluginManager:220 - loadIPPluginJar : add i2s
2023-10-24 16:08:21,976 [INFO] IPUIPlugin:80 - create IPUIPlugin
2023-10-24 16:08:21,976 [INFO] PluginManager:220 - loadIPPluginJar : add cryp
2023-10-24 16:08:21,978 [INFO] IPUIPlugin:80 - create IPUIPlugin
2023-10-24 16:08:21,978 [INFO] PluginManager:220 - loadIPPluginJar : add gtzc
2023-10-24 16:08:21,980 [INFO] IPUIPlugin:80 - create IPUIPlugin
2023-10-24 16:08:21,980 [INFO] PluginManager:220 - loadIPPluginJar : add dma3
2023-10-24 16:08:21,982 [INFO] IPUIPlugin:80 - create IPUIPlugin
2023-10-24 16:08:21,983 [INFO] PluginManager:220 - loadIPPluginJar : add pdm2pcm
2023-10-24 16:08:21,988 [INFO] IPUIPlugin:80 - create IPUIPlugin
2023-10-24 16:08:21,988 [INFO] PluginManager:220 - loadIPPluginJar : add adc
2023-10-24 16:08:21,989 [INFO] IPUIPlugin:80 - create IPUIPlugin
2023-10-24 16:08:21,990 [INFO] PluginManager:220 - loadIPPluginJar : add gfxmmu
2023-10-24 16:08:21,995 [INFO] IPUIPlugin:80 - create IPUIPlugin
2023-10-24 16:08:21,995 [INFO] PluginManager:220 - loadIPPluginJar : add dma
2023-10-24 16:08:22,000 [INFO] IPUIPlugin:80 - create IPUIPlugin
2023-10-24 16:08:22,000 [INFO] PluginManager:220 - loadIPPluginJar : add gic
2023-10-24 16:08:22,002 [INFO] IPUIPlugin:80 - create IPUIPlugin
2023-10-24 16:08:22,002 [INFO] PluginManager:220 - loadIPPluginJar : add i3c
2023-10-24 16:08:22,005 [INFO] IPUIPlugin:80 - create IPUIPlugin
2023-10-24 16:08:22,005 [INFO] PluginManager:220 - loadIPPluginJar : add openamp
2023-10-24 16:08:22,111 [INFO] CADModel:165 - CPN selected for project level
2023-10-24 16:08:22,111 [INFO] CADModel:114 - Register for checkConnection events
2023-10-24 16:08:22,111 [FATAL] Updater:308 - Updater called before beeing initialized
2023-10-24 16:08:22,111 [ERROR] CADModel:125 - Updater not yet initialized, retry later 
2023-10-24 16:08:22,243 [INFO] CADModel:165 - CPN selected for project level
2023-10-24 16:08:22,243 [INFO] CADModel:114 - Register for checkConnection events
2023-10-24 16:08:22,243 [FATAL] Updater:308 - Updater called before beeing initialized
2023-10-24 16:08:22,243 [ERROR] CADModel:125 - Updater not yet initialized, retry later 
2023-10-24 16:08:22,251 [FATAL] Updater:308 - Updater called before beeing initialized
2023-10-24 16:08:22,331 [FATAL] Updater:308 - Updater called before beeing initialized
2023-10-24 16:08:22,336 [INFO] DbMcusAds:53 - JSON generation date=Tue Mar 07 15:50:55 WIB 2023 (1678179055114)
2023-10-24 16:08:22,337 [FATAL] Updater:308 - Updater called before beeing initialized
2023-10-24 16:08:22,377 [WARN] DetailPanel:346 - Failed to get advertising image, set to default
2023-10-24 16:08:22,546 [FATAL] Updater:308 - Updater called before beeing initialized
2023-10-24 16:08:22,548 [FATAL] Updater:308 - Updater called before beeing initialized
2023-10-24 16:08:22,548 [FATAL] Updater:308 - Updater called before beeing initialized
2023-10-24 16:08:22,548 [WARN] DetailPanel:346 - Failed to get advertising image, set to default
2023-10-24 16:08:22,550 [FATAL] Updater:308 - Updater called before beeing initialized
2023-10-24 16:08:22,589 [ERROR] Updater:1120 - MainUpdater not yet initialized. External WinMGr cannot be set.
2023-10-24 16:08:22,591 [INFO] Updater:1056 - Updater Version found : 6.9.1
2023-10-24 16:08:22,610 [INFO] ApplicationProperties:184 - Using Application install path: /opt/st/stm32cubeide_1.13.0/../../../home/hendri/.eclipse/com.st.stm32cube.ide.mcu.rcp.product_1.13.0_139062291_linux_gtk_x86_64/plugins/com.st.stm32cube.common.mx_6.9.1.202307191849
2023-10-24 16:08:22,750 [INFO] MainUpdater:2868 - connection check result : 10
2023-10-24 16:08:22,751 [INFO] MainUpdater:285 - Updater Check For Update Now.
2023-10-24 16:08:22,751 [INFO] MicroXplorer:498 - Change Database Version : DB.6.0.91
2023-10-24 16:08:22,757 [INFO] McuFinderGlobals:63 - Set McuFinder mode to 2 (CubeIDE integrated)
2023-10-24 16:08:22,757 [INFO] UserAuth:179 - activating auth plugin
2023-10-24 16:08:22,760 [INFO] UserAuth:393 - Internet connection configuration mode: 1
2023-10-24 16:08:22,773 [INFO] JxBrowserEngine:151 - Initiate JxBrowser Engine with user profile folder
2023-10-24 16:08:22,943 [INFO] CheckServerUpdateThread:120 - End of CheckServer Thread
2023-10-24 16:08:23,431 [INFO] WebApp:157 - Instantiating new browser for Auth
2023-10-24 16:08:24,010 [INFO] WebApp:753 - Register for checkConnection events
2023-10-24 16:08:24,010 [INFO] WebApp:390 - Apply proxy settings
2023-10-24 16:08:24,010 [INFO] WebApp:475 - Chromium requires no authentication
2023-10-24 16:08:24,016 [INFO] WebApp:418 - Direct internet connection detected
2023-10-24 16:08:24,149 [INFO] WebApp:188 - Starting web application
2023-10-24 16:08:24,149 [INFO] WebApp:520 - Web application path used /opt/st/stm32cubeide_1.13.0/../../../home/hendri/.eclipse/com.st.stm32cube.ide.mcu.rcp.product_1.13.0_139062291_linux_gtk_x86_64/plugins/com.st.stm32cube.common.mx_6.9.1.202307191849/db/plugins/mcufinder/reactClient1/index.html
2023-10-24 16:08:24,558 [WARN] PackLoader:240 - Cannot read IP mode file for STMicroelectronics.X-CUBE-SMBUS.2.1.0
2023-10-24 16:08:24,601 [WARN] PackLoader:240 - Cannot read IP mode file for STMicroelectronics.X-CUBE-AZRTOS-F7.1.1.0
2023-10-24 16:08:24,615 [WARN] PackLoader:240 - Cannot read IP mode file for STMicroelectronics.FP-SNS-MOTENV1.4.3.2
2023-10-24 16:08:24,624 [WARN] PackLoader:240 - Cannot read IP mode file for STMicroelectronics.FP-SNS-FLIGHT1.5.0.1
2023-10-24 16:08:24,631 [WARN] PackLoader:240 - Cannot read IP mode file for STMicroelectronics.X-CUBE-BLE1.6.2.3
2023-10-24 16:08:24,638 [WARN] PackLoader:240 - Cannot read IP mode file for STMicroelectronics.X-CUBE-BLE1.6.2.4
2023-10-24 16:08:24,643 [WARN] PackLoader:240 - Cannot read IP mode file for STMicroelectronics.FP-SNS-FLIGHT1.5.0.2
2023-10-24 16:08:24,652 [WARN] PackLoader:240 - Cannot read IP mode file for STMicroelectronics.X-CUBE-DISPLAY.3.0.0
2023-10-24 16:08:24,664 [WARN] PackLoader:240 - Cannot read IP mode file for STMicroelectronics.X-CUBE-BLE1.7.0.0
2023-10-24 16:08:24,670 [WARN] PackLoader:240 - Cannot read IP mode file for emotas.I-CUBE-CANOPEN.1.3.0
2023-10-24 16:08:24,674 [WARN] PackLoader:240 - Cannot read IP mode file for STMicroelectronics.X-CUBE-TOUCHGFX.4.22.0
2023-10-24 16:08:24,677 [WARN] PackLoader:240 - Cannot read IP mode file for STMicroelectronics.X-CUBE-TOUCHGFX.4.22.1
2023-10-24 16:08:24,745 [WARN] PackLoader:240 - Cannot read IP mode file for STMicroelectronics.X-CUBE-MEMS1.9.3.0
2023-10-24 16:08:24,937 [WARN] PackLoader:240 - Cannot read IP mode file for STMicroelectronics.FP-SNS-SMARTAG2.1.2.0
2023-10-24 16:08:24,949 [INFO] LogOutputStream:77 - [STDOUT_REDIRECT] 1 : Invalid condition id : UX_CORESTACK_Condition cause : null
2023-10-24 16:08:24,950 [INFO] LogOutputStream:77 - [STDOUT_REDIRECT] 1 : Invalid condition id : UX_CORESTACK_Condition cause : null
2023-10-24 16:08:24,950 [INFO] LogOutputStream:77 - [STDOUT_REDIRECT] 1 : Invalid condition id : UX_CORESTACK_Condition cause : null
2023-10-24 16:08:24,951 [INFO] LogOutputStream:77 - [STDOUT_REDIRECT] 1 : Invalid condition id : UX_CORESTACK_Condition cause : null
2023-10-24 16:08:24,951 [INFO] LogOutputStream:77 - [STDOUT_REDIRECT] 1 : Invalid condition id : UX_CORESTACK_Condition cause : null
2023-10-24 16:08:24,956 [WARN] PackLoader:240 - Cannot read IP mode file for STMicroelectronics.X-CUBE-AZRTOS-WL.2.0.0
2023-10-24 16:08:24,964 [WARN] PackLoader:240 - Cannot read IP mode file for WES.I-CUBE-Cesium.1.3.0
2023-10-24 16:08:24,969 [WARN] PackLoader:240 - Cannot read IP mode file for STMicroelectronics.X-CUBE-BLE2.3.3.0
2023-10-24 16:08:24,991 [WARN] PackLoader:240 - Cannot read IP mode file for STMicroelectronics.X-CUBE-DISPLAY.2.2.0
2023-10-24 16:08:25,006 [WARN] PackLoader:240 - Cannot read IP mode file for STMicroelectronics.X-CUBE-TOF1.3.2.0
2023-10-24 16:08:25,042 [WARN] PackLoader:240 - Cannot read IP mode file for STMicroelectronics.X-CUBE-AZRTOS-H7.2.1.0
2023-10-24 16:08:25,049 [WARN] PackLoader:240 - Cannot read IP mode file for STMicroelectronics.X-CUBE-AI.7.3.0
2023-10-24 16:08:25,056 [WARN] PackLoader:240 - Cannot read IP mode file for STMicroelectronics.X-CUBE-ALGOBUILD.1.3.0
2023-10-24 16:08:25,076 [WARN] PackLoader:240 - Cannot read IP mode file for STMicroelectronics.X-CUBE-AZRTOS-G0.1.1.0
2023-10-24 16:08:25,084 [WARN] PackLoader:240 - Cannot read IP mode file for STMicroelectronics.X-CUBE-NFC4.3.0.0
2023-10-24 16:08:25,127 [WARN] PackLoader:240 - Cannot read IP mode file for SEGGER.I-CUBE-embOS.1.2.1
2023-10-24 16:08:25,170 [WARN] PackLoader:240 - Cannot read IP mode file for STMicroelectronics.FP-ATR-SIGFOX1.3.2.0
2023-10-24 16:08:25,173 [WARN] PackLoader:240 - Cannot read IP mode file for STMicroelectronics.X-CUBE-TOUCHGFX.4.20.0
2023-10-24 16:08:25,210 [WARN] PackLoader:240 - Cannot read IP mode file for SEGGER.I-CUBE-embOS.1.3.1
2023-10-24 16:08:25,259 [WARN] PackLoader:240 - Cannot read IP mode file for STMicroelectronics.X-CUBE-GNSS1.6.0.0
2023-10-24 16:08:25,286 [WARN] PackLoader:240 - Cannot read IP mode file for STMicroelectronics.X-CUBE-AZRTOS-F4.1.1.0
2023-10-24 16:08:25,294 [WARN] PackLoader:240 - Cannot read IP mode file for wolfSSL.I-CUBE-wolfSSL.5.6.3
2023-10-24 16:08:25,304 [WARN] PackLoader:240 - Cannot read IP mode file for STMicroelectronics.X-CUBE-BLEMGR.1.2.0
2023-10-24 16:08:25,332 [WARN] PackLoader:240 - Cannot read IP mode file for STMicroelectronics.X-CUBE-AZRTOS-L5.2.0.0
2023-10-24 16:08:25,414 [WARN] PackLoader:240 - Cannot read IP mode file for STMicroelectronics.X-CUBE-MEMS1.9.6.0
2023-10-24 16:08:25,712 [WARN] PackLoader:240 - Cannot read IP mode file for ITTIA_DB.I-CUBE-ITTIADB.8.8.0
2023-10-24 16:08:25,718 [WARN] PackLoader:240 - Cannot read IP mode file for emotas.I-CUBE-CANOPEN.1.1.3
2023-10-24 16:08:25,727 [WARN] PackLoader:240 - Cannot read IP mode file for STMicroelectronics.X-CUBE-BLEMGR.2.0.0
2023-10-24 16:08:25,737 [WARN] PackLoader:240 - Cannot read IP mode file for STMicroelectronics.X-CUBE-NFC4.2.0.5
2023-10-24 16:08:25,745 [WARN] PackLoader:240 - Cannot read IP mode file for STMicroelectronics.X-CUBE-NFC4.2.0.4
2023-10-24 16:08:25,764 [WARN] ConditionMgr:438 - getConditionDescription Invalid condition id : UX DEVICE CLASS RTOS Condition cause : null
2023-10-24 16:08:25,765 [WARN] ConditionMgr:438 - getConditionDescription Invalid condition id : UX DEVICE CLASS RTOS Condition cause : null
2023-10-24 16:08:25,769 [WARN] PackLoader:240 - Cannot read IP mode file for STMicroelectronics.X-CUBE-AZRTOS-H7.3.1.0
2023-10-24 16:08:25,771 [WARN] ConditionMgr:1039 - genDependencies : Invalid condition id : UX DEVICE CLASS RTOS Condition cause : null
2023-10-24 16:08:25,771 [WARN] ConditionMgr:1039 - genDependencies : Invalid condition id : UX DEVICE CLASS RTOS Condition cause : null
2023-10-24 16:08:25,773 [WARN] ConditionMgr:1039 - genDependencies : Invalid condition id : UX DEVICE CLASS RTOS Condition cause : null
2023-10-24 16:08:25,773 [WARN] ConditionMgr:1039 - genDependencies : Invalid condition id : UX DEVICE CLASS RTOS Condition cause : null
2023-10-24 16:08:25,774 [WARN] ConditionMgr:1039 - genDependencies : Invalid condition id : UX DEVICE CLASS RTOS Condition cause : null
2023-10-24 16:08:25,779 [WARN] PackLoader:240 - Cannot read IP mode file for wolfSSL.I-CUBE-wolfSSL.5.5.3
2023-10-24 16:08:25,784 [WARN] PackLoader:240 - Cannot read IP mode file for STMicroelectronics.X-CUBE-NFC7.1.0.1
2023-10-24 16:08:25,789 [WARN] PackLoader:240 - Cannot read IP mode file for STMicroelectronics.X-CUBE-NFC7.1.0.0
2023-10-24 16:08:25,798 [WARN] PackLoader:240 - Cannot read IP mode file for STMicroelectronics.X-CUBE-NFC6.3.0.0
2023-10-24 16:08:25,805 [WARN] PackLoader:240 - Cannot read IP mode file for STMicroelectronics.X-CUBE-EEPRMA1.4.1.0
2023-10-24 16:08:25,809 [WARN] PackLoader:240 - Cannot read IP mode file for STMicroelectronics.X-CUBE-AI.8.1.0
2023-10-24 16:08:25,828 [WARN] ConditionMgr:438 - getConditionDescription Invalid condition id : LAN8742 Phy interface Condition cause : null
2023-10-24 16:08:25,829 [WARN] PackLoader:240 - Cannot read IP mode file for STMicroelectronics.X-CUBE-AZRTOS-L4.2.0.0
2023-10-24 16:08:25,831 [WARN] ConditionMgr:1039 - genDependencies : Invalid condition id : LAN8742 Phy interface Condition cause : null
2023-10-24 16:08:25,832 [WARN] ConditionMgr:1039 - genDependencies : Invalid condition id : LAN8742 Phy interface Condition cause : null
2023-10-24 16:08:25,833 [WARN] ConditionMgr:1039 - genDependencies : Invalid condition id : LAN8742 Phy interface Condition cause : null
2023-10-24 16:08:25,841 [WARN] PackLoader:240 - Cannot read IP mode file for STMicroelectronics.X-CUBE-SFXS2LP1.4.0.0
2023-10-24 16:08:25,846 [WARN] PackLoader:240 - Cannot read IP mode file for STMicroelectronics.X-CUBE-ISPU.1.1.0
2023-10-24 16:08:25,853 [WARN] PackLoader:240 - Cannot read IP mode file for RoweBots.I-CUBE-UNISONRTOS.5.5.0-4
2023-10-24 16:08:25,869 [WARN] ConditionMgr:438 - getConditionDescription Invalid condition id : UX DEVICE CLASS RTOS Condition cause : null
2023-10-24 16:08:25,869 [WARN] ConditionMgr:438 - getConditionDescription Invalid condition id : UX DEVICE CLASS RTOS Condition cause : null
2023-10-24 16:08:25,872 [WARN] PackLoader:240 - Cannot read IP mode file for STMicroelectronics.X-CUBE-AZRTOS-WB.2.0.0
2023-10-24 16:08:25,873 [WARN] ConditionMgr:1039 - genDependencies : Invalid condition id : UX DEVICE CLASS RTOS Condition cause : null
2023-10-24 16:08:25,874 [WARN] ConditionMgr:1039 - genDependencies : Invalid condition id : UX DEVICE CLASS RTOS Condition cause : null
2023-10-24 16:08:25,874 [WARN] ConditionMgr:1039 - genDependencies : Invalid condition id : UX DEVICE CLASS RTOS Condition cause : null
2023-10-24 16:08:25,875 [WARN] ConditionMgr:1039 - genDependencies : Invalid condition id : UX DEVICE CLASS RTOS Condition cause : null
2023-10-24 16:08:25,875 [WARN] ConditionMgr:1039 - genDependencies : Invalid condition id : UX DEVICE CLASS RTOS Condition cause : null
2023-10-24 16:08:25,880 [WARN] PackLoader:240 - Cannot read IP mode file for STMicroelectronics.X-CUBE-FREERTOS.1.0.1
2023-10-24 16:08:25,899 [WARN] PackLoader:240 - Cannot read IP mode file for STMicroelectronics.X-CUBE-AZRTOS-L5.1.1.0
2023-10-24 16:08:25,905 [WARN] PackLoader:240 - Cannot read IP mode file for STMicroelectronics.X-CUBE-AI.8.0.1
2023-10-24 16:08:25,916 [WARN] PackLoader:240 - Cannot read IP mode file for STMicroelectronics.X-CUBE-SUBG2.5.0.0
2023-10-24 16:08:25,934 [WARN] PackLoader:240 - Cannot read IP mode file for STMicroelectronics.X-CUBE-TOF1.3.3.1
2023-10-24 16:08:25,962 [WARN] PackLoader:240 - Cannot read IP mode file for STMicroelectronics.X-CUBE-AZRTOS-G4.2.0.0
2023-10-24 16:08:25,974 [WARN] PackLoader:240 - Cannot read IP mode file for STMicroelectronics.X-CUBE-TOF1.3.3.0
2023-10-24 16:08:25,988 [WARN] PackLoader:240 - Cannot read IP mode file for STMicroelectronics.FP-ATR-ASTRA1.1.1.1
2023-10-24 16:08:26,000 [WARN] PackLoader:240 - Cannot read IP mode file for Infineon.AIROC-Wi-Fi-Bluetooth-STM32.1.5.1
2023-10-24 16:08:26,019 [WARN] PackLoader:240 - Cannot read IP mode file for STMicroelectronics.X-CUBE-AZRTOS-G4.1.0.0
2023-10-24 16:08:26,038 [WARN] PackLoader:240 - Cannot read IP mode file for STMicroelectronics.X-CUBE-AZRTOS-L4.1.0.0
2023-10-24 16:08:26,078 [WARN] PackLoader:240 - Cannot read IP mode file for STMicroelectronics.X-CUBE-MEMS1.10.0.0
2023-10-24 16:08:26,282 [WARN] PackLoader:240 - Cannot read IP mode file for STMicroelectronics.X-CUBE-FREERTOS.1.1.0
2023-10-24 16:08:26,295 [WARN] PackLoader:240 - Cannot read IP mode file for STMicroelectronics.X-CUBE-AZRTOS-WL.1.0.0
2023-10-24 16:08:26,301 [WARN] PackLoader:240 - Cannot read IP mode file for portGmbH.I-Cube-SoM-uGOAL.1.1.0
2023-10-24 16:08:26,305 [WARN] PackLoader:240 - Cannot read IP mode file for STMicroelectronics.X-CUBE-ALS.1.0.1
2023-10-24 16:08:26,321 [WARN] PackLoader:240 - Cannot read IP mode file for STMicroelectronics.X-CUBE-AZRTOS-WB.1.1.0
2023-10-24 16:08:26,336 [WARN] PackLoader:240 - Cannot read IP mode file for STMicroelectronics.X-CUBE-AZRTOS-L5.1.0.0
2023-10-24 16:08:26,342 [WARN] PackLoader:240 - Cannot read IP mode file for STMicroelectronics.X-CUBE-EEPRMA1.3.1.1
2023-10-24 16:08:26,345 [WARN] PackLoader:240 - Cannot read IP mode file for STMicroelectronics.FP-ATR-ASTRA1.2.0.0
2023-10-24 16:08:26,346 [INFO] ThirdParty:978 - Integrity check success = true
2023-10-24 16:08:26,346 [INFO] IntegrityCheckThread:100 - exiting critical section [integrity check]
2023-10-24 16:08:26,346 [INFO] IntegrityCheckThread:103 - End integrity checks thread
2023-10-24 16:10:06,650 [INFO] McuFinderGlobals:63 - Set McuFinder mode to 2 (CubeIDE integrated)
2023-10-24 16:10:11,669 [INFO] MainUpdater:2868 - connection check result : 10
2023-10-24 16:10:11,670 [INFO] MainUpdater:2868 - connection check result : 10
2023-10-24 16:10:11,705 [INFO] MicroXplorer:468 - Change Database Path : 
2023-10-24 16:10:11,706 [INFO] MicroXplorer:498 - Change Database Version : DB.6.0.91
2023-10-24 16:10:11,710 [WARN] ThirdParty:871 - waiting for thirdparty lock release [close project]
2023-10-24 16:10:11,710 [INFO] ThirdParty:873 - entering critical section [close project]
2023-10-24 16:10:11,712 [INFO] ThirdParty:883 - exiting critical section [close project]
2023-10-24 16:10:11,714 [INFO] PinOutPanel:1499 - setPackage(No Configuration,No Configuration)
2023-10-24 16:10:11,722 [INFO] UtilMem:75 - Begin LoadConfig() Used Memory: 673172680 Bytes (827326464)
2023-10-24 16:10:11,723 [INFO] MicroXplorer:468 - Change Database Path : 
2023-10-24 16:10:11,723 [INFO] MicroXplorer:498 - Change Database Version : DB.6.0.91
2023-10-24 16:10:11,723 [INFO] OpenFileManager:308 - Change cursor
2023-10-24 16:10:11,754 [INFO] Mcu:1946 - Initializing MCU STM32F407V(E-G)Tx STM32F407VGTx STM32F407VGT6
2023-10-24 16:10:13,545 [INFO] Context:659 - Trying to add GPIOservice into a context  which must be forbidden
2023-10-24 16:10:14,448 [INFO] RtosManager:555 - Registered RTOS mode: class=CMSIS, group=RTOS, mode=CMSIS_V1, owner=FREERTOS
2023-10-24 16:10:14,448 [INFO] RtosManager:555 - Registered RTOS mode: class=CMSIS, group=RTOS2, mode=CMSIS_V2, owner=FREERTOS
2023-10-24 16:10:14,448 [INFO] RtosManager:555 - Registered RTOS mode: class=RTOS, group=Core, mode=CMSIS_V1, owner=FREERTOS
2023-10-24 16:10:14,448 [INFO] RtosManager:555 - Registered RTOS mode: class=RTOS, group=Core, mode=CMSIS_V2, owner=FREERTOS
2023-10-24 16:10:14,448 [WARN] ModelIntegratedComponent:184 - Missing modes for component STMicroelectronics:FreeRTOS:0.0.1:STMicroelectronics:RTOS:FreeRTOS:Core:::10.2.0:
2023-10-24 16:10:14,475 [WARN] ModelIntegratedComponent:63 - No mode defined for component null
2023-10-24 16:10:14,475 [WARN] ModelIntegratedComponent:63 - No mode defined for component null
2023-10-24 16:10:14,475 [WARN] ModelIntegratedComponent:63 - No mode defined for component null
2023-10-24 16:10:14,475 [WARN] ModelIntegratedComponent:63 - No mode defined for component null
2023-10-24 16:10:14,475 [WARN] ModelIntegratedComponent:63 - No mode defined for component null
2023-10-24 16:10:14,476 [WARN] ModelIntegratedComponent:63 - No mode defined for component null
2023-10-24 16:10:14,476 [WARN] ModelIntegratedComponent:63 - No mode defined for component null
2023-10-24 16:10:14,476 [WARN] ModelIntegratedComponent:63 - No mode defined for component null
2023-10-24 16:10:14,476 [WARN] ModelIntegratedComponent:63 - No mode defined for component null
2023-10-24 16:10:14,476 [WARN] ModelIntegratedComponent:63 - No mode defined for component null
2023-10-24 16:10:14,476 [WARN] ModelIntegratedComponent:63 - No mode defined for component null
2023-10-24 16:10:14,476 [WARN] ModelIntegratedComponent:63 - No mode defined for component null
2023-10-24 16:10:14,476 [WARN] ModelIntegratedComponent:63 - No mode defined for component null
2023-10-24 16:10:14,476 [WARN] ModelIntegratedComponent:63 - No mode defined for component null
2023-10-24 16:10:14,476 [WARN] ModelIntegratedComponent:63 - No mode defined for component null
2023-10-24 16:10:14,476 [WARN] ModelIntegratedComponent:63 - No mode defined for component null
2023-10-24 16:10:14,477 [WARN] ModelIntegratedComponent:63 - No mode defined for component null
2023-10-24 16:10:14,477 [WARN] ModelIntegratedComponent:63 - No mode defined for component null
2023-10-24 16:10:14,477 [WARN] ModelIntegratedComponent:63 - No mode defined for component null
2023-10-24 16:10:14,477 [WARN] ModelIntegratedComponent:63 - No mode defined for component null
2023-10-24 16:10:14,477 [WARN] ModelIntegratedComponent:63 - No mode defined for component null
2023-10-24 16:10:14,477 [WARN] ModelIntegratedComponent:63 - No mode defined for component null
2023-10-24 16:10:14,477 [WARN] ModelIntegratedComponent:63 - No mode defined for component null
2023-10-24 16:10:14,477 [WARN] ModelIntegratedComponent:63 - No mode defined for component null
2023-10-24 16:10:14,477 [WARN] ModelIntegratedComponent:63 - No mode defined for component null
2023-10-24 16:10:14,477 [WARN] ModelIntegratedComponent:63 - No mode defined for component null
2023-10-24 16:10:14,478 [WARN] ModelIntegratedComponent:63 - No mode defined for component null
2023-10-24 16:10:14,478 [WARN] ModelIntegratedComponent:63 - No mode defined for component null
2023-10-24 16:10:14,478 [WARN] ModelIntegratedComponent:63 - No mode defined for component null
2023-10-24 16:10:14,478 [WARN] ModelIntegratedComponent:63 - No mode defined for component null
2023-10-24 16:10:14,478 [WARN] ModelIntegratedComponent:63 - No mode defined for component null
2023-10-24 16:10:14,478 [WARN] ModelIntegratedComponent:63 - No mode defined for component null
2023-10-24 16:10:14,478 [WARN] ModelIntegratedComponent:63 - No mode defined for component null
2023-10-24 16:10:14,739 [INFO] ThirdPartyModel:298 - Start build external matchings
2023-10-24 16:10:16,904 [INFO] ThirdPartyModel:316 - End build external matchings
2023-10-24 16:10:16,943 [INFO] ImportTextPane:194 - (OptionalMessage_ERROR) IP (RCC) : Parameter (RTCHSEDivFreq_Value) has invalid value (4000000)
2023-10-24 16:10:16,945 [WARN] IP:2114 - DEVICE_SERIAL0_CDC_FS not found: check if there is a RefParameter without a condition.
2023-10-24 16:10:16,945 [WARN] IP:2114 - DEVICE_SERIAL1_CDC_FS not found: check if there is a RefParameter without a condition.
2023-10-24 16:10:16,945 [WARN] IP:2114 - DEVICE_SERIAL2_CDC_FS not found: check if there is a RefParameter without a condition.
2023-10-24 16:10:17,177 [INFO] UtilMem:75 - End LoadConfig() Used Memory: 925272288 Bytes (1073741824)
2023-10-24 16:10:17,298 [INFO] ApiDb:581 - Connected to CubeFinder SQLite database (/home/hendri/.stmcufinder/plugins/mcufinder/mcu/cube-finder-db.db)
2023-10-24 16:10:17,345 [INFO] ApiDb:668 - CubeFinder database Data Model version=2.1
2023-10-24 16:10:17,346 [INFO] ApiDb:669 - CubeFinder database Configuration version=3.0.37
2023-10-24 16:10:17,346 [INFO] ApiDb:670 - CubeFinder database generation date=2023-08-09 (1691586011)
2023-10-24 16:10:17,346 [INFO] ApiDb:671 - CubeFinder database FW Pack versions=[FP-ATR-ASTRA1_V2.0.0, FP-SNS-FLIGHT1_V5.0.1, FP-SNS-FLIGHT1_V5.0.2, FP-SNS-MOTENV1_V4.3.1, FP-SNS-MOTENV1_V4.3.2, STM32Cube_FW_C0_V1.1.0, STM32Cube_FW_F4_V1.27.1, STM32Cube_FW_F7_V1.17.0, STM32Cube_FW_G0_V1.6.1, STM32Cube_FW_G4_V1.5.1, STM32Cube_FW_H5_V0.5.1, STM32Cube_FW_H5_V1.1.0, STM32Cube_FW_H7_V1.11.0, STM32Cube_FW_L0_V1.12.2, STM32Cube_FW_L5_V1.5.0, STM32Cube_FW_U5_V1.3.0, STM32Cube_FW_U5_V1.3.0RC4, STM32Cube_FW_WBA_V1.0.0RC1, STM32Cube_FW_WBA_V1.1.0, STM32Cube_FW_WBA_V1.1.0RC1, STM32Cube_FW_WB_V1.15.0RC1, STM32Cube_FW_WB_V1.16.0, STM32Cube_FW_WB_V1.16.0RC2, STM32Cube_FW_WB_V1.17.0, STM32Cube_FW_WL_V1.3.0, X-CUBE-ALGOBUILD_V1.3.0, X-CUBE-ALS_V1.0.1, X-CUBE-AZRTOS-F4_V1.1.0, X-CUBE-AZRTOS-F7_V1.1.0, X-CUBE-AZRTOS-G0_V1.1.0, X-CUBE-AZRTOS-G4_V2.0.0, X-CUBE-AZRTOS-H7_V3.1.0, X-CUBE-AZRTOS-L4_V1.0.0, X-CUBE-AZRTOS-L4_V2.0.0, X-CUBE-AZRTOS-L5_V1.1.0, X-CUBE-AZRTOS-WB_V1.1.0, X-CUBE-AZRTOS-WL_V2.0.0, X-CUBE-BLE1_V7.0.0, X-CUBE-BLE2_V3.3.0, X-CUBE-BLEMGR_V2.0.0, X-CUBE-EEPRMA1_V4.1.0, X-CUBE-FREERTOS_V1.1.0, X-CUBE-GNSS1_V6.0.0, X-CUBE-MEMS1_V9.1.0, X-CUBE-MEMS1_V9.4.0, X-CUBE-MEMS1_V9.6.0, X-CUBE-NFC4_V3.0.0, X-CUBE-NFC7_V1.0.0, X-CUBE-SFXS2LP1_V4.0.0, X-CUBE-SUBG2_V5.0.0, X-CUBE-TOF1_V3.3.1]
2023-10-24 16:10:20,135 [INFO] ApiDb:240 - Found 323 in-development CPN: [B-G473E-ZEST1S, B-WB1M-WPAN1, B-WL5M-SUBG1, NUCLEO-C031C6, NUCLEO-H503RB, NUCLEO-H563ZI, NUCLEO-U545RE-Q, NUCLEO-U5A5ZJ-Q, NUCLEO-WBA52CG, STEVAL-PROTEUS1, STEVAL-SMARTAG2, STEVAL-STWINBX1, STM320518-EVAL, STM32C0116-DK, STM32C011D6Y3TR, STM32C011D6Y6TR, STM32C011F4P3, STM32C011F4P6, STM32C011F4U3, STM32C011F4U6TR, STM32C011F6P3, STM32C011F6P6, STM32C011F6U3, STM32C011F6U6TR, STM32C011J4M3, STM32C011J4M6, STM32C011J6M3, STM32C011J6M6, STM32C0316-DK, STM32C031C4T3, STM32C031C4T6, STM32C031C4U3, STM32C031C4U6, STM32C031C6T3, STM32C031C6T6, STM32C031C6U3, STM32C031C6U6, STM32C031F4P3, STM32C031F4P6, STM32C031F6P3, STM32C031F6P6, STM32C031G4U3, STM32C031G4U6, STM32C031G6U3, STM32C031G6U6, STM32C031K4T3, STM32C031K4T6, STM32C031K4U3, STM32C031K4U6, STM32C031K6T3, STM32C031K6T6, STM32C031K6U3, STM32C031K6U6, STM32G071K8TXN, STM32G071K8UXN, STM32G081GBU6N, STM32G081KBT6N, STM32G081KBUXN, STM32G0B1CCT6N, STM32G0B1KCT6, STM32G0B1NEY6TR, STM32G0B1RCT6N, STM32G0C1CCT6, STM32G0C1CCT6N, STM32G0C1CCU6N, STM32G0C1CET6N, STM32G0C1CEU6N, STM32G0C1KCT6, STM32G0C1NEY6TR, STM32G0C1RCI6N, STM32G0C1RCT6N, STM32G0C1REI6N, STM32G0C1RET6N, STM32G0C1VCI6, STM32G0C1VEI6, STM32G471CCT6, STM32G471CCU6, STM32G471CET3, STM32G471CET6, STM32G471CEU3, STM32G471CEU6, STM32G471MCT6, STM32G471MET3, STM32G471MET6, STM32G471MEY6TR, STM32G471QCT6, STM32G471QET3, STM32G471RCT6, STM32G471RET3, STM32G471RET6, STM32G471VCH6, STM32G471VCI6, STM32G471VCT6, STM32G471VEH3, STM32G471VEH6, STM32G471VEI3, STM32G471VEI6, STM32G471VET3, STM32G471VET6, STM32G474CCT6, STM32H503CBT6, STM32H503CBU6, STM32H503EBY6TR, STM32H503KBU6, STM32H503RBT6, STM32H562AGI6, STM32H562AII6, STM32H562IGK6, STM32H562IGT6, STM32H562IIK6, STM32H562IIT6, STM32H562RGT6, STM32H562RGV6, STM32H562RIT6, STM32H562RIV6, STM32H562VGT6, STM32H562VIT6, STM32H562ZGT6, STM32H562ZIT6, STM32H563AGI6, STM32H563AII3Q, STM32H563AII6, STM32H563IGK6, STM32H563IGT6, STM32H563IIK3Q, STM32H563IIK6, STM32H563IIT3Q, STM32H563IIT6, STM32H563MIY3QTR, STM32H563RGT6, STM32H563RGV6, STM32H563RIT6, STM32H563RIV6, STM32H563VGT6, STM32H563VIT3Q, STM32H563VIT6, STM32H563ZGT6, STM32H563ZIT3Q, STM32H563ZIT6, STM32H573AII3Q, STM32H573AII6, STM32H573I-DK, STM32H573IIK3Q, STM32H573IIK6, STM32H573IIT3Q, STM32H573IIT6, STM32H573MIY3QTR, STM32H573RIT6, STM32H573RIV6, STM32H573VIT3Q, STM32H573VIT6, STM32H573ZIT3Q, STM32H573ZIT6, STM32L4R5QGI6STR, STM32MP131AAE3, STM32MP131AAF3, STM32MP131AAG3, STM32MP131CAE3, STM32MP131CAF3, STM32MP131CAG3, STM32MP131DAE7, STM32MP131DAF7, STM32MP131DAG7, STM32MP131FAE7, STM32MP131FAF7, STM32MP131FAG7, STM32MP133AAE3, STM32MP133AAF3, STM32MP133AAG3, STM32MP133CAE3, STM32MP133CAF3, STM32MP133CAG3, STM32MP133DAE7, STM32MP133DAF7, STM32MP133DAG7, STM32MP133FAE7, STM32MP133FAF7, STM32MP133FAG7, STM32MP135AAE3, STM32MP135AAF3, STM32MP135AAG3, STM32MP135CAE3, STM32MP135CAF3, STM32MP135CAG3, STM32MP135DAE7, STM32MP135DAF7, STM32MP135DAG7, STM32MP135F-DK, STM32MP135FAE7, STM32MP135FAF7, STM32MP135FAF7T, STM32MP135FAF7U, STM32MP135FAG7, STM32U535CBT6, STM32U535CBT6Q, STM32U535CBU6, STM32U535CBU6Q, STM32U535CCT6, STM32U535CCT6Q, STM32U535CCU6, STM32U535CCU6Q, STM32U535CET6, STM32U535CET6Q, STM32U535CEU6, STM32U535CEU6Q, STM32U535JEY6QTR, STM32U535NCY6QTR, STM32U535NEY6QTR, STM32U535RBI6, STM32U535RBI6Q, STM32U535RBT6, STM32U535RBT6Q, STM32U535RCI6, STM32U535RCI6Q, STM32U535RCT6, STM32U535RCT6Q, STM32U535REI6, STM32U535REI6Q, STM32U535RET6, STM32U535RET6Q, STM32U535VCI6, STM32U535VCI6Q, STM32U535VCT6, STM32U535VCT6Q, STM32U535VEI6, STM32U535VEI6Q, STM32U535VET6, STM32U535VET6Q, STM32U545CET6, STM32U545CET6Q, STM32U545CEU6, STM32U545CEU6Q, STM32U545JEY6QTR, STM32U545NEY6QTR, STM32U545REI6, STM32U545REI6Q, STM32U545RET6, STM32U545RET6Q, STM32U545VEI6, STM32U545VEI6Q, STM32U545VET6, STM32U545VET6Q, STM32U595AIH6, STM32U595AIH6Q, STM32U595AJH6, STM32U595AJH6Q, STM32U595QII6, STM32U595QII6Q, STM32U595QJI6, STM32U595QJI6Q, STM32U595RIT6, STM32U595RIT6Q, STM32U595RJT6, STM32U595RJT6Q, STM32U595VIT6, STM32U595VIT6Q, STM32U595VJT6, STM32U595VJT6Q, STM32U595ZIT6, STM32U595ZIT6Q, STM32U595ZIY6QTR, STM32U595ZJT6, STM32U595ZJT6Q, STM32U595ZJY6QTR, STM32U599BJY6QTR, STM32U599NIH6Q, STM32U599NJH6Q, STM32U599VIT6Q, STM32U599VJT6, STM32U599VJT6Q, STM32U599ZIT6Q, STM32U599ZIY6QTR, STM32U599ZJT6Q, STM32U599ZJY6QTR, STM32U5A5AJH6, STM32U5A5AJH6Q, STM32U5A5QJI6, STM32U5A5QJI6Q, STM32U5A5RJT6, STM32U5A5RJT6Q, STM32U5A5VJT6, STM32U5A5VJT6Q, STM32U5A5ZJT6, STM32U5A5ZJT6Q, STM32U5A5ZJY6QTR, STM32U5A9BJY6QTR, STM32U5A9J-DK, STM32U5A9NJH6Q, STM32U5A9VJT6Q, STM32U5A9ZJT6Q, STM32U5A9ZJY6QTR, STM32U5F7VIT6, STM32U5F7VIT6Q, STM32U5F7VJT6, STM32U5F7VJT6Q, STM32U5F9BJY6QTR, STM32U5F9NJH6Q, STM32U5F9VIT6Q, STM32U5F9VJT6Q, STM32U5F9ZIJ6QTR, STM32U5F9ZIT6Q, STM32U5F9ZJJ6QTR, STM32U5F9ZJT6Q, STM32U5G7VJT6, STM32U5G7VJT6Q, STM32U5G9BJY6QTR, STM32U5G9J-DK1, STM32U5G9J-DK2, STM32U5G9NJH6Q, STM32U5G9VJT6Q, STM32U5G9ZJJ6QTR, STM32U5G9ZJT6Q, STM32WB1MMCH6, STM32WBA52CEU6, STM32WBA52CEU6T, STM32WBA52CGU6, STM32WBA52CGU6T, STM32WBA52KEU6, STM32WBA52KEU6T, STM32WBA52KGU6, STM32WBA52KGU6T, STM32WL5MOCH6, STM32WL5MOCH6TR]
2023-10-24 16:10:20,140 [INFO] DbMcus:217 - Found 3848 MCUs, 3848 are supported
2023-10-24 16:10:20,140 [INFO] ApiDb:423 - Load user favorites file /home/hendri/.stm32cubeide/favorites.mcus.txt: 0 item(s)
2023-10-24 16:10:20,141 [INFO] ApiDb:427 - User favorites MCUs=[]
2023-10-24 16:10:20,141 [INFO] DbMcus:223 - Set 0 / 0 favorites MCUs
2023-10-24 16:10:20,586 [WARN] ThirdParty:833 - waiting for thirdparty lock release [change project]
2023-10-24 16:10:20,586 [INFO] ThirdParty:835 - entering critical section [change project]
2023-10-24 16:10:20,586 [INFO] ThirdParty:1030 - CMSIS Pack Vendor :STMicroelectronics X-CUBE-ISPU 1.1.0
2023-10-24 16:10:20,586 [INFO] ThirdParty:1030 - CMSIS Pack Vendor :STMicroelectronics USBPD 4.1
2023-10-24 16:10:20,586 [INFO] ThirdParty:1030 - CMSIS Pack Vendor :RoweBots I-CUBE-UNISONRTOS 5.5.0-4
2023-10-24 16:10:20,586 [INFO] ThirdParty:1030 - CMSIS Pack Vendor :STMicroelectronics X-CUBE-GNSS1 6.0.0
2023-10-24 16:10:20,586 [INFO] ThirdParty:1030 - CMSIS Pack Vendor :STMicroelectronics X-CUBE-AZRTOS-H7 2.1.0
2023-10-24 16:10:20,586 [INFO] ThirdParty:1030 - CMSIS Pack Vendor :STMicroelectronics USB_HOST 2.0.0
2023-10-24 16:10:20,586 [INFO] ThirdParty:1030 - CMSIS Pack Vendor :STMicroelectronics X-CUBE-AZRTOS-F4 1.1.0
2023-10-24 16:10:20,586 [INFO] ThirdParty:1030 - CMSIS Pack Vendor :STMicroelectronics LIBJPEG 8.0.0
2023-10-24 16:10:20,586 [INFO] ThirdParty:1030 - CMSIS Pack Vendor :wolfSSL I-CUBE-wolfSSL 5.6.3
2023-10-24 16:10:20,587 [INFO] ThirdParty:1030 - CMSIS Pack Vendor :STMicroelectronics X-CUBE-SMBUS 2.1.0
2023-10-24 16:10:20,587 [INFO] ThirdParty:1030 - CMSIS Pack Vendor :STMicroelectronics USB_DEVICE 3.0.0
2023-10-24 16:10:20,587 [INFO] ThirdParty:1030 - CMSIS Pack Vendor :STMicroelectronics X-CUBE-AZRTOS-WB 2.0.0
2023-10-24 16:10:20,587 [INFO] ThirdParty:1030 - CMSIS Pack Vendor :STMicroelectronics X-CUBE-FREERTOS 1.0.1
2023-10-24 16:10:20,587 [INFO] ThirdParty:1030 - CMSIS Pack Vendor :STMicroelectronics X-CUBE-BLEMGR 1.2.0
2023-10-24 16:10:20,587 [INFO] ThirdParty:1030 - CMSIS Pack Vendor :STMicroelectronics X-CUBE-AZRTOS-F7 1.1.0
2023-10-24 16:10:20,587 [INFO] ThirdParty:1030 - CMSIS Pack Vendor :STMicroelectronics X-CUBE-AZRTOS-L5 2.0.0
2023-10-24 16:10:20,587 [INFO] ThirdParty:1030 - CMSIS Pack Vendor :STMicroelectronics USB_DEVICE 2.0.0
2023-10-24 16:10:20,587 [INFO] ThirdParty:1030 - CMSIS Pack Vendor :STMicroelectronics X-CUBE-AI 7.3.0
2023-10-24 16:10:20,587 [INFO] ThirdParty:1030 - CMSIS Pack Vendor :STMicroelectronics X-CUBE-MEMS1 9.6.0
2023-10-24 16:10:20,587 [INFO] ThirdParty:1030 - CMSIS Pack Vendor :ITTIA_DB I-CUBE-ITTIADB 8.8.0
2023-10-24 16:10:20,587 [INFO] ThirdParty:1030 - CMSIS Pack Vendor :STMicroelectronics FP-SNS-MOTENV1 4.3.2
2023-10-24 16:10:20,587 [INFO] ThirdParty:1030 - CMSIS Pack Vendor :STMicroelectronics FP-SNS-FLIGHT1 5.0.1
2023-10-24 16:10:20,587 [INFO] ThirdParty:1030 - CMSIS Pack Vendor :STMicroelectronics X-CUBE-BLE1 6.2.3
2023-10-24 16:10:20,587 [INFO] ThirdParty:1030 - CMSIS Pack Vendor :STMicroelectronics X-CUBE-ALGOBUILD 1.3.0
2023-10-24 16:10:20,588 [INFO] ThirdParty:1030 - CMSIS Pack Vendor :STMicroelectronics X-CUBE-BLE1 6.2.4
2023-10-24 16:10:20,588 [INFO] ThirdParty:1030 - CMSIS Pack Vendor :STMicroelectronics X-CUBE-AZRTOS-L5 1.1.0
2023-10-24 16:10:20,588 [INFO] ThirdParty:1030 - CMSIS Pack Vendor :STMicroelectronics FreeRTOS 0.0.1
2023-10-24 16:10:20,588 [INFO] ThirdParty:1030 - CMSIS Pack Vendor :STMicroelectronics X-CUBE-AZRTOS-G0 1.1.0
2023-10-24 16:10:20,588 [INFO] ThirdParty:1030 - CMSIS Pack Vendor :emotas I-CUBE-CANOPEN 1.1.3
2023-10-24 16:10:20,588 [INFO] ThirdParty:1030 - CMSIS Pack Vendor :STMicroelectronics X-CUBE-BLEMGR 2.0.0
2023-10-24 16:10:20,588 [INFO] ThirdParty:1030 - CMSIS Pack Vendor :STMicroelectronics X-CUBE-AI 8.0.1
2023-10-24 16:10:20,588 [INFO] ThirdParty:1030 - CMSIS Pack Vendor :STMicroelectronics X-CUBE-NFC4 3.0.0
2023-10-24 16:10:20,588 [INFO] ThirdParty:1030 - CMSIS Pack Vendor :STMicroelectronics X-CUBE-SUBG2 5.0.0
2023-10-24 16:10:20,588 [INFO] ThirdParty:1030 - CMSIS Pack Vendor :STMicroelectronics STM32_WPAN 1.0.0
2023-10-24 16:10:20,588 [INFO] ThirdParty:1030 - CMSIS Pack Vendor :SEGGER I-CUBE-embOS 1.2.1
2023-10-24 16:10:20,588 [INFO] ThirdParty:1030 - CMSIS Pack Vendor :STMicroelectronics lwIP 2.0.3
2023-10-24 16:10:20,588 [INFO] ThirdParty:1030 - CMSIS Pack Vendor :STMicroelectronics FP-SNS-FLIGHT1 5.0.2
2023-10-24 16:10:20,588 [INFO] ThirdParty:1030 - CMSIS Pack Vendor :STMicroelectronics X-CUBE-NFC4 2.0.5
2023-10-24 16:10:20,588 [INFO] ThirdParty:1030 - CMSIS Pack Vendor :STMicroelectronics X-CUBE-NFC4 2.0.4
2023-10-24 16:10:20,588 [INFO] ThirdParty:1030 - CMSIS Pack Vendor :STMicroelectronics USB_HOST 1.0.0
2023-10-24 16:10:20,589 [INFO] ThirdParty:1030 - CMSIS Pack Vendor :STMicroelectronics X-CUBE-TOF1 3.3.1
2023-10-24 16:10:20,589 [INFO] ThirdParty:1030 - CMSIS Pack Vendor :STMicroelectronics X-CUBE-AZRTOS-G4 2.0.0
2023-10-24 16:10:20,589 [INFO] ThirdParty:1030 - CMSIS Pack Vendor :STMicroelectronics PDM2PCM 3.1.0
2023-10-24 16:10:20,589 [INFO] ThirdParty:1030 - CMSIS Pack Vendor :STMicroelectronics X-CUBE-AZRTOS-H7 3.1.0
2023-10-24 16:10:20,589 [INFO] ThirdParty:1030 - CMSIS Pack Vendor :STMicroelectronics X-CUBE-TOF1 3.3.0
2023-10-24 16:10:20,589 [INFO] ThirdParty:1030 - CMSIS Pack Vendor :STMicroelectronics FP-ATR-ASTRA1 1.1.1
2023-10-24 16:10:20,589 [INFO] ThirdParty:1030 - CMSIS Pack Vendor :Infineon AIROC-Wi-Fi-Bluetooth-STM32 1.5.1
2023-10-24 16:10:20,589 [INFO] ThirdParty:1030 - CMSIS Pack Vendor :STMicroelectronics PDM2PCM 3.3.0
2023-10-24 16:10:20,589 [INFO] ThirdParty:1030 - CMSIS Pack Vendor :STMicroelectronics X-CUBE-DISPLAY 3.0.0
2023-10-24 16:10:20,589 [INFO] ThirdParty:1030 - CMSIS Pack Vendor :wolfSSL I-CUBE-wolfSSL 5.5.3
2023-10-24 16:10:20,589 [INFO] ThirdParty:1030 - CMSIS Pack Vendor :STMicroelectronics X-CUBE-BLE1 7.0.0
2023-10-24 16:10:20,589 [INFO] ThirdParty:1030 - CMSIS Pack Vendor :STMicroelectronics FP-ATR-SIGFOX1 3.2.0
2023-10-24 16:10:20,589 [INFO] ThirdParty:1030 - CMSIS Pack Vendor :STMicroelectronics X-CUBE-AZRTOS-G4 1.0.0
2023-10-24 16:10:20,589 [INFO] ThirdParty:1030 - CMSIS Pack Vendor :STMicroelectronics X-CUBE-AZRTOS-L4 1.0.0
2023-10-24 16:10:20,590 [INFO] ThirdParty:1030 - CMSIS Pack Vendor :STMicroelectronics HAL Drivers 0.0.0
2023-10-24 16:10:20,590 [INFO] ThirdParty:1030 - CMSIS Pack Vendor :STMicroelectronics MBEDTLS 2.16.2
2023-10-24 16:10:20,590 [INFO] ThirdParty:1030 - CMSIS Pack Vendor :emotas I-CUBE-CANOPEN 1.3.0
2023-10-24 16:10:20,590 [INFO] ThirdParty:1030 - CMSIS Pack Vendor :STMicroelectronics X-CUBE-TOUCHGFX 4.20.0
2023-10-24 16:10:20,590 [INFO] ThirdParty:1030 - CMSIS Pack Vendor :STMicroelectronics X-CUBE-MEMS1 10.0.0
2023-10-24 16:10:20,590 [INFO] ThirdParty:1030 - CMSIS Pack Vendor :STMicroelectronics X-CUBE-FREERTOS 1.1.0
2023-10-24 16:10:20,590 [INFO] ThirdParty:1030 - CMSIS Pack Vendor :STMicroelectronics X-CUBE-TOUCHGFX 4.22.0
2023-10-24 16:10:20,590 [INFO] ThirdParty:1030 - CMSIS Pack Vendor :STMicroelectronics X-CUBE-NFC7 1.0.1
2023-10-24 16:10:20,590 [INFO] ThirdParty:1030 - CMSIS Pack Vendor :STMicroelectronics MBEDTLS 2.14.1
2023-10-24 16:10:20,590 [INFO] ThirdParty:1030 - CMSIS Pack Vendor :STMicroelectronics X-CUBE-NFC7 1.0.0
2023-10-24 16:10:20,590 [INFO] ThirdParty:1030 - CMSIS Pack Vendor :STMicroelectronics X-CUBE-TOUCHGFX 4.22.1
2023-10-24 16:10:20,590 [INFO] ThirdParty:1030 - CMSIS Pack Vendor :STMicroelectronics X-CUBE-AZRTOS-WL 1.0.0
2023-10-24 16:10:20,590 [INFO] ThirdParty:1030 - CMSIS Pack Vendor :STMicroelectronics X-CUBE-NFC6 3.0.0
2023-10-24 16:10:20,590 [INFO] ThirdParty:1030 - CMSIS Pack Vendor :STMicroelectronics X-CUBE-MEMS1 9.3.0
2023-10-24 16:10:20,590 [INFO] ThirdParty:1030 - CMSIS Pack Vendor :STMicroelectronics X-CUBE-EEPRMA1 4.1.0
2023-10-24 16:10:20,590 [INFO] ThirdParty:1030 - CMSIS Pack Vendor :portGmbH I-Cube-SoM-uGOAL 1.1.0
2023-10-24 16:10:20,591 [INFO] ThirdParty:1030 - CMSIS Pack Vendor :STMicroelectronics X-CUBE-ALS 1.0.1
2023-10-24 16:10:20,591 [INFO] ThirdParty:1030 - CMSIS Pack Vendor :STMicroelectronics ThreadX 1.0.0
2023-10-24 16:10:20,591 [INFO] ThirdParty:1030 - CMSIS Pack Vendor :STMicroelectronics FP-SNS-SMARTAG2 1.2.0
2023-10-24 16:10:20,591 [INFO] ThirdParty:1030 - CMSIS Pack Vendor :STMicroelectronics X-CUBE-AZRTOS-WB 1.1.0
2023-10-24 16:10:20,591 [INFO] ThirdParty:1030 - CMSIS Pack Vendor :STMicroelectronics X-CUBE-AZRTOS-WL 2.0.0
2023-10-24 16:10:20,591 [INFO] ThirdParty:1030 - CMSIS Pack Vendor :SEGGER I-CUBE-embOS 1.3.1
2023-10-24 16:10:20,591 [INFO] ThirdParty:1030 - CMSIS Pack Vendor :STMicroelectronics X-CUBE-AZRTOS-L5 1.0.0
2023-10-24 16:10:20,591 [INFO] ThirdParty:1030 - CMSIS Pack Vendor :STMicroelectronics USB_DEVICE 1.0.0
2023-10-24 16:10:20,591 [INFO] ThirdParty:1030 - CMSIS Pack Vendor :STMicroelectronics X-CUBE-AI 8.1.0
2023-10-24 16:10:20,591 [INFO] ThirdParty:1030 - CMSIS Pack Vendor :STMicroelectronics X-CUBE-EEPRMA1 3.1.1
2023-10-24 16:10:20,591 [INFO] ThirdParty:1030 - CMSIS Pack Vendor :STMicroelectronics X-CUBE-AZRTOS-L4 2.0.0
2023-10-24 16:10:20,591 [INFO] ThirdParty:1030 - CMSIS Pack Vendor :STMicroelectronics ThreadX 0.0.2
2023-10-24 16:10:20,591 [INFO] ThirdParty:1030 - CMSIS Pack Vendor :WES I-CUBE-Cesium 1.3.0
2023-10-24 16:10:20,591 [INFO] ThirdParty:1030 - CMSIS Pack Vendor :STMicroelectronics FP-ATR-ASTRA1 2.0.0
2023-10-24 16:10:20,591 [INFO] ThirdParty:1030 - CMSIS Pack Vendor :STMicroelectronics lwIP 2.1.2
2023-10-24 16:10:20,591 [INFO] ThirdParty:1030 - CMSIS Pack Vendor :STMicroelectronics X-CUBE-SFXS2LP1 4.0.0
2023-10-24 16:10:20,591 [INFO] ThirdParty:1030 - CMSIS Pack Vendor :STMicroelectronics X-CUBE-BLE2 3.3.0
2023-10-24 16:10:20,592 [INFO] ThirdParty:1030 - CMSIS Pack Vendor :STMicroelectronics X-CUBE-DISPLAY 2.2.0
2023-10-24 16:10:20,592 [INFO] ThirdParty:1030 - CMSIS Pack Vendor :STMicroelectronics X-CUBE-TOF1 3.2.0
2023-10-24 16:10:20,592 [INFO] ThirdParty:1030 - CMSIS Pack Vendor :STMicroelectronics PDM2PCM 3.2.0
2023-10-24 16:10:20,592 [INFO] ThirdParty:841 - exiting critical section [change project]
2023-10-24 16:10:21,125 [INFO] PinOutPanel:1499 - setPackage(No Configuration,No Configuration)
2023-10-24 16:10:21,126 [INFO] PinOutPanel:1499 - setPackage(STM32F407VGTx,LQFP100)
2023-10-24 16:10:21,665 [INFO] UtilMem:75 - Before build in PCC Used Memory: 575005256 Bytes (1073741824)
2023-10-24 16:10:22,525 [INFO] UtilMem:75 - After build in PCC Used Memory: 681689368 Bytes (1073741824)
2023-10-24 16:10:22,639 [INFO] ApiDbMcu:507 - Load IP Config File for USB_DEVICE
2023-10-24 16:10:22,686 [INFO] IPUIPlugin:80 - create IPUIPlugin
2023-10-24 16:10:22,687 [INFO] IPUIPlugin:80 - create IPUIPlugin
2023-10-24 16:10:22,687 [INFO] IPUIPlugin:80 - create IPUIPlugin
2023-10-24 16:10:22,687 [INFO] IPUIPlugin:80 - create IPUIPlugin
2023-10-24 16:10:22,687 [INFO] IPUIPlugin:80 - create IPUIPlugin
2023-10-24 16:10:22,687 [INFO] IPUIPlugin:80 - create IPUIPlugin
2023-10-24 16:10:22,688 [INFO] IPUIPlugin:80 - create IPUIPlugin
2023-10-24 16:10:22,688 [INFO] IPUIPlugin:80 - create IPUIPlugin
2023-10-24 16:10:22,688 [INFO] IPUIPlugin:80 - create IPUIPlugin
2023-10-24 16:10:22,688 [INFO] IPUIPlugin:80 - create IPUIPlugin
2023-10-24 16:10:22,689 [INFO] IPUIPlugin:80 - create IPUIPlugin
2023-10-24 16:10:22,689 [INFO] IPUIPlugin:80 - create IPUIPlugin
2023-10-24 16:10:22,689 [INFO] IPUIPlugin:80 - create IPUIPlugin
2023-10-24 16:10:22,689 [INFO] IPUIPlugin:80 - create IPUIPlugin
2023-10-24 16:10:22,689 [INFO] IPUIPlugin:80 - create IPUIPlugin
2023-10-24 16:10:22,690 [INFO] IPUIPlugin:80 - create IPUIPlugin
2023-10-24 16:10:22,690 [INFO] IPUIPlugin:80 - create IPUIPlugin
2023-10-24 16:10:22,690 [INFO] IPUIPlugin:80 - create IPUIPlugin
2023-10-24 16:10:22,691 [INFO] IPUIPlugin:80 - create IPUIPlugin
2023-10-24 16:10:22,691 [INFO] IPUIPlugin:80 - create IPUIPlugin
2023-10-24 16:10:22,691 [INFO] IPUIPlugin:80 - create IPUIPlugin
2023-10-24 16:10:22,692 [INFO] IPUIPlugin:80 - create IPUIPlugin
2023-10-24 16:10:22,692 [INFO] IPUIPlugin:80 - create IPUIPlugin
2023-10-24 16:10:22,693 [INFO] IPUIPlugin:80 - create IPUIPlugin
2023-10-24 16:10:22,693 [INFO] IPUIPlugin:80 - create IPUIPlugin
2023-10-24 16:10:22,693 [INFO] IPUIPlugin:80 - create IPUIPlugin
2023-10-24 16:10:22,694 [INFO] IPUIPlugin:80 - create IPUIPlugin
2023-10-24 16:10:22,694 [INFO] IPUIPlugin:80 - create IPUIPlugin
2023-10-24 16:10:22,694 [INFO] IPUIPlugin:80 - create IPUIPlugin
2023-10-24 16:10:22,695 [INFO] IPUIPlugin:80 - create IPUIPlugin
2023-10-24 16:10:22,695 [INFO] IPUIPlugin:80 - create IPUIPlugin
2023-10-24 16:10:22,695 [INFO] IPUIPlugin:80 - create IPUIPlugin
2023-10-24 16:10:22,695 [INFO] IPUIPlugin:80 - create IPUIPlugin
2023-10-24 16:10:22,695 [INFO] IPUIPlugin:80 - create IPUIPlugin
2023-10-24 16:10:22,696 [INFO] IPUIPlugin:80 - create IPUIPlugin
2023-10-24 16:10:22,696 [INFO] IPUIPlugin:80 - create IPUIPlugin
2023-10-24 16:10:22,696 [INFO] IPUIPlugin:80 - create IPUIPlugin
2023-10-24 16:10:22,696 [INFO] IPUIPlugin:80 - create IPUIPlugin
2023-10-24 16:10:22,697 [INFO] IPUIPlugin:80 - create IPUIPlugin
2023-10-24 16:10:22,697 [INFO] IPUIPlugin:80 - create IPUIPlugin
2023-10-24 16:10:22,697 [INFO] IPUIPlugin:80 - create IPUIPlugin
2023-10-24 16:10:22,697 [INFO] IPUIPlugin:80 - create IPUIPlugin
2023-10-24 16:10:22,698 [INFO] IPUIPlugin:80 - create IPUIPlugin
2023-10-24 16:10:22,698 [INFO] IPUIPlugin:80 - create IPUIPlugin
2023-10-24 16:10:22,698 [INFO] IPUIPlugin:80 - create IPUIPlugin
2023-10-24 16:10:22,698 [INFO] IPUIPlugin:80 - create IPUIPlugin
2023-10-24 16:10:22,699 [INFO] IPUIPlugin:80 - create IPUIPlugin
2023-10-24 16:10:22,699 [INFO] IPUIPlugin:80 - create IPUIPlugin
2023-10-24 16:10:22,699 [INFO] IPUIPlugin:80 - create IPUIPlugin
2023-10-24 16:10:22,699 [INFO] IPUIPlugin:80 - create IPUIPlugin
2023-10-24 16:10:22,699 [INFO] IPUIPlugin:80 - create IPUIPlugin
2023-10-24 16:10:22,699 [INFO] IPUIPlugin:80 - create IPUIPlugin
2023-10-24 16:10:22,700 [INFO] IPUIPlugin:80 - create IPUIPlugin
2023-10-24 16:10:22,701 [INFO] IPUIPlugin:80 - create IPUIPlugin
2023-10-24 16:10:22,702 [INFO] IPUIPlugin:80 - create IPUIPlugin
2023-10-24 16:10:22,703 [INFO] IPUIPlugin:80 - create IPUIPlugin
2023-10-24 16:10:22,704 [INFO] IPUIPlugin:80 - create IPUIPlugin
2023-10-24 16:10:22,705 [INFO] IPUIPlugin:80 - create IPUIPlugin
2023-10-24 16:10:22,713 [INFO] ApiDbMcu:507 - Load IP Config File for PDM2PCM
2023-10-24 16:10:22,720 [WARN] IP:2114 - I2C_Coeff_DF not found: check if there is a RefParameter without a condition.
2023-10-24 16:10:22,720 [WARN] IP:2114 - Analog_Filter not found: check if there is a RefParameter without a condition.
2023-10-24 16:10:22,733 [INFO] I2sManager:658 - 9.6E7
2023-10-24 16:10:22,735 [INFO] I2sManager:195 - I2S Clock Value : 9.6E7
2023-10-24 16:10:22,738 [INFO] I2sManager:553 - AudioClock : 93750Divider : 2Odd : 0
2023-10-24 16:10:22,971 [INFO] CADModel:165 - CPN selected for project levelSTM32F407VGT6
2023-10-24 16:10:22,971 [INFO] CADModel:114 - Register for checkConnection events
2023-10-24 16:10:23,011 [INFO] OpenFileManager:328 - Restore cursor
2023-10-24 16:10:23,218 [WARN] IP:2114 - DEVICE_SERIAL0_CDC_FS not found: check if there is a RefParameter without a condition.
2023-10-24 16:10:23,218 [WARN] IP:2114 - DEVICE_SERIAL1_CDC_FS not found: check if there is a RefParameter without a condition.
2023-10-24 16:10:23,218 [WARN] IP:2114 - DEVICE_SERIAL2_CDC_FS not found: check if there is a RefParameter without a condition.
2023-10-24 16:10:23,220 [WARN] IP:2114 - DEVICE_SERIAL0_CDC_FS not found: check if there is a RefParameter without a condition.
2023-10-24 16:10:23,220 [WARN] IP:2114 - DEVICE_SERIAL1_CDC_FS not found: check if there is a RefParameter without a condition.
2023-10-24 16:10:23,220 [WARN] IP:2114 - DEVICE_SERIAL2_CDC_FS not found: check if there is a RefParameter without a condition.
2023-10-24 16:10:23,279 [WARN] IP:2114 - I2C_Coeff_DF not found: check if there is a RefParameter without a condition.
2023-10-24 16:10:23,279 [WARN] IP:2114 - Analog_Filter not found: check if there is a RefParameter without a condition.
2023-10-24 16:10:23,280 [WARN] IP:2114 - I2C_Coeff_DF not found: check if there is a RefParameter without a condition.
2023-10-24 16:10:23,281 [WARN] IP:2114 - Analog_Filter not found: check if there is a RefParameter without a condition.
2023-10-24 16:11:00,126 [INFO] I2sManager:658 - 9.6E7
2023-10-24 16:11:00,126 [INFO] I2sManager:195 - I2S Clock Value : 9.6E7
2023-10-24 16:11:00,134 [INFO] I2sManager:553 - AudioClock : 93750Divider : 2Odd : 0
2023-10-24 16:13:14,531 [ERROR] LogOutputStream:75 - [STDERR_REDIRECT] 
