2023-10-30 07:32:09,313 [INFO] Activator:176 - 


2023-10-30 07:32:09,319 [INFO] Activator:177 - !SESSION log4j initialized
2023-10-30 07:32:11,515 [INFO] LogOutputStream:77 - [STDOUT_REDIRECT] 
2023-10-30 07:32:12,984 [INFO] ApplicationProperties:184 - Using Application install path: /opt/st/stm32cubeide_1.13.0/../../../home/hendri/.eclipse/com.st.stm32cube.ide.mcu.rcp.product_1.13.0_139062291_linux_gtk_x86_64/plugins/com.st.stm32cube.common.mx_6.9.1.202307191849
2023-10-30 07:32:13,012 [INFO] DbMcusXml:78 - Set database path to: /opt/st/stm32cubeide_1.13.0/../../../home/hendri/.eclipse/com.st.stm32cube.ide.mcu.rcp.product_1.13.0_139062291_linux_gtk_x86_64/plugins/com.st.stm32cube.common.mx_6.9.1.202307191849//db//mcu/
2023-10-30 07:32:13,013 [INFO] ApiDb:274 - Set plugin database path to: /opt/st/stm32cubeide_1.13.0/../../../home/hendri/.eclipse/com.st.stm32cube.ide.mcu.rcp.product_1.13.0_139062291_linux_gtk_x86_64/plugins/com.st.stm32cube.common.mx_6.9.1.202307191849//db//plugins/boardmanager/
2023-10-30 07:32:13,013 [WARN] ApiDb:259 - Overriding images path with different value:  => /opt/st/stm32cubeide_1.13.0/../../../home/hendri/.eclipse/com.st.stm32cube.ide.mcu.rcp.product_1.13.0_139062291_linux_gtk_x86_64/plugins/com.st.stm32cube.common.mx_6.9.1.202307191849//db//plugins/mcufinder/images/
2023-10-30 07:32:13,030 [INFO] ApiDb:250 - Set database path to: /home/hendri/.stmcufinder/plugins/mcufinder//mcu/
2023-10-30 07:32:13,032 [INFO] DbMcusAds:125 - Set database path to: /home/hendri/.stmcufinder/plugins/mcufinder//mcu/
2023-10-30 07:32:13,036 [INFO] CrossReferenceDbSqlite:203 - Set database path to: /home/hendri/.stmcufinder/plugins/mcufinder//mcu/cs/
2023-10-30 07:32:13,307 [INFO] RulesReader:64 - Compatibility file has been processed (293 Rules)
2023-10-30 07:32:13,520 [INFO] DbMcusXml:78 - Set database path to: /opt/st/stm32cubeide_1.13.0/../../../home/hendri/.eclipse/com.st.stm32cube.ide.mcu.rcp.product_1.13.0_139062291_linux_gtk_x86_64/plugins/com.st.stm32cube.common.mx_6.9.1.202307191849//db//mcu/
2023-10-30 07:32:13,521 [INFO] ApiDb:274 - Set plugin database path to: /opt/st/stm32cubeide_1.13.0/../../../home/hendri/.eclipse/com.st.stm32cube.ide.mcu.rcp.product_1.13.0_139062291_linux_gtk_x86_64/plugins/com.st.stm32cube.common.mx_6.9.1.202307191849//db//plugins/boardmanager/
2023-10-30 07:32:13,522 [INFO] ApiDb:261 - Set plugin images path to: /opt/st/stm32cubeide_1.13.0/../../../home/hendri/.eclipse/com.st.stm32cube.ide.mcu.rcp.product_1.13.0_139062291_linux_gtk_x86_64/plugins/com.st.stm32cube.common.mx_6.9.1.202307191849//db//plugins/mcufinder/images/
2023-10-30 07:32:13,522 [WARN] DbFile:41 - Overriding database path with different value: /home/hendri/.stmcufinder/plugins/mcufinder/ => /home/hendri/.stmcufinder/plugins/mcufinder
2023-10-30 07:32:13,523 [INFO] ApiDb:250 - Set database path to: /home/hendri/.stmcufinder/plugins/mcufinder//mcu/
2023-10-30 07:32:13,523 [WARN] DbFile:41 - Overriding database path with different value: /home/hendri/.stmcufinder/plugins/mcufinder/ => /home/hendri/.stmcufinder/plugins/mcufinder
2023-10-30 07:32:13,523 [INFO] DbMcusAds:125 - Set database path to: /home/hendri/.stmcufinder/plugins/mcufinder//mcu/
2023-10-30 07:32:13,524 [WARN] DbFile:41 - Overriding database path with different value: /home/hendri/.stmcufinder/plugins/mcufinder/ => /home/hendri/.stmcufinder/plugins/mcufinder
2023-10-30 07:32:13,524 [WARN] DbFile:41 - Overriding database path with different value: /home/hendri/.stmcufinder/plugins/mcufinder/ => /home/hendri/.stmcufinder/plugins/mcufinder
2023-10-30 07:32:13,524 [INFO] CrossReferenceDbSqlite:203 - Set database path to: /home/hendri/.stmcufinder/plugins/mcufinder//mcu/cs/
2023-10-30 07:32:13,645 [INFO] MainPanel:262 - HeapMemory: 268435456
2023-10-30 07:32:13,870 [INFO] DbMcusXml:78 - Set database path to: /opt/st/stm32cubeide_1.13.0/../../../home/hendri/.eclipse/com.st.stm32cube.ide.mcu.rcp.product_1.13.0_139062291_linux_gtk_x86_64/plugins/com.st.stm32cube.common.mx_6.9.1.202307191849//db//mcu/
2023-10-30 07:32:13,870 [INFO] ApiDb:274 - Set plugin database path to: /opt/st/stm32cubeide_1.13.0/../../../home/hendri/.eclipse/com.st.stm32cube.ide.mcu.rcp.product_1.13.0_139062291_linux_gtk_x86_64/plugins/com.st.stm32cube.common.mx_6.9.1.202307191849//db//plugins/boardmanager/
2023-10-30 07:32:13,871 [INFO] ApiDb:261 - Set plugin images path to: /opt/st/stm32cubeide_1.13.0/../../../home/hendri/.eclipse/com.st.stm32cube.ide.mcu.rcp.product_1.13.0_139062291_linux_gtk_x86_64/plugins/com.st.stm32cube.common.mx_6.9.1.202307191849//db//plugins/mcufinder/images/
2023-10-30 07:32:13,872 [WARN] DbFile:41 - Overriding database path with different value: /home/hendri/.stmcufinder/plugins/mcufinder/ => /home/hendri/.stmcufinder/plugins/mcufinder
2023-10-30 07:32:13,872 [INFO] ApiDb:250 - Set database path to: /home/hendri/.stmcufinder/plugins/mcufinder//mcu/
2023-10-30 07:32:13,872 [WARN] DbFile:41 - Overriding database path with different value: /home/hendri/.stmcufinder/plugins/mcufinder/ => /home/hendri/.stmcufinder/plugins/mcufinder
2023-10-30 07:32:13,873 [INFO] DbMcusAds:125 - Set database path to: /home/hendri/.stmcufinder/plugins/mcufinder//mcu/
2023-10-30 07:32:13,873 [WARN] DbFile:41 - Overriding database path with different value: /home/hendri/.stmcufinder/plugins/mcufinder/ => /home/hendri/.stmcufinder/plugins/mcufinder
2023-10-30 07:32:13,873 [WARN] DbFile:41 - Overriding database path with different value: /home/hendri/.stmcufinder/plugins/mcufinder/ => /home/hendri/.stmcufinder/plugins/mcufinder
2023-10-30 07:32:13,873 [INFO] CrossReferenceDbSqlite:203 - Set database path to: /home/hendri/.stmcufinder/plugins/mcufinder//mcu/cs/
2023-10-30 07:32:13,912 [INFO] ApplicationProperties:184 - Using Application install path: /opt/st/stm32cubeide_1.13.0/../../../home/hendri/.eclipse/com.st.stm32cube.ide.mcu.rcp.product_1.13.0_139062291_linux_gtk_x86_64/plugins/com.st.stm32cube.common.mx_6.9.1.202307191849
2023-10-30 07:32:13,914 [INFO] PluginManage:196 - Search for loadable plugins [exclusion list=, ]
2023-10-30 07:32:13,917 [INFO] PluginManage:310 - Check plugin analytics
2023-10-30 07:32:14,204 [INFO] AnalyticsPlugin:253 - Accepted Software Licenses: 
2023-10-30 07:32:14,204 [INFO] AnalyticsPlugin:255 - Accepted CMSIS Pack Licenses: 
2023-10-30 07:32:14,205 [INFO] AnalyticsPlugin:257 - Accepted Firmware Licenses: FW.F4.1.27.0,FW.H7.1.10.0,FW.F7.1.17.0,FW.H7.1.11.0
2023-10-30 07:32:14,209 [INFO] PluginManage:359 - Loaded plugin analytics (category:tool,tabindex:-1)
2023-10-30 07:32:14,209 [INFO] PluginManage:310 - Check plugin cadmodel
2023-10-30 07:32:14,719 [INFO] CADModel:105 - Init CAD model plugin
2023-10-30 07:32:14,719 [INFO] PluginManage:359 - Loaded plugin cadmodel (category:power,tabindex:5)
2023-10-30 07:32:14,720 [INFO] PluginManage:310 - Check plugin clock
2023-10-30 07:32:14,730 [INFO] PluginManage:359 - Loaded plugin clock (category:base,tabindex:2)
2023-10-30 07:32:14,731 [INFO] PluginManage:310 - Check plugin ddr
2023-10-30 07:32:14,733 [INFO] PluginManage:359 - Loaded plugin ddr (category:tool,tabindex:6)
2023-10-30 07:32:14,733 [INFO] PluginManage:310 - Check plugin filemanager
2023-10-30 07:32:14,904 [INFO] PluginManage:359 - Loaded plugin filemanager (category:base,tabindex:10)
2023-10-30 07:32:14,904 [INFO] PluginManage:310 - Check plugin ipmanager
2023-10-30 07:32:14,912 [INFO] PluginManage:359 - Loaded plugin ipmanager (category:base,tabindex:5)
2023-10-30 07:32:14,913 [INFO] PluginManage:310 - Check plugin lpbam
2023-10-30 07:32:14,927 [INFO] PluginManage:359 - Loaded plugin lpbam (category:base,tabindex:0)
2023-10-30 07:32:14,929 [INFO] PluginManage:310 - Check plugin memorymap
2023-10-30 07:32:14,955 [INFO] PluginManage:359 - Loaded plugin memorymap (category:base,tabindex:4)
2023-10-30 07:32:14,956 [INFO] PluginManage:310 - Check plugin pinoutandconfiguration
2023-10-30 07:32:15,018 [INFO] PluginManage:359 - Loaded plugin pinoutandconfiguration (category:base,tabindex:1)
2023-10-30 07:32:15,019 [INFO] PluginManage:310 - Check plugin pinoutconfig
2023-10-30 07:32:15,241 [WARN] SupportedApi:132 - Cannot load RTOS API schema: s4s-elt-must-match.1: The content of 'definitions' must match (annotation?, (simpleType | complexType)?, (unique | key | keyref)*)). A problem was found starting at: attribute.
2023-10-30 07:32:15,424 [INFO] PluginManage:359 - Loaded plugin pinoutconfig (category:base,tabindex:0)
2023-10-30 07:32:15,424 [INFO] PluginManage:310 - Check plugin power
2023-10-30 07:32:15,435 [INFO] PluginManage:359 - Loaded plugin power (category:power,tabindex:4)
2023-10-30 07:32:15,435 [INFO] PluginManage:310 - Check plugin projectmanager
2023-10-30 07:32:15,454 [INFO] PluginManage:359 - Loaded plugin projectmanager (category:projectmanager,tabindex:3)
2023-10-30 07:32:15,455 [INFO] PluginManage:310 - Check plugin thirdparty
2023-10-30 07:32:15,633 [WARN] IntegrityCheckThread:84 - waiting for thirdparty lock release [integrity check]
2023-10-30 07:32:15,633 [INFO] PluginManage:359 - Loaded plugin thirdparty (category:base,tabindex:-1)
2023-10-30 07:32:15,634 [INFO] IntegrityCheckThread:86 - entering critical section [integrity check]
2023-10-30 07:32:15,634 [INFO] PluginManage:310 - Check plugin tools
2023-10-30 07:32:15,634 [INFO] ThirdPartyUpdaterWithRetryManager:70 - Updater plugin not ready yet. [1/15]
2023-10-30 07:32:15,637 [INFO] PluginManage:359 - Loaded plugin tools (category:base,tabindex:7)
2023-10-30 07:32:15,637 [INFO] PluginManage:310 - Check plugin tutovideos
2023-10-30 07:32:15,923 [INFO] PluginManage:359 - Loaded plugin tutovideos (category:base,tabindex:-1)
2023-10-30 07:32:15,924 [INFO] PluginManage:310 - Check plugin updater
2023-10-30 07:32:15,937 [INFO] PluginManage:359 - Loaded plugin updater (category:base,tabindex:12)
2023-10-30 07:32:15,937 [INFO] PluginManage:310 - Check plugin userauth
2023-10-30 07:32:15,943 [INFO] UserAuth:113 - Init User Auth plugin
2023-10-30 07:32:15,943 [INFO] PluginManage:359 - Loaded plugin userauth (category:base,tabindex:14)
2023-10-30 07:32:15,944 [INFO] PluginManage:283 - PluginManage : Loaded plugins [17]
2023-10-30 07:32:16,201 [INFO] PinOutPanel:1499 - setPackage(No Configuration,No Configuration)
2023-10-30 07:32:16,324 [INFO] CADModel:165 - CPN selected for project level
2023-10-30 07:32:16,325 [INFO] CADModel:114 - Register for checkConnection events
2023-10-30 07:32:16,337 [INFO] IPUIPlugin:80 - create IPUIPlugin
2023-10-30 07:32:16,338 [INFO] PluginManager:220 - loadIPPluginJar : add genericplugin
2023-10-30 07:32:16,340 [INFO] IPUIPlugin:80 - create IPUIPlugin
2023-10-30 07:32:16,340 [INFO] PluginManager:220 - loadIPPluginJar : add ltdc
2023-10-30 07:32:16,350 [INFO] IPUIPlugin:80 - create IPUIPlugin
2023-10-30 07:32:16,351 [INFO] PluginManager:220 - loadIPPluginJar : add gpio
2023-10-30 07:32:16,352 [INFO] IPUIPlugin:80 - create IPUIPlugin
2023-10-30 07:32:16,353 [INFO] PluginManager:220 - loadIPPluginJar : add comp
2023-10-30 07:32:16,358 [INFO] IPUIPlugin:80 - create IPUIPlugin
2023-10-30 07:32:16,358 [INFO] PluginManager:220 - loadIPPluginJar : add spi
2023-10-30 07:32:16,361 [INFO] IPUIPlugin:80 - create IPUIPlugin
2023-10-30 07:32:16,361 [INFO] PluginManager:220 - loadIPPluginJar : add usart
2023-10-30 07:32:16,367 [INFO] IPUIPlugin:80 - create IPUIPlugin
2023-10-30 07:32:16,370 [INFO] PluginManager:220 - loadIPPluginJar : add plateformsettings
2023-10-30 07:32:16,372 [INFO] IPUIPlugin:80 - create IPUIPlugin
2023-10-30 07:32:16,372 [INFO] PluginManager:220 - loadIPPluginJar : add fatfs
2023-10-30 07:32:16,374 [INFO] IPUIPlugin:80 - create IPUIPlugin
2023-10-30 07:32:16,375 [INFO] PluginManager:220 - loadIPPluginJar : add can
2023-10-30 07:32:16,380 [INFO] IPUIPlugin:80 - create IPUIPlugin
2023-10-30 07:32:16,380 [INFO] PluginManager:220 - loadIPPluginJar : add resmgrutility
2023-10-30 07:32:16,387 [INFO] IPUIPlugin:80 - create IPUIPlugin
2023-10-30 07:32:16,387 [INFO] PluginManager:220 - loadIPPluginJar : add linkedlist
2023-10-30 07:32:16,390 [INFO] IPUIPlugin:80 - create IPUIPlugin
2023-10-30 07:32:16,390 [INFO] PluginManager:220 - loadIPPluginJar : add usbx
2023-10-30 07:32:16,392 [INFO] IPUIPlugin:80 - create IPUIPlugin
2023-10-30 07:32:16,392 [INFO] PluginManager:220 - loadIPPluginJar : add dfsdm
2023-10-30 07:32:16,394 [INFO] IPUIPlugin:80 - create IPUIPlugin
2023-10-30 07:32:16,394 [INFO] PluginManager:220 - loadIPPluginJar : add tsc
2023-10-30 07:32:16,395 [INFO] IPUIPlugin:80 - create IPUIPlugin
2023-10-30 07:32:16,396 [INFO] PluginManager:220 - loadIPPluginJar : add quadspi
2023-10-30 07:32:16,400 [INFO] IPUIPlugin:80 - create IPUIPlugin
2023-10-30 07:32:16,400 [INFO] PluginManager:220 - loadIPPluginJar : add stm32_wpan
2023-10-30 07:32:16,404 [INFO] IPUIPlugin:80 - create IPUIPlugin
2023-10-30 07:32:16,404 [INFO] PluginManager:220 - loadIPPluginJar : add touchsensing
2023-10-30 07:32:16,406 [INFO] IPUIPlugin:80 - create IPUIPlugin
2023-10-30 07:32:16,407 [INFO] PluginManager:220 - loadIPPluginJar : add opamp
2023-10-30 07:32:16,408 [INFO] IPUIPlugin:80 - create IPUIPlugin
2023-10-30 07:32:16,408 [INFO] PluginManager:220 - loadIPPluginJar : add tim
2023-10-30 07:32:16,414 [INFO] IPUIPlugin:80 - create IPUIPlugin
2023-10-30 07:32:16,414 [INFO] PluginManager:220 - loadIPPluginJar : add freertos
2023-10-30 07:32:16,418 [INFO] IPUIPlugin:80 - create IPUIPlugin
2023-10-30 07:32:16,419 [INFO] PluginManager:220 - loadIPPluginJar : add nvic
2023-10-30 07:32:16,421 [INFO] IPUIPlugin:80 - create IPUIPlugin
2023-10-30 07:32:16,421 [INFO] PluginManager:220 - loadIPPluginJar : add ts
2023-10-30 07:32:16,425 [INFO] IPUIPlugin:80 - create IPUIPlugin
2023-10-30 07:32:16,425 [INFO] PluginManager:220 - loadIPPluginJar : add fmc
2023-10-30 07:32:16,429 [INFO] IPUIPlugin:80 - create IPUIPlugin
2023-10-30 07:32:16,429 [INFO] PluginManager:220 - loadIPPluginJar : add ipddr
2023-10-30 07:32:16,435 [INFO] IPUIPlugin:80 - create IPUIPlugin
2023-10-30 07:32:16,436 [INFO] PluginManager:220 - loadIPPluginJar : add mdma
2023-10-30 07:32:16,438 [INFO] IPUIPlugin:80 - create IPUIPlugin
2023-10-30 07:32:16,438 [INFO] PluginManager:220 - loadIPPluginJar : add ucpd
2023-10-30 07:32:16,441 [INFO] IPUIPlugin:80 - create IPUIPlugin
2023-10-30 07:32:16,441 [INFO] PluginManager:220 - loadIPPluginJar : add lorawan
2023-10-30 07:32:16,443 [INFO] IPUIPlugin:80 - create IPUIPlugin
2023-10-30 07:32:16,443 [INFO] PluginManager:220 - loadIPPluginJar : add i2c
2023-10-30 07:32:16,446 [INFO] IPUIPlugin:80 - create IPUIPlugin
2023-10-30 07:32:16,446 [INFO] PluginManager:220 - loadIPPluginJar : add aes
2023-10-30 07:32:16,448 [INFO] IPUIPlugin:80 - create IPUIPlugin
2023-10-30 07:32:16,448 [INFO] PluginManager:220 - loadIPPluginJar : add tracer_emb
2023-10-30 07:32:16,451 [INFO] IPUIPlugin:80 - create IPUIPlugin
2023-10-30 07:32:16,451 [INFO] PluginManager:220 - loadIPPluginJar : add sai
2023-10-30 07:32:16,453 [INFO] IPUIPlugin:80 - create IPUIPlugin
2023-10-30 07:32:16,453 [INFO] PluginManager:220 - loadIPPluginJar : add hash
2023-10-30 07:32:16,455 [INFO] IPUIPlugin:80 - create IPUIPlugin
2023-10-30 07:32:16,455 [INFO] PluginManager:220 - loadIPPluginJar : add i2s
2023-10-30 07:32:16,457 [INFO] IPUIPlugin:80 - create IPUIPlugin
2023-10-30 07:32:16,458 [INFO] PluginManager:220 - loadIPPluginJar : add cryp
2023-10-30 07:32:16,460 [INFO] IPUIPlugin:80 - create IPUIPlugin
2023-10-30 07:32:16,460 [INFO] PluginManager:220 - loadIPPluginJar : add gtzc
2023-10-30 07:32:16,462 [INFO] IPUIPlugin:80 - create IPUIPlugin
2023-10-30 07:32:16,463 [INFO] PluginManager:220 - loadIPPluginJar : add dma3
2023-10-30 07:32:16,465 [INFO] IPUIPlugin:80 - create IPUIPlugin
2023-10-30 07:32:16,465 [INFO] PluginManager:220 - loadIPPluginJar : add pdm2pcm
2023-10-30 07:32:16,470 [INFO] IPUIPlugin:80 - create IPUIPlugin
2023-10-30 07:32:16,470 [INFO] PluginManager:220 - loadIPPluginJar : add adc
2023-10-30 07:32:16,473 [INFO] IPUIPlugin:80 - create IPUIPlugin
2023-10-30 07:32:16,473 [INFO] PluginManager:220 - loadIPPluginJar : add gfxmmu
2023-10-30 07:32:16,478 [INFO] IPUIPlugin:80 - create IPUIPlugin
2023-10-30 07:32:16,479 [INFO] PluginManager:220 - loadIPPluginJar : add dma
2023-10-30 07:32:16,483 [INFO] IPUIPlugin:80 - create IPUIPlugin
2023-10-30 07:32:16,483 [INFO] PluginManager:220 - loadIPPluginJar : add gic
2023-10-30 07:32:16,486 [INFO] IPUIPlugin:80 - create IPUIPlugin
2023-10-30 07:32:16,486 [INFO] PluginManager:220 - loadIPPluginJar : add i3c
2023-10-30 07:32:16,489 [INFO] IPUIPlugin:80 - create IPUIPlugin
2023-10-30 07:32:16,489 [INFO] PluginManager:220 - loadIPPluginJar : add openamp
2023-10-30 07:32:16,594 [INFO] CADModel:165 - CPN selected for project level
2023-10-30 07:32:16,594 [INFO] CADModel:114 - Register for checkConnection events
2023-10-30 07:32:16,595 [FATAL] Updater:308 - Updater called before beeing initialized
2023-10-30 07:32:16,595 [ERROR] CADModel:125 - Updater not yet initialized, retry later 
2023-10-30 07:32:16,802 [INFO] CADModel:165 - CPN selected for project level
2023-10-30 07:32:16,802 [INFO] CADModel:114 - Register for checkConnection events
2023-10-30 07:32:16,802 [FATAL] Updater:308 - Updater called before beeing initialized
2023-10-30 07:32:16,802 [ERROR] CADModel:125 - Updater not yet initialized, retry later 
2023-10-30 07:32:16,812 [FATAL] Updater:308 - Updater called before beeing initialized
2023-10-30 07:32:16,940 [FATAL] Updater:308 - Updater called before beeing initialized
2023-10-30 07:32:16,949 [INFO] DbMcusAds:53 - JSON generation date=Tue Mar 07 15:50:55 WIB 2023 (1678179055114)
2023-10-30 07:32:16,950 [FATAL] Updater:308 - Updater called before beeing initialized
2023-10-30 07:32:17,015 [WARN] DetailPanel:346 - Failed to get advertising image, set to default
2023-10-30 07:32:17,206 [FATAL] Updater:308 - Updater called before beeing initialized
2023-10-30 07:32:17,208 [FATAL] Updater:308 - Updater called before beeing initialized
2023-10-30 07:32:17,208 [FATAL] Updater:308 - Updater called before beeing initialized
2023-10-30 07:32:17,209 [WARN] DetailPanel:346 - Failed to get advertising image, set to default
2023-10-30 07:32:17,211 [FATAL] Updater:308 - Updater called before beeing initialized
2023-10-30 07:32:17,260 [ERROR] Updater:1120 - MainUpdater not yet initialized. External WinMGr cannot be set.
2023-10-30 07:32:17,263 [INFO] Updater:1056 - Updater Version found : 6.9.1
2023-10-30 07:32:17,288 [INFO] ApplicationProperties:184 - Using Application install path: /opt/st/stm32cubeide_1.13.0/../../../home/hendri/.eclipse/com.st.stm32cube.ide.mcu.rcp.product_1.13.0_139062291_linux_gtk_x86_64/plugins/com.st.stm32cube.common.mx_6.9.1.202307191849
2023-10-30 07:32:18,582 [INFO] MainUpdater:2868 - connection check result : 10
2023-10-30 07:32:18,582 [INFO] MainUpdater:3562 - Updater definition file requires update
2023-10-30 07:32:18,583 [INFO] MainUpdater:285 - Updater Check For Update Now.
2023-10-30 07:32:18,583 [INFO] MicroXplorer:498 - Change Database Version : DB.6.0.91
2023-10-30 07:32:18,590 [INFO] McuFinderGlobals:63 - Set McuFinder mode to 2 (CubeIDE integrated)
2023-10-30 07:32:18,590 [INFO] UserAuth:179 - activating auth plugin
2023-10-30 07:32:18,600 [INFO] UserAuth:393 - Internet connection configuration mode: 1
2023-10-30 07:32:18,617 [INFO] JxBrowserEngine:151 - Initiate JxBrowser Engine with user profile folder
2023-10-30 07:32:18,635 [WARN] MainUpdater:1189 - Updater busy. Cannot search thirdparties
2023-10-30 07:32:18,635 [INFO] ThirdPartyUpdaterWithRetryManager:96 - Updater plugin is busy. [1/15]
2023-10-30 07:32:19,598 [INFO] WebApp:157 - Instantiating new browser for Auth
2023-10-30 07:32:20,367 [INFO] WebApp:753 - Register for checkConnection events
2023-10-30 07:32:20,367 [INFO] WebApp:390 - Apply proxy settings
2023-10-30 07:32:20,367 [INFO] WebApp:475 - Chromium requires no authentication
2023-10-30 07:32:20,374 [INFO] WebApp:418 - Direct internet connection detected
2023-10-30 07:32:20,520 [INFO] WebApp:188 - Starting web application
2023-10-30 07:32:20,520 [INFO] WebApp:520 - Web application path used /opt/st/stm32cubeide_1.13.0/../../../home/hendri/.eclipse/com.st.stm32cube.ide.mcu.rcp.product_1.13.0_139062291_linux_gtk_x86_64/plugins/com.st.stm32cube.common.mx_6.9.1.202307191849/db/plugins/mcufinder/reactClient1/index.html
2023-10-30 07:32:20,728 [INFO] ServerAccessManage:473 - Download File updaters.zip
2023-10-30 07:32:20,831 [INFO] FileExtend:240 - Unzip File : updaters.zip
2023-10-30 07:32:20,831 [INFO] FileExtend:255 - Standard Zip Deflate
2023-10-30 07:32:21,636 [WARN] MainUpdater:1189 - Updater busy. Cannot search thirdparties
2023-10-30 07:32:21,636 [INFO] ThirdPartyUpdaterWithRetryManager:96 - Updater plugin is busy. [2/15]
2023-10-30 07:32:22,163 [INFO] ServerAccessManage:473 - Download File PacksControlFlags.xml
2023-10-30 07:32:23,592 [INFO] ServerAccessManage:473 - Download File cubemx.pidx
2023-10-30 07:32:24,636 [WARN] MainUpdater:1189 - Updater busy. Cannot search thirdparties
2023-10-30 07:32:24,637 [INFO] ThirdPartyUpdaterWithRetryManager:96 - Updater plugin is busy. [3/15]
2023-10-30 07:32:25,233 [INFO] ServerAccessManage:473 - Download File STMicroelectronics.X-CUBE-EEPRMA1.pdsc
2023-10-30 07:32:27,637 [WARN] MainUpdater:1189 - Updater busy. Cannot search thirdparties
2023-10-30 07:32:27,638 [INFO] ThirdPartyUpdaterWithRetryManager:96 - Updater plugin is busy. [4/15]
2023-10-30 07:32:27,893 [ERROR] ServerAccessManage:1089 - Problem, file not found on Server
2023-10-30 07:32:30,638 [WARN] MainUpdater:1189 - Updater busy. Cannot search thirdparties
2023-10-30 07:32:30,639 [INFO] ThirdPartyUpdaterWithRetryManager:96 - Updater plugin is busy. [5/15]
2023-10-30 07:32:31,761 [WARN] PackLoader:240 - Cannot read IP mode file for STMicroelectronics.X-CUBE-EEPRMA1.4.2.0
2023-10-30 07:32:31,765 [INFO] PopulateThirdPartyThread:66 - Ending populate Thread
2023-10-30 07:32:31,766 [INFO] ThirdParty:1030 - CMSIS Pack Vendor :STMicroelectronics X-CUBE-EEPRMA1 4.2.0
2023-10-30 07:32:31,767 [INFO] LoadServerUpdatesThread:373 - End of LoadServerUpdate Thread
2023-10-30 07:32:31,892 [INFO] CheckServerUpdateThread:120 - End of CheckServer Thread
2023-10-30 07:32:33,747 [WARN] PackLoader:240 - Cannot read IP mode file for STMicroelectronics.X-CUBE-SMBUS.2.1.0
2023-10-30 07:32:33,772 [WARN] PackLoader:240 - Cannot read IP mode file for STMicroelectronics.X-CUBE-AZRTOS-F7.1.1.0
2023-10-30 07:32:33,781 [WARN] PackLoader:240 - Cannot read IP mode file for STMicroelectronics.FP-SNS-MOTENV1.4.3.2
2023-10-30 07:32:33,787 [WARN] PackLoader:240 - Cannot read IP mode file for STMicroelectronics.FP-SNS-FLIGHT1.5.0.1
2023-10-30 07:32:33,792 [WARN] PackLoader:240 - Cannot read IP mode file for STMicroelectronics.X-CUBE-BLE1.6.2.3
2023-10-30 07:32:33,796 [WARN] PackLoader:240 - Cannot read IP mode file for STMicroelectronics.X-CUBE-BLE1.6.2.4
2023-10-30 07:32:33,799 [WARN] PackLoader:240 - Cannot read IP mode file for STMicroelectronics.FP-SNS-FLIGHT1.5.0.2
2023-10-30 07:32:33,805 [WARN] PackLoader:240 - Cannot read IP mode file for STMicroelectronics.X-CUBE-DISPLAY.3.0.0
2023-10-30 07:32:33,815 [WARN] PackLoader:240 - Cannot read IP mode file for STMicroelectronics.X-CUBE-BLE1.7.0.0
2023-10-30 07:32:33,820 [WARN] PackLoader:240 - Cannot read IP mode file for emotas.I-CUBE-CANOPEN.1.3.0
2023-10-30 07:32:33,822 [WARN] PackLoader:240 - Cannot read IP mode file for STMicroelectronics.X-CUBE-TOUCHGFX.4.22.0
2023-10-30 07:32:33,824 [WARN] PackLoader:240 - Cannot read IP mode file for STMicroelectronics.X-CUBE-TOUCHGFX.4.22.1
2023-10-30 07:32:33,872 [WARN] PackLoader:240 - Cannot read IP mode file for STMicroelectronics.X-CUBE-MEMS1.9.3.0
2023-10-30 07:32:34,040 [WARN] PackLoader:240 - Cannot read IP mode file for STMicroelectronics.FP-SNS-SMARTAG2.1.2.0
2023-10-30 07:32:34,049 [INFO] LogOutputStream:77 - [STDOUT_REDIRECT] 1 : Invalid condition id : UX_CORESTACK_Condition cause : null
2023-10-30 07:32:34,049 [INFO] LogOutputStream:77 - [STDOUT_REDIRECT] 1 : Invalid condition id : UX_CORESTACK_Condition cause : null
2023-10-30 07:32:34,049 [INFO] LogOutputStream:77 - [STDOUT_REDIRECT] 1 : Invalid condition id : UX_CORESTACK_Condition cause : null
2023-10-30 07:32:34,050 [INFO] LogOutputStream:77 - [STDOUT_REDIRECT] 1 : Invalid condition id : UX_CORESTACK_Condition cause : null
2023-10-30 07:32:34,050 [INFO] LogOutputStream:77 - [STDOUT_REDIRECT] 1 : Invalid condition id : UX_CORESTACK_Condition cause : null
2023-10-30 07:32:34,053 [WARN] PackLoader:240 - Cannot read IP mode file for STMicroelectronics.X-CUBE-AZRTOS-WL.2.0.0
2023-10-30 07:32:34,059 [WARN] PackLoader:240 - Cannot read IP mode file for WES.I-CUBE-Cesium.1.3.0
2023-10-30 07:32:34,062 [WARN] PackLoader:240 - Cannot read IP mode file for STMicroelectronics.X-CUBE-BLE2.3.3.0
2023-10-30 07:32:34,067 [WARN] PackLoader:240 - Cannot read IP mode file for STMicroelectronics.X-CUBE-DISPLAY.2.2.0
2023-10-30 07:32:34,078 [WARN] PackLoader:240 - Cannot read IP mode file for STMicroelectronics.X-CUBE-TOF1.3.2.0
2023-10-30 07:32:34,101 [WARN] PackLoader:240 - Cannot read IP mode file for STMicroelectronics.X-CUBE-AZRTOS-H7.2.1.0
2023-10-30 07:32:34,107 [WARN] PackLoader:240 - Cannot read IP mode file for STMicroelectronics.X-CUBE-AI.7.3.0
2023-10-30 07:32:34,111 [WARN] PackLoader:240 - Cannot read IP mode file for STMicroelectronics.X-CUBE-ALGOBUILD.1.3.0
2023-10-30 07:32:34,126 [WARN] PackLoader:240 - Cannot read IP mode file for STMicroelectronics.X-CUBE-AZRTOS-G0.1.1.0
2023-10-30 07:32:34,132 [WARN] PackLoader:240 - Cannot read IP mode file for STMicroelectronics.X-CUBE-NFC4.3.0.0
2023-10-30 07:32:34,166 [WARN] PackLoader:240 - Cannot read IP mode file for SEGGER.I-CUBE-embOS.1.2.1
2023-10-30 07:32:34,204 [WARN] PackLoader:240 - Cannot read IP mode file for STMicroelectronics.FP-ATR-SIGFOX1.3.2.0
2023-10-30 07:32:34,207 [WARN] PackLoader:240 - Cannot read IP mode file for STMicroelectronics.X-CUBE-TOUCHGFX.4.20.0
2023-10-30 07:32:34,235 [WARN] PackLoader:240 - Cannot read IP mode file for SEGGER.I-CUBE-embOS.1.3.1
2023-10-30 07:32:34,281 [WARN] PackLoader:240 - Cannot read IP mode file for STMicroelectronics.X-CUBE-GNSS1.6.0.0
2023-10-30 07:32:34,297 [WARN] PackLoader:240 - Cannot read IP mode file for STMicroelectronics.X-CUBE-AZRTOS-F4.1.1.0
2023-10-30 07:32:34,302 [WARN] PackLoader:240 - Cannot read IP mode file for wolfSSL.I-CUBE-wolfSSL.5.6.3
2023-10-30 07:32:34,308 [WARN] PackLoader:240 - Cannot read IP mode file for STMicroelectronics.X-CUBE-BLEMGR.1.2.0
2023-10-30 07:32:34,325 [WARN] PackLoader:240 - Cannot read IP mode file for STMicroelectronics.X-CUBE-AZRTOS-L5.2.0.0
2023-10-30 07:32:34,395 [WARN] PackLoader:240 - Cannot read IP mode file for STMicroelectronics.X-CUBE-MEMS1.9.6.0
2023-10-30 07:32:34,637 [WARN] PackLoader:240 - Cannot read IP mode file for STMicroelectronics.X-CUBE-EEPRMA1.4.2.0
2023-10-30 07:32:34,650 [WARN] PackLoader:240 - Cannot read IP mode file for ITTIA_DB.I-CUBE-ITTIADB.8.8.0
2023-10-30 07:32:34,656 [WARN] PackLoader:240 - Cannot read IP mode file for emotas.I-CUBE-CANOPEN.1.1.3
2023-10-30 07:32:34,666 [WARN] PackLoader:240 - Cannot read IP mode file for STMicroelectronics.X-CUBE-BLEMGR.2.0.0
2023-10-30 07:32:34,674 [WARN] PackLoader:240 - Cannot read IP mode file for STMicroelectronics.X-CUBE-NFC4.2.0.5
2023-10-30 07:32:34,680 [WARN] PackLoader:240 - Cannot read IP mode file for STMicroelectronics.X-CUBE-NFC4.2.0.4
2023-10-30 07:32:34,700 [WARN] ConditionMgr:438 - getConditionDescription Invalid condition id : UX DEVICE CLASS RTOS Condition cause : null
2023-10-30 07:32:34,700 [WARN] ConditionMgr:438 - getConditionDescription Invalid condition id : UX DEVICE CLASS RTOS Condition cause : null
2023-10-30 07:32:34,705 [WARN] PackLoader:240 - Cannot read IP mode file for STMicroelectronics.X-CUBE-AZRTOS-H7.3.1.0
2023-10-30 07:32:34,707 [WARN] ConditionMgr:1039 - genDependencies : Invalid condition id : UX DEVICE CLASS RTOS Condition cause : null
2023-10-30 07:32:34,707 [WARN] ConditionMgr:1039 - genDependencies : Invalid condition id : UX DEVICE CLASS RTOS Condition cause : null
2023-10-30 07:32:34,708 [WARN] ConditionMgr:1039 - genDependencies : Invalid condition id : UX DEVICE CLASS RTOS Condition cause : null
2023-10-30 07:32:34,709 [WARN] ConditionMgr:1039 - genDependencies : Invalid condition id : UX DEVICE CLASS RTOS Condition cause : null
2023-10-30 07:32:34,709 [WARN] ConditionMgr:1039 - genDependencies : Invalid condition id : UX DEVICE CLASS RTOS Condition cause : null
2023-10-30 07:32:34,714 [WARN] PackLoader:240 - Cannot read IP mode file for wolfSSL.I-CUBE-wolfSSL.5.5.3
2023-10-30 07:32:34,719 [WARN] PackLoader:240 - Cannot read IP mode file for STMicroelectronics.X-CUBE-NFC7.1.0.1
2023-10-30 07:32:34,725 [WARN] PackLoader:240 - Cannot read IP mode file for STMicroelectronics.X-CUBE-NFC7.1.0.0
2023-10-30 07:32:34,734 [WARN] PackLoader:240 - Cannot read IP mode file for STMicroelectronics.X-CUBE-NFC6.3.0.0
2023-10-30 07:32:34,742 [WARN] PackLoader:240 - Cannot read IP mode file for STMicroelectronics.X-CUBE-EEPRMA1.4.1.0
2023-10-30 07:32:34,747 [WARN] PackLoader:240 - Cannot read IP mode file for STMicroelectronics.X-CUBE-AI.8.1.0
2023-10-30 07:32:34,770 [WARN] ConditionMgr:438 - getConditionDescription Invalid condition id : LAN8742 Phy interface Condition cause : null
2023-10-30 07:32:34,771 [WARN] PackLoader:240 - Cannot read IP mode file for STMicroelectronics.X-CUBE-AZRTOS-L4.2.0.0
2023-10-30 07:32:34,774 [WARN] ConditionMgr:1039 - genDependencies : Invalid condition id : LAN8742 Phy interface Condition cause : null
2023-10-30 07:32:34,774 [WARN] ConditionMgr:1039 - genDependencies : Invalid condition id : LAN8742 Phy interface Condition cause : null
2023-10-30 07:32:34,775 [WARN] ConditionMgr:1039 - genDependencies : Invalid condition id : LAN8742 Phy interface Condition cause : null
2023-10-30 07:32:34,783 [WARN] PackLoader:240 - Cannot read IP mode file for STMicroelectronics.X-CUBE-SFXS2LP1.4.0.0
2023-10-30 07:32:34,788 [WARN] PackLoader:240 - Cannot read IP mode file for STMicroelectronics.X-CUBE-ISPU.1.1.0
2023-10-30 07:32:34,795 [WARN] PackLoader:240 - Cannot read IP mode file for RoweBots.I-CUBE-UNISONRTOS.5.5.0-4
2023-10-30 07:32:34,811 [WARN] ConditionMgr:438 - getConditionDescription Invalid condition id : UX DEVICE CLASS RTOS Condition cause : null
2023-10-30 07:32:34,812 [WARN] ConditionMgr:438 - getConditionDescription Invalid condition id : UX DEVICE CLASS RTOS Condition cause : null
2023-10-30 07:32:34,815 [WARN] PackLoader:240 - Cannot read IP mode file for STMicroelectronics.X-CUBE-AZRTOS-WB.2.0.0
2023-10-30 07:32:34,816 [WARN] ConditionMgr:1039 - genDependencies : Invalid condition id : UX DEVICE CLASS RTOS Condition cause : null
2023-10-30 07:32:34,816 [WARN] ConditionMgr:1039 - genDependencies : Invalid condition id : UX DEVICE CLASS RTOS Condition cause : null
2023-10-30 07:32:34,817 [WARN] ConditionMgr:1039 - genDependencies : Invalid condition id : UX DEVICE CLASS RTOS Condition cause : null
2023-10-30 07:32:34,817 [WARN] ConditionMgr:1039 - genDependencies : Invalid condition id : UX DEVICE CLASS RTOS Condition cause : null
2023-10-30 07:32:34,817 [WARN] ConditionMgr:1039 - genDependencies : Invalid condition id : UX DEVICE CLASS RTOS Condition cause : null
2023-10-30 07:32:34,823 [WARN] PackLoader:240 - Cannot read IP mode file for STMicroelectronics.X-CUBE-FREERTOS.1.0.1
2023-10-30 07:32:34,841 [WARN] PackLoader:240 - Cannot read IP mode file for STMicroelectronics.X-CUBE-AZRTOS-L5.1.1.0
2023-10-30 07:32:34,848 [WARN] PackLoader:240 - Cannot read IP mode file for STMicroelectronics.X-CUBE-AI.8.0.1
2023-10-30 07:32:34,859 [WARN] PackLoader:240 - Cannot read IP mode file for STMicroelectronics.X-CUBE-SUBG2.5.0.0
2023-10-30 07:32:34,877 [WARN] PackLoader:240 - Cannot read IP mode file for STMicroelectronics.X-CUBE-TOF1.3.3.1
2023-10-30 07:32:34,900 [WARN] PackLoader:240 - Cannot read IP mode file for STMicroelectronics.X-CUBE-AZRTOS-G4.2.0.0
2023-10-30 07:32:34,913 [WARN] PackLoader:240 - Cannot read IP mode file for STMicroelectronics.X-CUBE-TOF1.3.3.0
2023-10-30 07:32:34,927 [WARN] PackLoader:240 - Cannot read IP mode file for STMicroelectronics.FP-ATR-ASTRA1.1.1.1
2023-10-30 07:32:34,943 [WARN] PackLoader:240 - Cannot read IP mode file for Infineon.AIROC-Wi-Fi-Bluetooth-STM32.1.5.1
2023-10-30 07:32:34,964 [WARN] PackLoader:240 - Cannot read IP mode file for STMicroelectronics.X-CUBE-AZRTOS-G4.1.0.0
2023-10-30 07:32:34,980 [WARN] PackLoader:240 - Cannot read IP mode file for STMicroelectronics.X-CUBE-AZRTOS-L4.1.0.0
2023-10-30 07:32:35,012 [WARN] PackLoader:240 - Cannot read IP mode file for STMicroelectronics.X-CUBE-MEMS1.10.0.0
2023-10-30 07:32:35,125 [WARN] PackLoader:240 - Cannot read IP mode file for STMicroelectronics.X-CUBE-FREERTOS.1.1.0
2023-10-30 07:32:35,133 [WARN] PackLoader:240 - Cannot read IP mode file for STMicroelectronics.X-CUBE-AZRTOS-WL.1.0.0
2023-10-30 07:32:35,136 [WARN] PackLoader:240 - Cannot read IP mode file for portGmbH.I-Cube-SoM-uGOAL.1.1.0
2023-10-30 07:32:35,139 [WARN] PackLoader:240 - Cannot read IP mode file for STMicroelectronics.X-CUBE-ALS.1.0.1
2023-10-30 07:32:35,148 [WARN] PackLoader:240 - Cannot read IP mode file for STMicroelectronics.X-CUBE-AZRTOS-WB.1.1.0
2023-10-30 07:32:35,159 [WARN] PackLoader:240 - Cannot read IP mode file for STMicroelectronics.X-CUBE-AZRTOS-L5.1.0.0
2023-10-30 07:32:35,163 [WARN] PackLoader:240 - Cannot read IP mode file for STMicroelectronics.X-CUBE-EEPRMA1.3.1.1
2023-10-30 07:32:35,166 [WARN] PackLoader:240 - Cannot read IP mode file for STMicroelectronics.FP-ATR-ASTRA1.2.0.0
2023-10-30 07:32:35,166 [INFO] ThirdParty:978 - Integrity check success = true
2023-10-30 07:32:35,166 [INFO] IntegrityCheckThread:100 - exiting critical section [integrity check]
2023-10-30 07:32:35,166 [INFO] IntegrityCheckThread:103 - End integrity checks thread
2023-10-30 07:33:11,370 [INFO] LogOutputStream:77 - [STDOUT_REDIRECT] Exception in update check thread
2023-10-30 07:33:11,370 [ERROR] LogOutputStream:75 - [STDERR_REDIRECT] java.lang.IllegalStateException: bundle org.eclipse.equinox.p2.repositoryis not started
2023-10-30 07:33:11,371 [ERROR] LogOutputStream:75 - [STDERR_REDIRECT] 	at org.eclipse.equinox.internal.p2.repository.Activator.getContext(Activator.java:65)
2023-10-30 07:33:11,371 [ERROR] LogOutputStream:75 - [STDERR_REDIRECT] 	at org.eclipse.equinox.internal.p2.repository.helpers.AbstractRepositoryManager.restoreFromSystemProperty(AbstractRepositoryManager.java:1013)
2023-10-30 07:33:11,371 [ERROR] LogOutputStream:75 - [STDERR_REDIRECT] 	at org.eclipse.equinox.internal.p2.repository.helpers.AbstractRepositoryManager.restoreRepositories(AbstractRepositoryManager.java:1033)
2023-10-30 07:33:11,371 [ERROR] LogOutputStream:75 - [STDERR_REDIRECT] 	at org.eclipse.equinox.internal.p2.repository.helpers.AbstractRepositoryManager.sortSuffixes(AbstractRepositoryManager.java:1112)
2023-10-30 07:33:11,372 [ERROR] LogOutputStream:75 - [STDERR_REDIRECT] 	at org.eclipse.equinox.internal.p2.repository.helpers.AbstractRepositoryManager.loadRepository(AbstractRepositoryManager.java:676)
2023-10-30 07:33:11,372 [ERROR] LogOutputStream:75 - [STDERR_REDIRECT] 	at org.eclipse.equinox.internal.p2.metadata.repository.MetadataRepositoryManager.loadRepository(MetadataRepositoryManager.java:110)
2023-10-30 07:33:11,372 [ERROR] LogOutputStream:75 - [STDERR_REDIRECT] 	at org.eclipse.equinox.internal.p2.metadata.repository.MetadataRepositoryManager.loadRepository(MetadataRepositoryManager.java:105)
2023-10-30 07:33:11,372 [ERROR] LogOutputStream:75 - [STDERR_REDIRECT] 	at org.eclipse.equinox.internal.p2.updatechecker.UpdateChecker.getAvailableRepositories(UpdateChecker.java:152)
2023-10-30 07:33:11,372 [ERROR] LogOutputStream:75 - [STDERR_REDIRECT] 	at org.eclipse.equinox.internal.p2.updatechecker.UpdateChecker.checkForUpdates(UpdateChecker.java:130)
2023-10-30 07:33:11,372 [ERROR] LogOutputStream:75 - [STDERR_REDIRECT] 	at org.eclipse.equinox.internal.p2.updatechecker.UpdateChecker$UpdateCheckThread.run(UpdateChecker.java:78)
2023-10-30 07:33:11,410 [ERROR] LogOutputStream:75 - [STDERR_REDIRECT] 
