2023-10-25 13:21:50,508 [INFO] Activator:176 - 


2023-10-25 13:21:50,512 [INFO] Activator:177 - !SESSION log4j initialized
2023-10-25 13:21:55,361 [INFO] LogOutputStream:77 - [STDOUT_REDIRECT] 
2023-10-25 13:21:56,919 [INFO] ApplicationProperties:184 - Using Application install path: /opt/st/stm32cubeide_1.13.0/../../../home/hendri/.eclipse/com.st.stm32cube.ide.mcu.rcp.product_1.13.0_139062291_linux_gtk_x86_64/plugins/com.st.stm32cube.common.mx_6.9.1.202307191849
2023-10-25 13:21:56,941 [INFO] DbMcusXml:78 - Set database path to: /opt/st/stm32cubeide_1.13.0/../../../home/hendri/.eclipse/com.st.stm32cube.ide.mcu.rcp.product_1.13.0_139062291_linux_gtk_x86_64/plugins/com.st.stm32cube.common.mx_6.9.1.202307191849//db//mcu/
2023-10-25 13:21:56,941 [INFO] ApiDb:274 - Set plugin database path to: /opt/st/stm32cubeide_1.13.0/../../../home/hendri/.eclipse/com.st.stm32cube.ide.mcu.rcp.product_1.13.0_139062291_linux_gtk_x86_64/plugins/com.st.stm32cube.common.mx_6.9.1.202307191849//db//plugins/boardmanager/
2023-10-25 13:21:56,942 [WARN] ApiDb:259 - Overriding images path with different value:  => /opt/st/stm32cubeide_1.13.0/../../../home/hendri/.eclipse/com.st.stm32cube.ide.mcu.rcp.product_1.13.0_139062291_linux_gtk_x86_64/plugins/com.st.stm32cube.common.mx_6.9.1.202307191849//db//plugins/mcufinder/images/
2023-10-25 13:21:56,952 [INFO] ApiDb:250 - Set database path to: /home/hendri/.stmcufinder/plugins/mcufinder//mcu/
2023-10-25 13:21:56,953 [INFO] DbMcusAds:125 - Set database path to: /home/hendri/.stmcufinder/plugins/mcufinder//mcu/
2023-10-25 13:21:56,956 [INFO] CrossReferenceDbSqlite:203 - Set database path to: /home/hendri/.stmcufinder/plugins/mcufinder//mcu/cs/
2023-10-25 13:21:57,077 [INFO] RulesReader:64 - Compatibility file has been processed (293 Rules)
2023-10-25 13:21:57,148 [INFO] DbMcusXml:78 - Set database path to: /opt/st/stm32cubeide_1.13.0/../../../home/hendri/.eclipse/com.st.stm32cube.ide.mcu.rcp.product_1.13.0_139062291_linux_gtk_x86_64/plugins/com.st.stm32cube.common.mx_6.9.1.202307191849//db//mcu/
2023-10-25 13:21:57,148 [INFO] ApiDb:274 - Set plugin database path to: /opt/st/stm32cubeide_1.13.0/../../../home/hendri/.eclipse/com.st.stm32cube.ide.mcu.rcp.product_1.13.0_139062291_linux_gtk_x86_64/plugins/com.st.stm32cube.common.mx_6.9.1.202307191849//db//plugins/boardmanager/
2023-10-25 13:21:57,148 [INFO] ApiDb:261 - Set plugin images path to: /opt/st/stm32cubeide_1.13.0/../../../home/hendri/.eclipse/com.st.stm32cube.ide.mcu.rcp.product_1.13.0_139062291_linux_gtk_x86_64/plugins/com.st.stm32cube.common.mx_6.9.1.202307191849//db//plugins/mcufinder/images/
2023-10-25 13:21:57,149 [WARN] DbFile:41 - Overriding database path with different value: /home/hendri/.stmcufinder/plugins/mcufinder/ => /home/hendri/.stmcufinder/plugins/mcufinder
2023-10-25 13:21:57,149 [INFO] ApiDb:250 - Set database path to: /home/hendri/.stmcufinder/plugins/mcufinder//mcu/
2023-10-25 13:21:57,149 [WARN] DbFile:41 - Overriding database path with different value: /home/hendri/.stmcufinder/plugins/mcufinder/ => /home/hendri/.stmcufinder/plugins/mcufinder
2023-10-25 13:21:57,149 [INFO] DbMcusAds:125 - Set database path to: /home/hendri/.stmcufinder/plugins/mcufinder//mcu/
2023-10-25 13:21:57,149 [WARN] DbFile:41 - Overriding database path with different value: /home/hendri/.stmcufinder/plugins/mcufinder/ => /home/hendri/.stmcufinder/plugins/mcufinder
2023-10-25 13:21:57,149 [WARN] DbFile:41 - Overriding database path with different value: /home/hendri/.stmcufinder/plugins/mcufinder/ => /home/hendri/.stmcufinder/plugins/mcufinder
2023-10-25 13:21:57,149 [INFO] CrossReferenceDbSqlite:203 - Set database path to: /home/hendri/.stmcufinder/plugins/mcufinder//mcu/cs/
2023-10-25 13:21:57,237 [INFO] MainPanel:262 - HeapMemory: 268435456
2023-10-25 13:21:57,347 [INFO] DbMcusXml:78 - Set database path to: /opt/st/stm32cubeide_1.13.0/../../../home/hendri/.eclipse/com.st.stm32cube.ide.mcu.rcp.product_1.13.0_139062291_linux_gtk_x86_64/plugins/com.st.stm32cube.common.mx_6.9.1.202307191849//db//mcu/
2023-10-25 13:21:57,347 [INFO] ApiDb:274 - Set plugin database path to: /opt/st/stm32cubeide_1.13.0/../../../home/hendri/.eclipse/com.st.stm32cube.ide.mcu.rcp.product_1.13.0_139062291_linux_gtk_x86_64/plugins/com.st.stm32cube.common.mx_6.9.1.202307191849//db//plugins/boardmanager/
2023-10-25 13:21:57,347 [INFO] ApiDb:261 - Set plugin images path to: /opt/st/stm32cubeide_1.13.0/../../../home/hendri/.eclipse/com.st.stm32cube.ide.mcu.rcp.product_1.13.0_139062291_linux_gtk_x86_64/plugins/com.st.stm32cube.common.mx_6.9.1.202307191849//db//plugins/mcufinder/images/
2023-10-25 13:21:57,348 [WARN] DbFile:41 - Overriding database path with different value: /home/hendri/.stmcufinder/plugins/mcufinder/ => /home/hendri/.stmcufinder/plugins/mcufinder
2023-10-25 13:21:57,348 [INFO] ApiDb:250 - Set database path to: /home/hendri/.stmcufinder/plugins/mcufinder//mcu/
2023-10-25 13:21:57,348 [WARN] DbFile:41 - Overriding database path with different value: /home/hendri/.stmcufinder/plugins/mcufinder/ => /home/hendri/.stmcufinder/plugins/mcufinder
2023-10-25 13:21:57,348 [INFO] DbMcusAds:125 - Set database path to: /home/hendri/.stmcufinder/plugins/mcufinder//mcu/
2023-10-25 13:21:57,349 [WARN] DbFile:41 - Overriding database path with different value: /home/hendri/.stmcufinder/plugins/mcufinder/ => /home/hendri/.stmcufinder/plugins/mcufinder
2023-10-25 13:21:57,349 [WARN] DbFile:41 - Overriding database path with different value: /home/hendri/.stmcufinder/plugins/mcufinder/ => /home/hendri/.stmcufinder/plugins/mcufinder
2023-10-25 13:21:57,349 [INFO] CrossReferenceDbSqlite:203 - Set database path to: /home/hendri/.stmcufinder/plugins/mcufinder//mcu/cs/
2023-10-25 13:21:57,365 [INFO] ApplicationProperties:184 - Using Application install path: /opt/st/stm32cubeide_1.13.0/../../../home/hendri/.eclipse/com.st.stm32cube.ide.mcu.rcp.product_1.13.0_139062291_linux_gtk_x86_64/plugins/com.st.stm32cube.common.mx_6.9.1.202307191849
2023-10-25 13:21:57,367 [INFO] PluginManage:196 - Search for loadable plugins [exclusion list=, ]
2023-10-25 13:21:57,368 [INFO] PluginManage:310 - Check plugin analytics
2023-10-25 13:21:57,529 [INFO] AnalyticsPlugin:253 - Accepted Software Licenses: 
2023-10-25 13:21:57,529 [INFO] AnalyticsPlugin:255 - Accepted CMSIS Pack Licenses: 
2023-10-25 13:21:57,529 [INFO] AnalyticsPlugin:257 - Accepted Firmware Licenses: FW.F4.1.27.0,FW.H7.1.10.0,FW.F7.1.17.0,FW.H7.1.11.0
2023-10-25 13:21:57,532 [INFO] PluginManage:359 - Loaded plugin analytics (category:tool,tabindex:-1)
2023-10-25 13:21:57,532 [INFO] PluginManage:310 - Check plugin cadmodel
2023-10-25 13:21:57,928 [INFO] CADModel:105 - Init CAD model plugin
2023-10-25 13:21:57,929 [INFO] PluginManage:359 - Loaded plugin cadmodel (category:power,tabindex:5)
2023-10-25 13:21:57,929 [INFO] PluginManage:310 - Check plugin clock
2023-10-25 13:21:57,938 [INFO] PluginManage:359 - Loaded plugin clock (category:base,tabindex:2)
2023-10-25 13:21:57,939 [INFO] PluginManage:310 - Check plugin ddr
2023-10-25 13:21:57,941 [INFO] PluginManage:359 - Loaded plugin ddr (category:tool,tabindex:6)
2023-10-25 13:21:57,941 [INFO] PluginManage:310 - Check plugin filemanager
2023-10-25 13:21:58,094 [INFO] PluginManage:359 - Loaded plugin filemanager (category:base,tabindex:10)
2023-10-25 13:21:58,094 [INFO] PluginManage:310 - Check plugin ipmanager
2023-10-25 13:21:58,100 [INFO] PluginManage:359 - Loaded plugin ipmanager (category:base,tabindex:5)
2023-10-25 13:21:58,100 [INFO] PluginManage:310 - Check plugin lpbam
2023-10-25 13:21:58,109 [INFO] PluginManage:359 - Loaded plugin lpbam (category:base,tabindex:0)
2023-10-25 13:21:58,110 [INFO] PluginManage:310 - Check plugin memorymap
2023-10-25 13:21:58,121 [INFO] PluginManage:359 - Loaded plugin memorymap (category:base,tabindex:4)
2023-10-25 13:21:58,121 [INFO] PluginManage:310 - Check plugin pinoutandconfiguration
2023-10-25 13:21:58,129 [INFO] PluginManage:359 - Loaded plugin pinoutandconfiguration (category:base,tabindex:1)
2023-10-25 13:21:58,129 [INFO] PluginManage:310 - Check plugin pinoutconfig
2023-10-25 13:21:58,226 [WARN] SupportedApi:132 - Cannot load RTOS API schema: s4s-elt-must-match.1: The content of 'definitions' must match (annotation?, (simpleType | complexType)?, (unique | key | keyref)*)). A problem was found starting at: attribute.
2023-10-25 13:21:58,379 [INFO] PluginManage:359 - Loaded plugin pinoutconfig (category:base,tabindex:0)
2023-10-25 13:21:58,379 [INFO] PluginManage:310 - Check plugin power
2023-10-25 13:21:58,400 [INFO] PluginManage:359 - Loaded plugin power (category:power,tabindex:4)
2023-10-25 13:21:58,400 [INFO] PluginManage:310 - Check plugin projectmanager
2023-10-25 13:21:58,419 [INFO] PluginManage:359 - Loaded plugin projectmanager (category:projectmanager,tabindex:3)
2023-10-25 13:21:58,419 [INFO] PluginManage:310 - Check plugin thirdparty
2023-10-25 13:21:58,546 [INFO] PluginManage:359 - Loaded plugin thirdparty (category:base,tabindex:-1)
2023-10-25 13:21:58,546 [WARN] IntegrityCheckThread:84 - waiting for thirdparty lock release [integrity check]
2023-10-25 13:21:58,547 [INFO] PluginManage:310 - Check plugin tools
2023-10-25 13:21:58,547 [INFO] IntegrityCheckThread:86 - entering critical section [integrity check]
2023-10-25 13:21:58,547 [INFO] ThirdPartyUpdaterWithRetryManager:70 - Updater plugin not ready yet. [1/15]
2023-10-25 13:21:58,549 [INFO] PluginManage:359 - Loaded plugin tools (category:base,tabindex:7)
2023-10-25 13:21:58,549 [INFO] PluginManage:310 - Check plugin tutovideos
2023-10-25 13:21:58,737 [INFO] PluginManage:359 - Loaded plugin tutovideos (category:base,tabindex:-1)
2023-10-25 13:21:58,737 [INFO] PluginManage:310 - Check plugin updater
2023-10-25 13:21:58,749 [INFO] PluginManage:359 - Loaded plugin updater (category:base,tabindex:12)
2023-10-25 13:21:58,749 [INFO] PluginManage:310 - Check plugin userauth
2023-10-25 13:21:58,754 [INFO] UserAuth:113 - Init User Auth plugin
2023-10-25 13:21:58,755 [INFO] PluginManage:359 - Loaded plugin userauth (category:base,tabindex:14)
2023-10-25 13:21:58,755 [INFO] PluginManage:283 - PluginManage : Loaded plugins [17]
2023-10-25 13:21:58,950 [INFO] PinOutPanel:1499 - setPackage(No Configuration,No Configuration)
2023-10-25 13:21:59,037 [INFO] CADModel:165 - CPN selected for project level
2023-10-25 13:21:59,037 [INFO] CADModel:114 - Register for checkConnection events
2023-10-25 13:21:59,047 [INFO] IPUIPlugin:80 - create IPUIPlugin
2023-10-25 13:21:59,047 [INFO] PluginManager:220 - loadIPPluginJar : add genericplugin
2023-10-25 13:21:59,048 [INFO] IPUIPlugin:80 - create IPUIPlugin
2023-10-25 13:21:59,049 [INFO] PluginManager:220 - loadIPPluginJar : add ltdc
2023-10-25 13:21:59,053 [INFO] IPUIPlugin:80 - create IPUIPlugin
2023-10-25 13:21:59,054 [INFO] PluginManager:220 - loadIPPluginJar : add gpio
2023-10-25 13:21:59,055 [INFO] IPUIPlugin:80 - create IPUIPlugin
2023-10-25 13:21:59,055 [INFO] PluginManager:220 - loadIPPluginJar : add comp
2023-10-25 13:21:59,061 [INFO] IPUIPlugin:80 - create IPUIPlugin
2023-10-25 13:21:59,061 [INFO] PluginManager:220 - loadIPPluginJar : add spi
2023-10-25 13:21:59,064 [INFO] IPUIPlugin:80 - create IPUIPlugin
2023-10-25 13:21:59,064 [INFO] PluginManager:220 - loadIPPluginJar : add usart
2023-10-25 13:21:59,071 [INFO] IPUIPlugin:80 - create IPUIPlugin
2023-10-25 13:21:59,074 [INFO] PluginManager:220 - loadIPPluginJar : add plateformsettings
2023-10-25 13:21:59,075 [INFO] IPUIPlugin:80 - create IPUIPlugin
2023-10-25 13:21:59,075 [INFO] PluginManager:220 - loadIPPluginJar : add fatfs
2023-10-25 13:21:59,077 [INFO] IPUIPlugin:80 - create IPUIPlugin
2023-10-25 13:21:59,077 [INFO] PluginManager:220 - loadIPPluginJar : add can
2023-10-25 13:21:59,083 [INFO] IPUIPlugin:80 - create IPUIPlugin
2023-10-25 13:21:59,083 [INFO] PluginManager:220 - loadIPPluginJar : add resmgrutility
2023-10-25 13:21:59,090 [INFO] IPUIPlugin:80 - create IPUIPlugin
2023-10-25 13:21:59,090 [INFO] PluginManager:220 - loadIPPluginJar : add linkedlist
2023-10-25 13:21:59,092 [INFO] IPUIPlugin:80 - create IPUIPlugin
2023-10-25 13:21:59,092 [INFO] PluginManager:220 - loadIPPluginJar : add usbx
2023-10-25 13:21:59,094 [INFO] IPUIPlugin:80 - create IPUIPlugin
2023-10-25 13:21:59,094 [INFO] PluginManager:220 - loadIPPluginJar : add dfsdm
2023-10-25 13:21:59,096 [INFO] IPUIPlugin:80 - create IPUIPlugin
2023-10-25 13:21:59,096 [INFO] PluginManager:220 - loadIPPluginJar : add tsc
2023-10-25 13:21:59,097 [INFO] IPUIPlugin:80 - create IPUIPlugin
2023-10-25 13:21:59,097 [INFO] PluginManager:220 - loadIPPluginJar : add quadspi
2023-10-25 13:21:59,101 [INFO] IPUIPlugin:80 - create IPUIPlugin
2023-10-25 13:21:59,101 [INFO] PluginManager:220 - loadIPPluginJar : add stm32_wpan
2023-10-25 13:21:59,104 [INFO] IPUIPlugin:80 - create IPUIPlugin
2023-10-25 13:21:59,104 [INFO] PluginManager:220 - loadIPPluginJar : add touchsensing
2023-10-25 13:21:59,106 [INFO] IPUIPlugin:80 - create IPUIPlugin
2023-10-25 13:21:59,106 [INFO] PluginManager:220 - loadIPPluginJar : add opamp
2023-10-25 13:21:59,107 [INFO] IPUIPlugin:80 - create IPUIPlugin
2023-10-25 13:21:59,107 [INFO] PluginManager:220 - loadIPPluginJar : add tim
2023-10-25 13:21:59,113 [INFO] IPUIPlugin:80 - create IPUIPlugin
2023-10-25 13:21:59,113 [INFO] PluginManager:220 - loadIPPluginJar : add freertos
2023-10-25 13:21:59,116 [INFO] IPUIPlugin:80 - create IPUIPlugin
2023-10-25 13:21:59,116 [INFO] PluginManager:220 - loadIPPluginJar : add nvic
2023-10-25 13:21:59,118 [INFO] IPUIPlugin:80 - create IPUIPlugin
2023-10-25 13:21:59,118 [INFO] PluginManager:220 - loadIPPluginJar : add ts
2023-10-25 13:21:59,122 [INFO] IPUIPlugin:80 - create IPUIPlugin
2023-10-25 13:21:59,122 [INFO] PluginManager:220 - loadIPPluginJar : add fmc
2023-10-25 13:21:59,125 [INFO] IPUIPlugin:80 - create IPUIPlugin
2023-10-25 13:21:59,125 [INFO] PluginManager:220 - loadIPPluginJar : add ipddr
2023-10-25 13:21:59,130 [INFO] IPUIPlugin:80 - create IPUIPlugin
2023-10-25 13:21:59,131 [INFO] PluginManager:220 - loadIPPluginJar : add mdma
2023-10-25 13:21:59,133 [INFO] IPUIPlugin:80 - create IPUIPlugin
2023-10-25 13:21:59,133 [INFO] PluginManager:220 - loadIPPluginJar : add ucpd
2023-10-25 13:21:59,135 [INFO] IPUIPlugin:80 - create IPUIPlugin
2023-10-25 13:21:59,135 [INFO] PluginManager:220 - loadIPPluginJar : add lorawan
2023-10-25 13:21:59,137 [INFO] IPUIPlugin:80 - create IPUIPlugin
2023-10-25 13:21:59,137 [INFO] PluginManager:220 - loadIPPluginJar : add i2c
2023-10-25 13:21:59,139 [INFO] IPUIPlugin:80 - create IPUIPlugin
2023-10-25 13:21:59,139 [INFO] PluginManager:220 - loadIPPluginJar : add aes
2023-10-25 13:21:59,141 [INFO] IPUIPlugin:80 - create IPUIPlugin
2023-10-25 13:21:59,141 [INFO] PluginManager:220 - loadIPPluginJar : add tracer_emb
2023-10-25 13:21:59,143 [INFO] IPUIPlugin:80 - create IPUIPlugin
2023-10-25 13:21:59,143 [INFO] PluginManager:220 - loadIPPluginJar : add sai
2023-10-25 13:21:59,145 [INFO] IPUIPlugin:80 - create IPUIPlugin
2023-10-25 13:21:59,145 [INFO] PluginManager:220 - loadIPPluginJar : add hash
2023-10-25 13:21:59,147 [INFO] IPUIPlugin:80 - create IPUIPlugin
2023-10-25 13:21:59,147 [INFO] PluginManager:220 - loadIPPluginJar : add i2s
2023-10-25 13:21:59,149 [INFO] IPUIPlugin:80 - create IPUIPlugin
2023-10-25 13:21:59,149 [INFO] PluginManager:220 - loadIPPluginJar : add cryp
2023-10-25 13:21:59,152 [INFO] IPUIPlugin:80 - create IPUIPlugin
2023-10-25 13:21:59,152 [INFO] PluginManager:220 - loadIPPluginJar : add gtzc
2023-10-25 13:21:59,154 [INFO] IPUIPlugin:80 - create IPUIPlugin
2023-10-25 13:21:59,154 [INFO] PluginManager:220 - loadIPPluginJar : add dma3
2023-10-25 13:21:59,156 [INFO] IPUIPlugin:80 - create IPUIPlugin
2023-10-25 13:21:59,156 [INFO] PluginManager:220 - loadIPPluginJar : add pdm2pcm
2023-10-25 13:21:59,161 [INFO] IPUIPlugin:80 - create IPUIPlugin
2023-10-25 13:21:59,161 [INFO] PluginManager:220 - loadIPPluginJar : add adc
2023-10-25 13:21:59,163 [INFO] IPUIPlugin:80 - create IPUIPlugin
2023-10-25 13:21:59,163 [INFO] PluginManager:220 - loadIPPluginJar : add gfxmmu
2023-10-25 13:21:59,168 [INFO] IPUIPlugin:80 - create IPUIPlugin
2023-10-25 13:21:59,168 [INFO] PluginManager:220 - loadIPPluginJar : add dma
2023-10-25 13:21:59,173 [INFO] IPUIPlugin:80 - create IPUIPlugin
2023-10-25 13:21:59,173 [INFO] PluginManager:220 - loadIPPluginJar : add gic
2023-10-25 13:21:59,175 [INFO] IPUIPlugin:80 - create IPUIPlugin
2023-10-25 13:21:59,175 [INFO] PluginManager:220 - loadIPPluginJar : add i3c
2023-10-25 13:21:59,177 [INFO] IPUIPlugin:80 - create IPUIPlugin
2023-10-25 13:21:59,178 [INFO] PluginManager:220 - loadIPPluginJar : add openamp
2023-10-25 13:21:59,279 [INFO] CADModel:165 - CPN selected for project level
2023-10-25 13:21:59,279 [INFO] CADModel:114 - Register for checkConnection events
2023-10-25 13:21:59,279 [FATAL] Updater:308 - Updater called before beeing initialized
2023-10-25 13:21:59,280 [ERROR] CADModel:125 - Updater not yet initialized, retry later 
2023-10-25 13:21:59,421 [INFO] CADModel:165 - CPN selected for project level
2023-10-25 13:21:59,422 [INFO] CADModel:114 - Register for checkConnection events
2023-10-25 13:21:59,422 [FATAL] Updater:308 - Updater called before beeing initialized
2023-10-25 13:21:59,422 [ERROR] CADModel:125 - Updater not yet initialized, retry later 
2023-10-25 13:21:59,425 [FATAL] Updater:308 - Updater called before beeing initialized
2023-10-25 13:21:59,507 [FATAL] Updater:308 - Updater called before beeing initialized
2023-10-25 13:21:59,513 [INFO] DbMcusAds:53 - JSON generation date=Tue Mar 07 15:50:55 WIB 2023 (1678179055114)
2023-10-25 13:21:59,513 [FATAL] Updater:308 - Updater called before beeing initialized
2023-10-25 13:21:59,556 [WARN] DetailPanel:346 - Failed to get advertising image, set to default
2023-10-25 13:21:59,676 [FATAL] Updater:308 - Updater called before beeing initialized
2023-10-25 13:21:59,678 [FATAL] Updater:308 - Updater called before beeing initialized
2023-10-25 13:21:59,678 [FATAL] Updater:308 - Updater called before beeing initialized
2023-10-25 13:21:59,679 [WARN] DetailPanel:346 - Failed to get advertising image, set to default
2023-10-25 13:21:59,679 [FATAL] Updater:308 - Updater called before beeing initialized
2023-10-25 13:21:59,710 [ERROR] Updater:1120 - MainUpdater not yet initialized. External WinMGr cannot be set.
2023-10-25 13:21:59,711 [INFO] Updater:1056 - Updater Version found : 6.9.1
2023-10-25 13:21:59,731 [INFO] ApplicationProperties:184 - Using Application install path: /opt/st/stm32cubeide_1.13.0/../../../home/hendri/.eclipse/com.st.stm32cube.ide.mcu.rcp.product_1.13.0_139062291_linux_gtk_x86_64/plugins/com.st.stm32cube.common.mx_6.9.1.202307191849
2023-10-25 13:21:59,864 [INFO] MainUpdater:2868 - connection check result : 10
2023-10-25 13:21:59,864 [INFO] MainUpdater:285 - Updater Check For Update Now.
2023-10-25 13:21:59,865 [INFO] MicroXplorer:498 - Change Database Version : DB.6.0.91
2023-10-25 13:21:59,870 [INFO] McuFinderGlobals:63 - Set McuFinder mode to 2 (CubeIDE integrated)
2023-10-25 13:21:59,870 [INFO] UserAuth:179 - activating auth plugin
2023-10-25 13:21:59,874 [INFO] UserAuth:393 - Internet connection configuration mode: 1
2023-10-25 13:21:59,892 [INFO] JxBrowserEngine:151 - Initiate JxBrowser Engine with user profile folder
2023-10-25 13:22:00,081 [INFO] CheckServerUpdateThread:120 - End of CheckServer Thread
2023-10-25 13:22:00,724 [INFO] WebApp:157 - Instantiating new browser for Auth
2023-10-25 13:22:01,694 [WARN] PackLoader:240 - Cannot read IP mode file for STMicroelectronics.X-CUBE-SMBUS.2.1.0
2023-10-25 13:22:01,728 [WARN] PackLoader:240 - Cannot read IP mode file for STMicroelectronics.X-CUBE-AZRTOS-F7.1.1.0
2023-10-25 13:22:01,739 [WARN] PackLoader:240 - Cannot read IP mode file for STMicroelectronics.FP-SNS-MOTENV1.4.3.2
2023-10-25 13:22:01,746 [WARN] PackLoader:240 - Cannot read IP mode file for STMicroelectronics.FP-SNS-FLIGHT1.5.0.1
2023-10-25 13:22:01,752 [WARN] PackLoader:240 - Cannot read IP mode file for STMicroelectronics.X-CUBE-BLE1.6.2.3
2023-10-25 13:22:01,757 [WARN] PackLoader:240 - Cannot read IP mode file for STMicroelectronics.X-CUBE-BLE1.6.2.4
2023-10-25 13:22:01,761 [WARN] PackLoader:240 - Cannot read IP mode file for STMicroelectronics.FP-SNS-FLIGHT1.5.0.2
2023-10-25 13:22:01,768 [WARN] PackLoader:240 - Cannot read IP mode file for STMicroelectronics.X-CUBE-DISPLAY.3.0.0
2023-10-25 13:22:01,779 [WARN] PackLoader:240 - Cannot read IP mode file for STMicroelectronics.X-CUBE-BLE1.7.0.0
2023-10-25 13:22:01,784 [WARN] PackLoader:240 - Cannot read IP mode file for emotas.I-CUBE-CANOPEN.1.3.0
2023-10-25 13:22:01,787 [WARN] PackLoader:240 - Cannot read IP mode file for STMicroelectronics.X-CUBE-TOUCHGFX.4.22.0
2023-10-25 13:22:01,789 [WARN] PackLoader:240 - Cannot read IP mode file for STMicroelectronics.X-CUBE-TOUCHGFX.4.22.1
2023-10-25 13:22:01,883 [WARN] PackLoader:240 - Cannot read IP mode file for STMicroelectronics.X-CUBE-MEMS1.9.3.0
2023-10-25 13:22:02,071 [WARN] PackLoader:240 - Cannot read IP mode file for STMicroelectronics.FP-SNS-SMARTAG2.1.2.0
2023-10-25 13:22:02,081 [INFO] LogOutputStream:77 - [STDOUT_REDIRECT] 1 : Invalid condition id : UX_CORESTACK_Condition cause : null
2023-10-25 13:22:02,082 [INFO] LogOutputStream:77 - [STDOUT_REDIRECT] 1 : Invalid condition id : UX_CORESTACK_Condition cause : null
2023-10-25 13:22:02,082 [INFO] LogOutputStream:77 - [STDOUT_REDIRECT] 1 : Invalid condition id : UX_CORESTACK_Condition cause : null
2023-10-25 13:22:02,082 [INFO] LogOutputStream:77 - [STDOUT_REDIRECT] 1 : Invalid condition id : UX_CORESTACK_Condition cause : null
2023-10-25 13:22:02,083 [INFO] LogOutputStream:77 - [STDOUT_REDIRECT] 1 : Invalid condition id : UX_CORESTACK_Condition cause : null
2023-10-25 13:22:02,086 [WARN] PackLoader:240 - Cannot read IP mode file for STMicroelectronics.X-CUBE-AZRTOS-WL.2.0.0
2023-10-25 13:22:02,094 [WARN] PackLoader:240 - Cannot read IP mode file for WES.I-CUBE-Cesium.1.3.0
2023-10-25 13:22:02,098 [WARN] PackLoader:240 - Cannot read IP mode file for STMicroelectronics.X-CUBE-BLE2.3.3.0
2023-10-25 13:22:02,104 [WARN] PackLoader:240 - Cannot read IP mode file for STMicroelectronics.X-CUBE-DISPLAY.2.2.0
2023-10-25 13:22:02,121 [WARN] PackLoader:240 - Cannot read IP mode file for STMicroelectronics.X-CUBE-TOF1.3.2.0
2023-10-25 13:22:02,163 [WARN] PackLoader:240 - Cannot read IP mode file for STMicroelectronics.X-CUBE-AZRTOS-H7.2.1.0
2023-10-25 13:22:02,173 [WARN] PackLoader:240 - Cannot read IP mode file for STMicroelectronics.X-CUBE-AI.7.3.0
2023-10-25 13:22:02,180 [WARN] PackLoader:240 - Cannot read IP mode file for STMicroelectronics.X-CUBE-ALGOBUILD.1.3.0
2023-10-25 13:22:02,207 [WARN] PackLoader:240 - Cannot read IP mode file for STMicroelectronics.X-CUBE-AZRTOS-G0.1.1.0
2023-10-25 13:22:02,231 [WARN] PackLoader:240 - Cannot read IP mode file for STMicroelectronics.X-CUBE-NFC4.3.0.0
2023-10-25 13:22:02,269 [WARN] PackLoader:240 - Cannot read IP mode file for SEGGER.I-CUBE-embOS.1.2.1
2023-10-25 13:22:02,320 [WARN] PackLoader:240 - Cannot read IP mode file for STMicroelectronics.FP-ATR-SIGFOX1.3.2.0
2023-10-25 13:22:02,322 [WARN] PackLoader:240 - Cannot read IP mode file for STMicroelectronics.X-CUBE-TOUCHGFX.4.20.0
2023-10-25 13:22:02,349 [WARN] PackLoader:240 - Cannot read IP mode file for SEGGER.I-CUBE-embOS.1.3.1
2023-10-25 13:22:02,393 [WARN] PackLoader:240 - Cannot read IP mode file for STMicroelectronics.X-CUBE-GNSS1.6.0.0
2023-10-25 13:22:02,420 [WARN] PackLoader:240 - Cannot read IP mode file for STMicroelectronics.X-CUBE-AZRTOS-F4.1.1.0
2023-10-25 13:22:02,428 [WARN] PackLoader:240 - Cannot read IP mode file for wolfSSL.I-CUBE-wolfSSL.5.6.3
2023-10-25 13:22:02,438 [WARN] PackLoader:240 - Cannot read IP mode file for STMicroelectronics.X-CUBE-BLEMGR.1.2.0
2023-10-25 13:22:02,458 [WARN] PackLoader:240 - Cannot read IP mode file for STMicroelectronics.X-CUBE-AZRTOS-L5.2.0.0
2023-10-25 13:22:02,493 [INFO] WebApp:753 - Register for checkConnection events
2023-10-25 13:22:02,493 [INFO] WebApp:390 - Apply proxy settings
2023-10-25 13:22:02,494 [INFO] WebApp:475 - Chromium requires no authentication
2023-10-25 13:22:02,504 [INFO] WebApp:418 - Direct internet connection detected
2023-10-25 13:22:02,523 [WARN] PackLoader:240 - Cannot read IP mode file for STMicroelectronics.X-CUBE-MEMS1.9.6.0
2023-10-25 13:22:02,722 [INFO] WebApp:188 - Starting web application
2023-10-25 13:22:02,722 [INFO] WebApp:520 - Web application path used /opt/st/stm32cubeide_1.13.0/../../../home/hendri/.eclipse/com.st.stm32cube.ide.mcu.rcp.product_1.13.0_139062291_linux_gtk_x86_64/plugins/com.st.stm32cube.common.mx_6.9.1.202307191849/db/plugins/mcufinder/reactClient1/index.html
2023-10-25 13:22:02,760 [WARN] PackLoader:240 - Cannot read IP mode file for ITTIA_DB.I-CUBE-ITTIADB.8.8.0
2023-10-25 13:22:02,767 [WARN] PackLoader:240 - Cannot read IP mode file for emotas.I-CUBE-CANOPEN.1.1.3
2023-10-25 13:22:02,776 [WARN] PackLoader:240 - Cannot read IP mode file for STMicroelectronics.X-CUBE-BLEMGR.2.0.0
2023-10-25 13:22:02,784 [WARN] PackLoader:240 - Cannot read IP mode file for STMicroelectronics.X-CUBE-NFC4.2.0.5
2023-10-25 13:22:02,791 [WARN] PackLoader:240 - Cannot read IP mode file for STMicroelectronics.X-CUBE-NFC4.2.0.4
2023-10-25 13:22:02,823 [WARN] ConditionMgr:438 - getConditionDescription Invalid condition id : UX DEVICE CLASS RTOS Condition cause : null
2023-10-25 13:22:02,824 [WARN] ConditionMgr:438 - getConditionDescription Invalid condition id : UX DEVICE CLASS RTOS Condition cause : null
2023-10-25 13:22:02,830 [WARN] PackLoader:240 - Cannot read IP mode file for STMicroelectronics.X-CUBE-AZRTOS-H7.3.1.0
2023-10-25 13:22:02,832 [WARN] ConditionMgr:1039 - genDependencies : Invalid condition id : UX DEVICE CLASS RTOS Condition cause : null
2023-10-25 13:22:02,833 [WARN] ConditionMgr:1039 - genDependencies : Invalid condition id : UX DEVICE CLASS RTOS Condition cause : null
2023-10-25 13:22:02,834 [WARN] ConditionMgr:1039 - genDependencies : Invalid condition id : UX DEVICE CLASS RTOS Condition cause : null
2023-10-25 13:22:02,835 [WARN] ConditionMgr:1039 - genDependencies : Invalid condition id : UX DEVICE CLASS RTOS Condition cause : null
2023-10-25 13:22:02,835 [WARN] ConditionMgr:1039 - genDependencies : Invalid condition id : UX DEVICE CLASS RTOS Condition cause : null
2023-10-25 13:22:02,842 [WARN] PackLoader:240 - Cannot read IP mode file for wolfSSL.I-CUBE-wolfSSL.5.5.3
2023-10-25 13:22:02,848 [WARN] PackLoader:240 - Cannot read IP mode file for STMicroelectronics.X-CUBE-NFC7.1.0.1
2023-10-25 13:22:02,856 [WARN] PackLoader:240 - Cannot read IP mode file for STMicroelectronics.X-CUBE-NFC7.1.0.0
2023-10-25 13:22:02,865 [WARN] PackLoader:240 - Cannot read IP mode file for STMicroelectronics.X-CUBE-NFC6.3.0.0
2023-10-25 13:22:02,879 [WARN] PackLoader:240 - Cannot read IP mode file for STMicroelectronics.X-CUBE-EEPRMA1.4.1.0
2023-10-25 13:22:02,884 [WARN] PackLoader:240 - Cannot read IP mode file for STMicroelectronics.X-CUBE-AI.8.1.0
2023-10-25 13:22:02,899 [WARN] ConditionMgr:438 - getConditionDescription Invalid condition id : LAN8742 Phy interface Condition cause : null
2023-10-25 13:22:02,900 [WARN] PackLoader:240 - Cannot read IP mode file for STMicroelectronics.X-CUBE-AZRTOS-L4.2.0.0
2023-10-25 13:22:02,903 [WARN] ConditionMgr:1039 - genDependencies : Invalid condition id : LAN8742 Phy interface Condition cause : null
2023-10-25 13:22:02,903 [WARN] ConditionMgr:1039 - genDependencies : Invalid condition id : LAN8742 Phy interface Condition cause : null
2023-10-25 13:22:02,904 [WARN] ConditionMgr:1039 - genDependencies : Invalid condition id : LAN8742 Phy interface Condition cause : null
2023-10-25 13:22:02,919 [WARN] PackLoader:240 - Cannot read IP mode file for STMicroelectronics.X-CUBE-SFXS2LP1.4.0.0
2023-10-25 13:22:02,926 [WARN] PackLoader:240 - Cannot read IP mode file for STMicroelectronics.X-CUBE-ISPU.1.1.0
2023-10-25 13:22:02,935 [WARN] PackLoader:240 - Cannot read IP mode file for RoweBots.I-CUBE-UNISONRTOS.5.5.0-4
2023-10-25 13:22:02,957 [WARN] ConditionMgr:438 - getConditionDescription Invalid condition id : UX DEVICE CLASS RTOS Condition cause : null
2023-10-25 13:22:02,957 [WARN] ConditionMgr:438 - getConditionDescription Invalid condition id : UX DEVICE CLASS RTOS Condition cause : null
2023-10-25 13:22:02,962 [WARN] PackLoader:240 - Cannot read IP mode file for STMicroelectronics.X-CUBE-AZRTOS-WB.2.0.0
2023-10-25 13:22:02,963 [WARN] ConditionMgr:1039 - genDependencies : Invalid condition id : UX DEVICE CLASS RTOS Condition cause : null
2023-10-25 13:22:02,963 [WARN] ConditionMgr:1039 - genDependencies : Invalid condition id : UX DEVICE CLASS RTOS Condition cause : null
2023-10-25 13:22:02,964 [WARN] ConditionMgr:1039 - genDependencies : Invalid condition id : UX DEVICE CLASS RTOS Condition cause : null
2023-10-25 13:22:02,965 [WARN] ConditionMgr:1039 - genDependencies : Invalid condition id : UX DEVICE CLASS RTOS Condition cause : null
2023-10-25 13:22:02,965 [WARN] ConditionMgr:1039 - genDependencies : Invalid condition id : UX DEVICE CLASS RTOS Condition cause : null
2023-10-25 13:22:02,973 [WARN] PackLoader:240 - Cannot read IP mode file for STMicroelectronics.X-CUBE-FREERTOS.1.0.1
2023-10-25 13:22:02,996 [WARN] PackLoader:240 - Cannot read IP mode file for STMicroelectronics.X-CUBE-AZRTOS-L5.1.1.0
2023-10-25 13:22:03,006 [WARN] PackLoader:240 - Cannot read IP mode file for STMicroelectronics.X-CUBE-AI.8.0.1
2023-10-25 13:22:03,020 [WARN] PackLoader:240 - Cannot read IP mode file for STMicroelectronics.X-CUBE-SUBG2.5.0.0
2023-10-25 13:22:03,044 [WARN] PackLoader:240 - Cannot read IP mode file for STMicroelectronics.X-CUBE-TOF1.3.3.1
2023-10-25 13:22:03,075 [WARN] PackLoader:240 - Cannot read IP mode file for STMicroelectronics.X-CUBE-AZRTOS-G4.2.0.0
2023-10-25 13:22:03,087 [WARN] PackLoader:240 - Cannot read IP mode file for STMicroelectronics.X-CUBE-TOF1.3.3.0
2023-10-25 13:22:03,100 [WARN] PackLoader:240 - Cannot read IP mode file for STMicroelectronics.FP-ATR-ASTRA1.1.1.1
2023-10-25 13:22:03,111 [WARN] PackLoader:240 - Cannot read IP mode file for Infineon.AIROC-Wi-Fi-Bluetooth-STM32.1.5.1
2023-10-25 13:22:03,129 [WARN] PackLoader:240 - Cannot read IP mode file for STMicroelectronics.X-CUBE-AZRTOS-G4.1.0.0
2023-10-25 13:22:03,148 [WARN] PackLoader:240 - Cannot read IP mode file for STMicroelectronics.X-CUBE-AZRTOS-L4.1.0.0
2023-10-25 13:22:03,190 [WARN] PackLoader:240 - Cannot read IP mode file for STMicroelectronics.X-CUBE-MEMS1.10.0.0
2023-10-25 13:22:03,321 [WARN] PackLoader:240 - Cannot read IP mode file for STMicroelectronics.X-CUBE-FREERTOS.1.1.0
2023-10-25 13:22:03,331 [WARN] PackLoader:240 - Cannot read IP mode file for STMicroelectronics.X-CUBE-AZRTOS-WL.1.0.0
2023-10-25 13:22:03,337 [WARN] PackLoader:240 - Cannot read IP mode file for portGmbH.I-Cube-SoM-uGOAL.1.1.0
2023-10-25 13:22:03,340 [WARN] PackLoader:240 - Cannot read IP mode file for STMicroelectronics.X-CUBE-ALS.1.0.1
2023-10-25 13:22:03,351 [WARN] PackLoader:240 - Cannot read IP mode file for STMicroelectronics.X-CUBE-AZRTOS-WB.1.1.0
2023-10-25 13:22:03,363 [WARN] PackLoader:240 - Cannot read IP mode file for STMicroelectronics.X-CUBE-AZRTOS-L5.1.0.0
2023-10-25 13:22:03,368 [WARN] PackLoader:240 - Cannot read IP mode file for STMicroelectronics.X-CUBE-EEPRMA1.3.1.1
2023-10-25 13:22:03,370 [WARN] PackLoader:240 - Cannot read IP mode file for STMicroelectronics.FP-ATR-ASTRA1.2.0.0
2023-10-25 13:22:03,371 [INFO] ThirdParty:978 - Integrity check success = true
2023-10-25 13:22:03,371 [INFO] IntegrityCheckThread:100 - exiting critical section [integrity check]
2023-10-25 13:22:03,372 [INFO] IntegrityCheckThread:103 - End integrity checks thread
2023-10-25 15:12:35,190 [ERROR] ConfigurationRetriever:142 - IOException on connection: No subject alternative DNS name matching sw-center.st.com found.
2023-10-25 15:12:35,200 [ERROR] ConfigurationRetriever:142 - IOException on connection: No subject alternative DNS name matching sw-center.st.com found.
2023-10-25 15:12:35,209 [ERROR] ConfigurationRetriever:142 - IOException on connection: No subject alternative DNS name matching sw-center.st.com found.
2023-10-25 15:12:35,749 [ERROR] LogOutputStream:75 - [STDERR_REDIRECT] 
